#
# A fatal error has been detected by the Java Runtime Environment:
#
#  SIGSEGV (0xb) at pc=0x00007ffbed2aef09, pid=7417, tid=7439
#
# JRE version: OpenJDK Runtime Environment (13.0.4+8) (build 13.0.4+8-Ubuntu-120.04)
# Java VM: OpenJDK 64-Bit Server VM (13.0.4+8-Ubuntu-120.04, mixed mode, tiered, compressed oops, g1 gc, linux-amd64)
# Problematic frame:
# V  [libjvm.so+0x7e8f09]
#
# Core dump will be written. Default location: Core dumps may be processed with "/usr/share/apport/apport %p %s %c %d %P %E" (or dumping to /home/javier/Escritorio/repoJavierCampos/programacionJava/SimulacroColecciones/core.7417)
#
# If you would like to submit a bug report, please visit:
#   Unknown
#

---------------  S U M M A R Y ------------

Command Line: -agentlib:jdwp=transport=dt_socket,suspend=y,address=localhost:35639 -javaagent:/home/javier/Escritorio/eclipse/java-2020-12/eclipse/configuration/org.eclipse.osgi/671/0/.cp/lib/javaagent-shaded.jar -Dfile.encoding=UTF-8 empresa.MainPrueba

Host: Intel(R) Core(TM) i7-9750H CPU @ 2.60GHz, 12 cores, 15G, Ubuntu 20.04.2 LTS
Time: Tue Apr 27 18:21:34 2021 CEST elapsed time: 354 seconds (0d 0h 5m 54s)

---------------  T H R E A D  ---------------

Current thread (0x00007ffbe83d0800):  JavaThread "JDWP Transport Listener: dt_socket" daemon [_thread_in_vm, id=7439, stack(0x00007ffbb6372000,0x00007ffbb6473000)] _threads_hazard_ptr=0x00007ffb780023b0

Stack: [0x00007ffbb6372000,0x00007ffbb6473000],  sp=0x00007ffbb6471250,  free space=1020k
Native frames: (J=compiled Java code, A=aot compiled Java code, j=interpreted, Vv=VM code, C=native code)
V  [libjvm.so+0x7e8f09]
V  [libjvm.so+0x7ed3f3]
V  [libjvm.so+0x7eee84]
V  [libjvm.so+0x7ef153]
V  [libjvm.so+0xc2c814]
V  [libjvm.so+0xc2d4fb]
V  [libjvm.so+0xc2da0b]
V  [libjvm.so+0xbce00e]
V  [libjvm.so+0xf78516]
V  [libjvm.so+0xa67ae8]
V  [libjvm.so+0xa67c0c]
V  [libjvm.so+0xf8ff73]
V  [libjvm.so+0xa45045]
V  [libjvm.so+0x9f7b99]
C  [libjdwp.so+0x8e5d]
C  [libjdwp.so+0x125a8]
C  [libjdwp.so+0x24e3b]
V  [libjvm.so+0xa65fc3]
V  [libjvm.so+0xf16d1e]
V  [libjvm.so+0xf1c16f]
V  [libjvm.so+0xc4371f]


siginfo: si_signo: 11 (SIGSEGV), si_code: 1 (SEGV_MAPERR), si_addr: 0x0000000000000006

Register to memory mapping:

RAX=0x0 is NULL
RBX=0x0000000000000001 is an unknown value
RCX=0x00000000000000ca is an unknown value
RDX=0x0 is NULL
RSP=0x00007ffbb6471250 is pointing into the stack for thread: 0x00007ffbe83d0800
RBP=0x00007ffbb64712a0 is pointing into the stack for thread: 0x00007ffbe83d0800
RSI=0x0 is NULL
RDI=0x00007ffbb5c81580 is pointing into metadata
R8 =0x0000000000000059 is an unknown value
R9 =0x0 is NULL
R10=0x0 is NULL
R11=0x0000000000000009 is an unknown value
R12=0x00007ffbb6471510 is pointing into the stack for thread: 0x00007ffbe83d0800
R13=0x0 is NULL
R14=0x0000000000000059 is an unknown value
R15=0x00007ffbb5c81580 is pointing into metadata


Registers:
RAX=0x0000000000000000, RBX=0x0000000000000001, RCX=0x00000000000000ca, RDX=0x0000000000000000
RSP=0x00007ffbb6471250, RBP=0x00007ffbb64712a0, RSI=0x0000000000000000, RDI=0x00007ffbb5c81580
R8 =0x0000000000000059, R9 =0x0000000000000000, R10=0x0000000000000000, R11=0x0000000000000009
R12=0x00007ffbb6471510, R13=0x0000000000000000, R14=0x0000000000000059, R15=0x00007ffbb5c81580
RIP=0x00007ffbed2aef09, EFLAGS=0x0000000000010246, CSGSFS=0x002b000000000033, ERR=0x0000000000000004
  TRAPNO=0x000000000000000e

Top of Stack: (sp=0x00007ffbb6471250)
0x00007ffbb6471250:   0000000046000026 0000000a00000064
0x00007ffbb6471260:   8fffffff2fffffff 00007ffbede6ee30
0x00007ffbb6471270:   00007ffbb64712f0 0000000000000063
0x00007ffbb6471280:   00000000000000b4 00007ffbb64712f0 

Instructions: (pc=0x00007ffbed2aef09)
0x00007ffbed2aee09:   1f 84 00 00 00 00 00 48 63 43 58 49 83 c5 04 3b
0x00007ffbed2aee19:   43 24 7d 73 48 63 73 20 41 8b 4d fc 8d 78 01 48
0x00007ffbed2aee29:   8b 53 48 89 7b 58 48 01 f0 89 0c 82 41 8b 45 00
0x00007ffbed2aee39:   85 c0 75 d3 48 83 c4 08 5b 41 5c 41 5d 41 5e 41
0x00007ffbed2aee49:   5f 5d c3 0f 1f 40 00 4c 89 e6 48 89 df 31 c0 e8
0x00007ffbed2aee59:   93 f2 ff ff 45 8b 3e 45 85 ff 74 92 8b 43 58 49
0x00007ffbed2aee69:   83 c6 04 85 c0 0f 8f 5b ff ff ff 31 c0 4c 89 e6
0x00007ffbed2aee79:   48 89 df e8 6f f2 ff ff 8b 05 b9 ff bb 00 e9 59
0x00007ffbed2aee89:   ff ff ff 0f 1f 40 00 4c 89 e6 48 89 df 31 c0 e8
0x00007ffbed2aee99:   53 f2 ff ff 41 8b 55 00 85 d2 0f 85 67 ff ff ff
0x00007ffbed2aeea9:   48 83 c4 08 5b 41 5c 41 5d 41 5e 41 5f 5d c3 0f
0x00007ffbed2aeeb9:   1f 84 00 00 00 00 00 f3 0f 1e fa 55 48 89 e5 41
0x00007ffbed2aeec9:   57 41 56 45 89 c6 41 55 41 89 d5 31 d2 41 54 49
0x00007ffbed2aeed9:   89 fc 53 89 f3 89 ce 48 83 ec 28 48 8b 47 08 48
0x00007ffbed2aeee9:   8b 40 08 4c 8b 78 08 4c 89 ff e8 48 79 e7 ff 4c
0x00007ffbed2aeef9:   89 ff 89 c6 e8 ee 7a e7 ff 48 98 49 8b 44 c7 40
0x00007ffbed2aef09:   0f b6 40 06 3c 4c 0f 84 bb 00 00 00 3c 5b 0f 84
0x00007ffbed2aef19:   b3 00 00 00 3c 4a 0f 84 8b 00 00 00 3c 44 0f 84
0x00007ffbed2aef29:   83 00 00 00 3c 56 48 8d 15 02 ff bb 00 48 8d 05
0x00007ffbed2aef39:   0b ff bb 00 48 0f 44 d0 85 db 75 76 8b 32 85 f6
0x00007ffbed2aef49:   0f 84 c1 00 00 00 8b 3d 33 fe bb 00 31 c0 48 8d
0x00007ffbed2aef59:   75 c0 0f 1f 44 00 00 8b 0c 82 8d 58 01 89 0c 86
0x00007ffbed2aef69:   48 83 c0 01 8b 0c 82 85 c9 75 ec 48 8d 15 cd fe
0x00007ffbed2aef79:   bb 00 45 85 ed 75 10 8b 0d fa fd bb 00 48 63 c3
0x00007ffbed2aef89:   83 c3 01 89 4c 85 c0 48 63 db 89 7c 9d c0 4c 89
0x00007ffbed2aef99:   e7 e8 f1 fd ff ff 48 83 c4 28 5b 41 5c 41 5d 41
0x00007ffbed2aefa9:   5e 41 5f 5d c3 66 90 48 8d 15 49 fe bb 00 85 db
0x00007ffbed2aefb9:   74 8a 8b 3d c7 fd bb 00 31 db 48 8d 75 c0 eb b2
0x00007ffbed2aefc9:   0f 1f 80 00 00 00 00 8b 3d b2 fd bb 00 41 81 e6
0x00007ffbed2aefd9:   ff ff ff 00 48 8d 55 b0 41 81 ce 00 00 00 46 44
0x00007ffbed2aefe9:   89 75 b0 89 7d b4 85 db 0f 84 5e ff ff ff 31 db
0x00007ffbed2aeff9:   48 8d 55 b0 48 8d 75 c0 e9 75 ff ff ff 66 2e 0f 


Stack slot to memory mapping:
stack at sp + 0 slots: 0x0000000046000026 is an unknown value
stack at sp + 1 slots: 0x0000000a00000064 is an unknown value
stack at sp + 2 slots: 0x8fffffff2fffffff is an unknown value
stack at sp + 3 slots: 0x00007ffbede6ee30: <offset 0x00000000013a8e30> in /usr/lib/jvm/java-13-openjdk-amd64/lib/server/libjvm.so at 0x00007ffbecac6000
stack at sp + 4 slots: 0x00007ffbb64712f0 is pointing into the stack for thread: 0x00007ffbe83d0800
stack at sp + 5 slots: 0x0000000000000063 is an unknown value
stack at sp + 6 slots: 0x00000000000000b4 is an unknown value
stack at sp + 7 slots: 0x00007ffbb64712f0 is pointing into the stack for thread: 0x00007ffbe83d0800


---------------  P R O C E S S  ---------------

Threads class SMR info:
_java_thread_list=0x00007ffb780023b0, length=12, elements={
0x00007ffbe801a800, 0x00007ffbe826e000, 0x00007ffbe8271000, 0x00007ffbe8296000,
0x00007ffbe8298000, 0x00007ffbe829a000, 0x00007ffbe829c000, 0x00007ffbe836d800,
0x00007ffbe83d0800, 0x00007ffbe83d4800, 0x00007ffb8c001800, 0x00007ffbe84ba800
}

Java Threads: ( => current thread )
  0x00007ffbe801a800 JavaThread "main" [_thread_blocked, id=7423, stack(0x00007ffbec67a000,0x00007ffbec77b000)]
  0x00007ffbe826e000 JavaThread "Reference Handler" daemon [_thread_blocked, id=7431, stack(0x00007ffbb7277000,0x00007ffbb7378000)]
  0x00007ffbe8271000 JavaThread "Finalizer" daemon [_thread_blocked, id=7432, stack(0x00007ffbb7176000,0x00007ffbb7277000)]
  0x00007ffbe8296000 JavaThread "Signal Dispatcher" daemon [_thread_blocked, id=7433, stack(0x00007ffbb6877000,0x00007ffbb6978000)]
  0x00007ffbe8298000 JavaThread "C2 CompilerThread0" daemon [_thread_blocked, id=7434, stack(0x00007ffbb6776000,0x00007ffbb6877000)]
  0x00007ffbe829a000 JavaThread "C1 CompilerThread0" daemon [_thread_blocked, id=7435, stack(0x00007ffbb6675000,0x00007ffbb6776000)]
  0x00007ffbe829c000 JavaThread "Sweeper thread" daemon [_thread_blocked, id=7436, stack(0x00007ffbb6574000,0x00007ffbb6675000)]
  0x00007ffbe836d800 JavaThread "Common-Cleaner" daemon [_thread_blocked, id=7437, stack(0x00007ffbb6473000,0x00007ffbb6574000)]
=>0x00007ffbe83d0800 JavaThread "JDWP Transport Listener: dt_socket" daemon [_thread_in_vm, id=7439, stack(0x00007ffbb6372000,0x00007ffbb6473000)]
  0x00007ffbe83d4800 JavaThread "JDWP Event Helper Thread" daemon [_thread_blocked, id=7441, stack(0x00007ffbb6271000,0x00007ffbb6372000)]
  0x00007ffb8c001800 JavaThread "JDWP Command Reader" daemon [_thread_in_native, id=7443, stack(0x00007ffbb6170000,0x00007ffbb6271000)]
  0x00007ffbe84ba800 JavaThread "Service Thread" daemon [_thread_blocked, id=7447, stack(0x00007ffbb5f6e000,0x00007ffbb606f000)]

Other Threads:
  0x00007ffbe8261800 VMThread "VM Thread" [stack: 0x00007ffbb737a000,0x00007ffbb747a000] [id=7430]
  0x00007ffbe84bc800 WatcherThread [stack: 0x00007ffbb5e6e000,0x00007ffbb5f6e000] [id=7448]
  0x00007ffbe8082000 GCTaskThread "GC Thread#0" [stack: 0x00007ffbc6b6a000,0x00007ffbc6c6a000] [id=7424]
  0x00007ffbe80a3000 ConcurrentGCThread "G1 Main Marker" [stack: 0x00007ffbc6a68000,0x00007ffbc6b68000] [id=7425]
  0x00007ffbe80a5000 ConcurrentGCThread "G1 Conc#0" [stack: 0x00007ffbc6966000,0x00007ffbc6a66000] [id=7426]
  0x00007ffbe81ad000 ConcurrentGCThread "G1 Refine#0" [stack: 0x00007ffbb7dff000,0x00007ffbb7eff000] [id=7427]
  0x00007ffbe81ae800 ConcurrentGCThread "G1 Young RemSet Sampling" [stack: 0x00007ffbb7cfd000,0x00007ffbb7dfd000] [id=7428]

Threads with active compile tasks:

VM state:not at safepoint (normal execution)

VM Mutex/Monitor currently owned by a thread: None

Heap address: 0x0000000708400000, size: 3964 MB, Compressed Oops mode: Zero based, Oop shift amount: 3
Narrow klass base: 0x0000000800000000, Narrow klass shift: 0
Compressed class space size: 1073741824 Address: 0x0000000800000000

Heap:
 garbage-first heap   total 253952K, used 4096K [0x0000000708400000, 0x0000000800000000)
  region size 1024K, 5 young (5120K), 0 survivors (0K)
 Metaspace       used 8964K, capacity 9059K, committed 9344K, reserved 1058816K
  class space    used 777K, capacity 802K, committed 896K, reserved 1048576K
Heap Regions: E=young(eden), S=young(survivor), O=old, HS=humongous(starts), HC=humongous(continues), CS=collection set, F=free, A=archive, TAMS=top-at-mark-start (previous, next)
|   0|0x0000000708400000, 0x0000000708400000, 0x0000000708500000|  0%| F|  |TAMS 0x0000000708400000, 0x0000000708400000| Untracked 
|   1|0x0000000708500000, 0x0000000708500000, 0x0000000708600000|  0%| F|  |TAMS 0x0000000708500000, 0x0000000708500000| Untracked 
|   2|0x0000000708600000, 0x0000000708600000, 0x0000000708700000|  0%| F|  |TAMS 0x0000000708600000, 0x0000000708600000| Untracked 
|   3|0x0000000708700000, 0x0000000708700000, 0x0000000708800000|  0%| F|  |TAMS 0x0000000708700000, 0x0000000708700000| Untracked 
|   4|0x0000000708800000, 0x0000000708800000, 0x0000000708900000|  0%| F|  |TAMS 0x0000000708800000, 0x0000000708800000| Untracked 
|   5|0x0000000708900000, 0x0000000708900000, 0x0000000708a00000|  0%| F|  |TAMS 0x0000000708900000, 0x0000000708900000| Untracked 
|   6|0x0000000708a00000, 0x0000000708a00000, 0x0000000708b00000|  0%| F|  |TAMS 0x0000000708a00000, 0x0000000708a00000| Untracked 
|   7|0x0000000708b00000, 0x0000000708b00000, 0x0000000708c00000|  0%| F|  |TAMS 0x0000000708b00000, 0x0000000708b00000| Untracked 
|   8|0x0000000708c00000, 0x0000000708c00000, 0x0000000708d00000|  0%| F|  |TAMS 0x0000000708c00000, 0x0000000708c00000| Untracked 
|   9|0x0000000708d00000, 0x0000000708d00000, 0x0000000708e00000|  0%| F|  |TAMS 0x0000000708d00000, 0x0000000708d00000| Untracked 
|  10|0x0000000708e00000, 0x0000000708e00000, 0x0000000708f00000|  0%| F|  |TAMS 0x0000000708e00000, 0x0000000708e00000| Untracked 
|  11|0x0000000708f00000, 0x0000000708f00000, 0x0000000709000000|  0%| F|  |TAMS 0x0000000708f00000, 0x0000000708f00000| Untracked 
|  12|0x0000000709000000, 0x0000000709000000, 0x0000000709100000|  0%| F|  |TAMS 0x0000000709000000, 0x0000000709000000| Untracked 
|  13|0x0000000709100000, 0x0000000709100000, 0x0000000709200000|  0%| F|  |TAMS 0x0000000709100000, 0x0000000709100000| Untracked 
|  14|0x0000000709200000, 0x0000000709200000, 0x0000000709300000|  0%| F|  |TAMS 0x0000000709200000, 0x0000000709200000| Untracked 
|  15|0x0000000709300000, 0x0000000709300000, 0x0000000709400000|  0%| F|  |TAMS 0x0000000709300000, 0x0000000709300000| Untracked 
|  16|0x0000000709400000, 0x0000000709400000, 0x0000000709500000|  0%| F|  |TAMS 0x0000000709400000, 0x0000000709400000| Untracked 
|  17|0x0000000709500000, 0x0000000709500000, 0x0000000709600000|  0%| F|  |TAMS 0x0000000709500000, 0x0000000709500000| Untracked 
|  18|0x0000000709600000, 0x0000000709600000, 0x0000000709700000|  0%| F|  |TAMS 0x0000000709600000, 0x0000000709600000| Untracked 
|  19|0x0000000709700000, 0x0000000709700000, 0x0000000709800000|  0%| F|  |TAMS 0x0000000709700000, 0x0000000709700000| Untracked 
|  20|0x0000000709800000, 0x0000000709800000, 0x0000000709900000|  0%| F|  |TAMS 0x0000000709800000, 0x0000000709800000| Untracked 
|  21|0x0000000709900000, 0x0000000709900000, 0x0000000709a00000|  0%| F|  |TAMS 0x0000000709900000, 0x0000000709900000| Untracked 
|  22|0x0000000709a00000, 0x0000000709a00000, 0x0000000709b00000|  0%| F|  |TAMS 0x0000000709a00000, 0x0000000709a00000| Untracked 
|  23|0x0000000709b00000, 0x0000000709b00000, 0x0000000709c00000|  0%| F|  |TAMS 0x0000000709b00000, 0x0000000709b00000| Untracked 
|  24|0x0000000709c00000, 0x0000000709c00000, 0x0000000709d00000|  0%| F|  |TAMS 0x0000000709c00000, 0x0000000709c00000| Untracked 
|  25|0x0000000709d00000, 0x0000000709d00000, 0x0000000709e00000|  0%| F|  |TAMS 0x0000000709d00000, 0x0000000709d00000| Untracked 
|  26|0x0000000709e00000, 0x0000000709e00000, 0x0000000709f00000|  0%| F|  |TAMS 0x0000000709e00000, 0x0000000709e00000| Untracked 
|  27|0x0000000709f00000, 0x0000000709f00000, 0x000000070a000000|  0%| F|  |TAMS 0x0000000709f00000, 0x0000000709f00000| Untracked 
|  28|0x000000070a000000, 0x000000070a000000, 0x000000070a100000|  0%| F|  |TAMS 0x000000070a000000, 0x000000070a000000| Untracked 
|  29|0x000000070a100000, 0x000000070a100000, 0x000000070a200000|  0%| F|  |TAMS 0x000000070a100000, 0x000000070a100000| Untracked 
|  30|0x000000070a200000, 0x000000070a200000, 0x000000070a300000|  0%| F|  |TAMS 0x000000070a200000, 0x000000070a200000| Untracked 
|  31|0x000000070a300000, 0x000000070a300000, 0x000000070a400000|  0%| F|  |TAMS 0x000000070a300000, 0x000000070a300000| Untracked 
|  32|0x000000070a400000, 0x000000070a400000, 0x000000070a500000|  0%| F|  |TAMS 0x000000070a400000, 0x000000070a400000| Untracked 
|  33|0x000000070a500000, 0x000000070a500000, 0x000000070a600000|  0%| F|  |TAMS 0x000000070a500000, 0x000000070a500000| Untracked 
|  34|0x000000070a600000, 0x000000070a600000, 0x000000070a700000|  0%| F|  |TAMS 0x000000070a600000, 0x000000070a600000| Untracked 
|  35|0x000000070a700000, 0x000000070a700000, 0x000000070a800000|  0%| F|  |TAMS 0x000000070a700000, 0x000000070a700000| Untracked 
|  36|0x000000070a800000, 0x000000070a800000, 0x000000070a900000|  0%| F|  |TAMS 0x000000070a800000, 0x000000070a800000| Untracked 
|  37|0x000000070a900000, 0x000000070a900000, 0x000000070aa00000|  0%| F|  |TAMS 0x000000070a900000, 0x000000070a900000| Untracked 
|  38|0x000000070aa00000, 0x000000070aa00000, 0x000000070ab00000|  0%| F|  |TAMS 0x000000070aa00000, 0x000000070aa00000| Untracked 
|  39|0x000000070ab00000, 0x000000070ab00000, 0x000000070ac00000|  0%| F|  |TAMS 0x000000070ab00000, 0x000000070ab00000| Untracked 
|  40|0x000000070ac00000, 0x000000070ac00000, 0x000000070ad00000|  0%| F|  |TAMS 0x000000070ac00000, 0x000000070ac00000| Untracked 
|  41|0x000000070ad00000, 0x000000070ad00000, 0x000000070ae00000|  0%| F|  |TAMS 0x000000070ad00000, 0x000000070ad00000| Untracked 
|  42|0x000000070ae00000, 0x000000070ae00000, 0x000000070af00000|  0%| F|  |TAMS 0x000000070ae00000, 0x000000070ae00000| Untracked 
|  43|0x000000070af00000, 0x000000070af00000, 0x000000070b000000|  0%| F|  |TAMS 0x000000070af00000, 0x000000070af00000| Untracked 
|  44|0x000000070b000000, 0x000000070b000000, 0x000000070b100000|  0%| F|  |TAMS 0x000000070b000000, 0x000000070b000000| Untracked 
|  45|0x000000070b100000, 0x000000070b100000, 0x000000070b200000|  0%| F|  |TAMS 0x000000070b100000, 0x000000070b100000| Untracked 
|  46|0x000000070b200000, 0x000000070b200000, 0x000000070b300000|  0%| F|  |TAMS 0x000000070b200000, 0x000000070b200000| Untracked 
|  47|0x000000070b300000, 0x000000070b300000, 0x000000070b400000|  0%| F|  |TAMS 0x000000070b300000, 0x000000070b300000| Untracked 
|  48|0x000000070b400000, 0x000000070b400000, 0x000000070b500000|  0%| F|  |TAMS 0x000000070b400000, 0x000000070b400000| Untracked 
|  49|0x000000070b500000, 0x000000070b500000, 0x000000070b600000|  0%| F|  |TAMS 0x000000070b500000, 0x000000070b500000| Untracked 
|  50|0x000000070b600000, 0x000000070b600000, 0x000000070b700000|  0%| F|  |TAMS 0x000000070b600000, 0x000000070b600000| Untracked 
|  51|0x000000070b700000, 0x000000070b700000, 0x000000070b800000|  0%| F|  |TAMS 0x000000070b700000, 0x000000070b700000| Untracked 
|  52|0x000000070b800000, 0x000000070b800000, 0x000000070b900000|  0%| F|  |TAMS 0x000000070b800000, 0x000000070b800000| Untracked 
|  53|0x000000070b900000, 0x000000070b900000, 0x000000070ba00000|  0%| F|  |TAMS 0x000000070b900000, 0x000000070b900000| Untracked 
|  54|0x000000070ba00000, 0x000000070ba00000, 0x000000070bb00000|  0%| F|  |TAMS 0x000000070ba00000, 0x000000070ba00000| Untracked 
|  55|0x000000070bb00000, 0x000000070bb00000, 0x000000070bc00000|  0%| F|  |TAMS 0x000000070bb00000, 0x000000070bb00000| Untracked 
|  56|0x000000070bc00000, 0x000000070bc00000, 0x000000070bd00000|  0%| F|  |TAMS 0x000000070bc00000, 0x000000070bc00000| Untracked 
|  57|0x000000070bd00000, 0x000000070bd00000, 0x000000070be00000|  0%| F|  |TAMS 0x000000070bd00000, 0x000000070bd00000| Untracked 
|  58|0x000000070be00000, 0x000000070be00000, 0x000000070bf00000|  0%| F|  |TAMS 0x000000070be00000, 0x000000070be00000| Untracked 
|  59|0x000000070bf00000, 0x000000070bf00000, 0x000000070c000000|  0%| F|  |TAMS 0x000000070bf00000, 0x000000070bf00000| Untracked 
|  60|0x000000070c000000, 0x000000070c000000, 0x000000070c100000|  0%| F|  |TAMS 0x000000070c000000, 0x000000070c000000| Untracked 
|  61|0x000000070c100000, 0x000000070c100000, 0x000000070c200000|  0%| F|  |TAMS 0x000000070c100000, 0x000000070c100000| Untracked 
|  62|0x000000070c200000, 0x000000070c200000, 0x000000070c300000|  0%| F|  |TAMS 0x000000070c200000, 0x000000070c200000| Untracked 
|  63|0x000000070c300000, 0x000000070c300000, 0x000000070c400000|  0%| F|  |TAMS 0x000000070c300000, 0x000000070c300000| Untracked 
|  64|0x000000070c400000, 0x000000070c400000, 0x000000070c500000|  0%| F|  |TAMS 0x000000070c400000, 0x000000070c400000| Untracked 
|  65|0x000000070c500000, 0x000000070c500000, 0x000000070c600000|  0%| F|  |TAMS 0x000000070c500000, 0x000000070c500000| Untracked 
|  66|0x000000070c600000, 0x000000070c600000, 0x000000070c700000|  0%| F|  |TAMS 0x000000070c600000, 0x000000070c600000| Untracked 
|  67|0x000000070c700000, 0x000000070c700000, 0x000000070c800000|  0%| F|  |TAMS 0x000000070c700000, 0x000000070c700000| Untracked 
|  68|0x000000070c800000, 0x000000070c800000, 0x000000070c900000|  0%| F|  |TAMS 0x000000070c800000, 0x000000070c800000| Untracked 
|  69|0x000000070c900000, 0x000000070c900000, 0x000000070ca00000|  0%| F|  |TAMS 0x000000070c900000, 0x000000070c900000| Untracked 
|  70|0x000000070ca00000, 0x000000070ca00000, 0x000000070cb00000|  0%| F|  |TAMS 0x000000070ca00000, 0x000000070ca00000| Untracked 
|  71|0x000000070cb00000, 0x000000070cb00000, 0x000000070cc00000|  0%| F|  |TAMS 0x000000070cb00000, 0x000000070cb00000| Untracked 
|  72|0x000000070cc00000, 0x000000070cc00000, 0x000000070cd00000|  0%| F|  |TAMS 0x000000070cc00000, 0x000000070cc00000| Untracked 
|  73|0x000000070cd00000, 0x000000070cd00000, 0x000000070ce00000|  0%| F|  |TAMS 0x000000070cd00000, 0x000000070cd00000| Untracked 
|  74|0x000000070ce00000, 0x000000070ce00000, 0x000000070cf00000|  0%| F|  |TAMS 0x000000070ce00000, 0x000000070ce00000| Untracked 
|  75|0x000000070cf00000, 0x000000070cf00000, 0x000000070d000000|  0%| F|  |TAMS 0x000000070cf00000, 0x000000070cf00000| Untracked 
|  76|0x000000070d000000, 0x000000070d000000, 0x000000070d100000|  0%| F|  |TAMS 0x000000070d000000, 0x000000070d000000| Untracked 
|  77|0x000000070d100000, 0x000000070d100000, 0x000000070d200000|  0%| F|  |TAMS 0x000000070d100000, 0x000000070d100000| Untracked 
|  78|0x000000070d200000, 0x000000070d200000, 0x000000070d300000|  0%| F|  |TAMS 0x000000070d200000, 0x000000070d200000| Untracked 
|  79|0x000000070d300000, 0x000000070d300000, 0x000000070d400000|  0%| F|  |TAMS 0x000000070d300000, 0x000000070d300000| Untracked 
|  80|0x000000070d400000, 0x000000070d400000, 0x000000070d500000|  0%| F|  |TAMS 0x000000070d400000, 0x000000070d400000| Untracked 
|  81|0x000000070d500000, 0x000000070d500000, 0x000000070d600000|  0%| F|  |TAMS 0x000000070d500000, 0x000000070d500000| Untracked 
|  82|0x000000070d600000, 0x000000070d600000, 0x000000070d700000|  0%| F|  |TAMS 0x000000070d600000, 0x000000070d600000| Untracked 
|  83|0x000000070d700000, 0x000000070d700000, 0x000000070d800000|  0%| F|  |TAMS 0x000000070d700000, 0x000000070d700000| Untracked 
|  84|0x000000070d800000, 0x000000070d800000, 0x000000070d900000|  0%| F|  |TAMS 0x000000070d800000, 0x000000070d800000| Untracked 
|  85|0x000000070d900000, 0x000000070d900000, 0x000000070da00000|  0%| F|  |TAMS 0x000000070d900000, 0x000000070d900000| Untracked 
|  86|0x000000070da00000, 0x000000070da00000, 0x000000070db00000|  0%| F|  |TAMS 0x000000070da00000, 0x000000070da00000| Untracked 
|  87|0x000000070db00000, 0x000000070db00000, 0x000000070dc00000|  0%| F|  |TAMS 0x000000070db00000, 0x000000070db00000| Untracked 
|  88|0x000000070dc00000, 0x000000070dc00000, 0x000000070dd00000|  0%| F|  |TAMS 0x000000070dc00000, 0x000000070dc00000| Untracked 
|  89|0x000000070dd00000, 0x000000070dd00000, 0x000000070de00000|  0%| F|  |TAMS 0x000000070dd00000, 0x000000070dd00000| Untracked 
|  90|0x000000070de00000, 0x000000070de00000, 0x000000070df00000|  0%| F|  |TAMS 0x000000070de00000, 0x000000070de00000| Untracked 
|  91|0x000000070df00000, 0x000000070df00000, 0x000000070e000000|  0%| F|  |TAMS 0x000000070df00000, 0x000000070df00000| Untracked 
|  92|0x000000070e000000, 0x000000070e000000, 0x000000070e100000|  0%| F|  |TAMS 0x000000070e000000, 0x000000070e000000| Untracked 
|  93|0x000000070e100000, 0x000000070e100000, 0x000000070e200000|  0%| F|  |TAMS 0x000000070e100000, 0x000000070e100000| Untracked 
|  94|0x000000070e200000, 0x000000070e200000, 0x000000070e300000|  0%| F|  |TAMS 0x000000070e200000, 0x000000070e200000| Untracked 
|  95|0x000000070e300000, 0x000000070e300000, 0x000000070e400000|  0%| F|  |TAMS 0x000000070e300000, 0x000000070e300000| Untracked 
|  96|0x000000070e400000, 0x000000070e400000, 0x000000070e500000|  0%| F|  |TAMS 0x000000070e400000, 0x000000070e400000| Untracked 
|  97|0x000000070e500000, 0x000000070e500000, 0x000000070e600000|  0%| F|  |TAMS 0x000000070e500000, 0x000000070e500000| Untracked 
|  98|0x000000070e600000, 0x000000070e600000, 0x000000070e700000|  0%| F|  |TAMS 0x000000070e600000, 0x000000070e600000| Untracked 
|  99|0x000000070e700000, 0x000000070e700000, 0x000000070e800000|  0%| F|  |TAMS 0x000000070e700000, 0x000000070e700000| Untracked 
| 100|0x000000070e800000, 0x000000070e800000, 0x000000070e900000|  0%| F|  |TAMS 0x000000070e800000, 0x000000070e800000| Untracked 
| 101|0x000000070e900000, 0x000000070e900000, 0x000000070ea00000|  0%| F|  |TAMS 0x000000070e900000, 0x000000070e900000| Untracked 
| 102|0x000000070ea00000, 0x000000070ea00000, 0x000000070eb00000|  0%| F|  |TAMS 0x000000070ea00000, 0x000000070ea00000| Untracked 
| 103|0x000000070eb00000, 0x000000070eb00000, 0x000000070ec00000|  0%| F|  |TAMS 0x000000070eb00000, 0x000000070eb00000| Untracked 
| 104|0x000000070ec00000, 0x000000070ec00000, 0x000000070ed00000|  0%| F|  |TAMS 0x000000070ec00000, 0x000000070ec00000| Untracked 
| 105|0x000000070ed00000, 0x000000070ed00000, 0x000000070ee00000|  0%| F|  |TAMS 0x000000070ed00000, 0x000000070ed00000| Untracked 
| 106|0x000000070ee00000, 0x000000070ee00000, 0x000000070ef00000|  0%| F|  |TAMS 0x000000070ee00000, 0x000000070ee00000| Untracked 
| 107|0x000000070ef00000, 0x000000070ef00000, 0x000000070f000000|  0%| F|  |TAMS 0x000000070ef00000, 0x000000070ef00000| Untracked 
| 108|0x000000070f000000, 0x000000070f000000, 0x000000070f100000|  0%| F|  |TAMS 0x000000070f000000, 0x000000070f000000| Untracked 
| 109|0x000000070f100000, 0x000000070f100000, 0x000000070f200000|  0%| F|  |TAMS 0x000000070f100000, 0x000000070f100000| Untracked 
| 110|0x000000070f200000, 0x000000070f200000, 0x000000070f300000|  0%| F|  |TAMS 0x000000070f200000, 0x000000070f200000| Untracked 
| 111|0x000000070f300000, 0x000000070f300000, 0x000000070f400000|  0%| F|  |TAMS 0x000000070f300000, 0x000000070f300000| Untracked 
| 112|0x000000070f400000, 0x000000070f400000, 0x000000070f500000|  0%| F|  |TAMS 0x000000070f400000, 0x000000070f400000| Untracked 
| 113|0x000000070f500000, 0x000000070f500000, 0x000000070f600000|  0%| F|  |TAMS 0x000000070f500000, 0x000000070f500000| Untracked 
| 114|0x000000070f600000, 0x000000070f600000, 0x000000070f700000|  0%| F|  |TAMS 0x000000070f600000, 0x000000070f600000| Untracked 
| 115|0x000000070f700000, 0x000000070f700000, 0x000000070f800000|  0%| F|  |TAMS 0x000000070f700000, 0x000000070f700000| Untracked 
| 116|0x000000070f800000, 0x000000070f800000, 0x000000070f900000|  0%| F|  |TAMS 0x000000070f800000, 0x000000070f800000| Untracked 
| 117|0x000000070f900000, 0x000000070f900000, 0x000000070fa00000|  0%| F|  |TAMS 0x000000070f900000, 0x000000070f900000| Untracked 
| 118|0x000000070fa00000, 0x000000070fa00000, 0x000000070fb00000|  0%| F|  |TAMS 0x000000070fa00000, 0x000000070fa00000| Untracked 
| 119|0x000000070fb00000, 0x000000070fb00000, 0x000000070fc00000|  0%| F|  |TAMS 0x000000070fb00000, 0x000000070fb00000| Untracked 
| 120|0x000000070fc00000, 0x000000070fc00000, 0x000000070fd00000|  0%| F|  |TAMS 0x000000070fc00000, 0x000000070fc00000| Untracked 
| 121|0x000000070fd00000, 0x000000070fd00000, 0x000000070fe00000|  0%| F|  |TAMS 0x000000070fd00000, 0x000000070fd00000| Untracked 
| 122|0x000000070fe00000, 0x000000070fe00000, 0x000000070ff00000|  0%| F|  |TAMS 0x000000070fe00000, 0x000000070fe00000| Untracked 
| 123|0x000000070ff00000, 0x000000070ff00000, 0x0000000710000000|  0%| F|  |TAMS 0x000000070ff00000, 0x000000070ff00000| Untracked 
| 124|0x0000000710000000, 0x0000000710000000, 0x0000000710100000|  0%| F|  |TAMS 0x0000000710000000, 0x0000000710000000| Untracked 
| 125|0x0000000710100000, 0x0000000710100000, 0x0000000710200000|  0%| F|  |TAMS 0x0000000710100000, 0x0000000710100000| Untracked 
| 126|0x0000000710200000, 0x0000000710200000, 0x0000000710300000|  0%| F|  |TAMS 0x0000000710200000, 0x0000000710200000| Untracked 
| 127|0x0000000710300000, 0x0000000710300000, 0x0000000710400000|  0%| F|  |TAMS 0x0000000710300000, 0x0000000710300000| Untracked 
| 128|0x0000000710400000, 0x0000000710400000, 0x0000000710500000|  0%| F|  |TAMS 0x0000000710400000, 0x0000000710400000| Untracked 
| 129|0x0000000710500000, 0x0000000710500000, 0x0000000710600000|  0%| F|  |TAMS 0x0000000710500000, 0x0000000710500000| Untracked 
| 130|0x0000000710600000, 0x0000000710600000, 0x0000000710700000|  0%| F|  |TAMS 0x0000000710600000, 0x0000000710600000| Untracked 
| 131|0x0000000710700000, 0x0000000710700000, 0x0000000710800000|  0%| F|  |TAMS 0x0000000710700000, 0x0000000710700000| Untracked 
| 132|0x0000000710800000, 0x0000000710800000, 0x0000000710900000|  0%| F|  |TAMS 0x0000000710800000, 0x0000000710800000| Untracked 
| 133|0x0000000710900000, 0x0000000710900000, 0x0000000710a00000|  0%| F|  |TAMS 0x0000000710900000, 0x0000000710900000| Untracked 
| 134|0x0000000710a00000, 0x0000000710a00000, 0x0000000710b00000|  0%| F|  |TAMS 0x0000000710a00000, 0x0000000710a00000| Untracked 
| 135|0x0000000710b00000, 0x0000000710b00000, 0x0000000710c00000|  0%| F|  |TAMS 0x0000000710b00000, 0x0000000710b00000| Untracked 
| 136|0x0000000710c00000, 0x0000000710c00000, 0x0000000710d00000|  0%| F|  |TAMS 0x0000000710c00000, 0x0000000710c00000| Untracked 
| 137|0x0000000710d00000, 0x0000000710d00000, 0x0000000710e00000|  0%| F|  |TAMS 0x0000000710d00000, 0x0000000710d00000| Untracked 
| 138|0x0000000710e00000, 0x0000000710e00000, 0x0000000710f00000|  0%| F|  |TAMS 0x0000000710e00000, 0x0000000710e00000| Untracked 
| 139|0x0000000710f00000, 0x0000000710f00000, 0x0000000711000000|  0%| F|  |TAMS 0x0000000710f00000, 0x0000000710f00000| Untracked 
| 140|0x0000000711000000, 0x0000000711000000, 0x0000000711100000|  0%| F|  |TAMS 0x0000000711000000, 0x0000000711000000| Untracked 
| 141|0x0000000711100000, 0x0000000711100000, 0x0000000711200000|  0%| F|  |TAMS 0x0000000711100000, 0x0000000711100000| Untracked 
| 142|0x0000000711200000, 0x0000000711200000, 0x0000000711300000|  0%| F|  |TAMS 0x0000000711200000, 0x0000000711200000| Untracked 
| 143|0x0000000711300000, 0x0000000711300000, 0x0000000711400000|  0%| F|  |TAMS 0x0000000711300000, 0x0000000711300000| Untracked 
| 144|0x0000000711400000, 0x0000000711400000, 0x0000000711500000|  0%| F|  |TAMS 0x0000000711400000, 0x0000000711400000| Untracked 
| 145|0x0000000711500000, 0x0000000711500000, 0x0000000711600000|  0%| F|  |TAMS 0x0000000711500000, 0x0000000711500000| Untracked 
| 146|0x0000000711600000, 0x0000000711600000, 0x0000000711700000|  0%| F|  |TAMS 0x0000000711600000, 0x0000000711600000| Untracked 
| 147|0x0000000711700000, 0x0000000711700000, 0x0000000711800000|  0%| F|  |TAMS 0x0000000711700000, 0x0000000711700000| Untracked 
| 148|0x0000000711800000, 0x0000000711800000, 0x0000000711900000|  0%| F|  |TAMS 0x0000000711800000, 0x0000000711800000| Untracked 
| 149|0x0000000711900000, 0x0000000711900000, 0x0000000711a00000|  0%| F|  |TAMS 0x0000000711900000, 0x0000000711900000| Untracked 
| 150|0x0000000711a00000, 0x0000000711a00000, 0x0000000711b00000|  0%| F|  |TAMS 0x0000000711a00000, 0x0000000711a00000| Untracked 
| 151|0x0000000711b00000, 0x0000000711b00000, 0x0000000711c00000|  0%| F|  |TAMS 0x0000000711b00000, 0x0000000711b00000| Untracked 
| 152|0x0000000711c00000, 0x0000000711c00000, 0x0000000711d00000|  0%| F|  |TAMS 0x0000000711c00000, 0x0000000711c00000| Untracked 
| 153|0x0000000711d00000, 0x0000000711d00000, 0x0000000711e00000|  0%| F|  |TAMS 0x0000000711d00000, 0x0000000711d00000| Untracked 
| 154|0x0000000711e00000, 0x0000000711e00000, 0x0000000711f00000|  0%| F|  |TAMS 0x0000000711e00000, 0x0000000711e00000| Untracked 
| 155|0x0000000711f00000, 0x0000000711f00000, 0x0000000712000000|  0%| F|  |TAMS 0x0000000711f00000, 0x0000000711f00000| Untracked 
| 156|0x0000000712000000, 0x0000000712000000, 0x0000000712100000|  0%| F|  |TAMS 0x0000000712000000, 0x0000000712000000| Untracked 
| 157|0x0000000712100000, 0x0000000712100000, 0x0000000712200000|  0%| F|  |TAMS 0x0000000712100000, 0x0000000712100000| Untracked 
| 158|0x0000000712200000, 0x0000000712200000, 0x0000000712300000|  0%| F|  |TAMS 0x0000000712200000, 0x0000000712200000| Untracked 
| 159|0x0000000712300000, 0x0000000712300000, 0x0000000712400000|  0%| F|  |TAMS 0x0000000712300000, 0x0000000712300000| Untracked 
| 160|0x0000000712400000, 0x0000000712400000, 0x0000000712500000|  0%| F|  |TAMS 0x0000000712400000, 0x0000000712400000| Untracked 
| 161|0x0000000712500000, 0x0000000712500000, 0x0000000712600000|  0%| F|  |TAMS 0x0000000712500000, 0x0000000712500000| Untracked 
| 162|0x0000000712600000, 0x0000000712600000, 0x0000000712700000|  0%| F|  |TAMS 0x0000000712600000, 0x0000000712600000| Untracked 
| 163|0x0000000712700000, 0x0000000712700000, 0x0000000712800000|  0%| F|  |TAMS 0x0000000712700000, 0x0000000712700000| Untracked 
| 164|0x0000000712800000, 0x0000000712800000, 0x0000000712900000|  0%| F|  |TAMS 0x0000000712800000, 0x0000000712800000| Untracked 
| 165|0x0000000712900000, 0x0000000712900000, 0x0000000712a00000|  0%| F|  |TAMS 0x0000000712900000, 0x0000000712900000| Untracked 
| 166|0x0000000712a00000, 0x0000000712a00000, 0x0000000712b00000|  0%| F|  |TAMS 0x0000000712a00000, 0x0000000712a00000| Untracked 
| 167|0x0000000712b00000, 0x0000000712b00000, 0x0000000712c00000|  0%| F|  |TAMS 0x0000000712b00000, 0x0000000712b00000| Untracked 
| 168|0x0000000712c00000, 0x0000000712c00000, 0x0000000712d00000|  0%| F|  |TAMS 0x0000000712c00000, 0x0000000712c00000| Untracked 
| 169|0x0000000712d00000, 0x0000000712d00000, 0x0000000712e00000|  0%| F|  |TAMS 0x0000000712d00000, 0x0000000712d00000| Untracked 
| 170|0x0000000712e00000, 0x0000000712e00000, 0x0000000712f00000|  0%| F|  |TAMS 0x0000000712e00000, 0x0000000712e00000| Untracked 
| 171|0x0000000712f00000, 0x0000000712f00000, 0x0000000713000000|  0%| F|  |TAMS 0x0000000712f00000, 0x0000000712f00000| Untracked 
| 172|0x0000000713000000, 0x0000000713000000, 0x0000000713100000|  0%| F|  |TAMS 0x0000000713000000, 0x0000000713000000| Untracked 
| 173|0x0000000713100000, 0x0000000713100000, 0x0000000713200000|  0%| F|  |TAMS 0x0000000713100000, 0x0000000713100000| Untracked 
| 174|0x0000000713200000, 0x0000000713200000, 0x0000000713300000|  0%| F|  |TAMS 0x0000000713200000, 0x0000000713200000| Untracked 
| 175|0x0000000713300000, 0x0000000713300000, 0x0000000713400000|  0%| F|  |TAMS 0x0000000713300000, 0x0000000713300000| Untracked 
| 176|0x0000000713400000, 0x0000000713400000, 0x0000000713500000|  0%| F|  |TAMS 0x0000000713400000, 0x0000000713400000| Untracked 
| 177|0x0000000713500000, 0x0000000713500000, 0x0000000713600000|  0%| F|  |TAMS 0x0000000713500000, 0x0000000713500000| Untracked 
| 178|0x0000000713600000, 0x0000000713600000, 0x0000000713700000|  0%| F|  |TAMS 0x0000000713600000, 0x0000000713600000| Untracked 
| 179|0x0000000713700000, 0x0000000713700000, 0x0000000713800000|  0%| F|  |TAMS 0x0000000713700000, 0x0000000713700000| Untracked 
| 180|0x0000000713800000, 0x0000000713800000, 0x0000000713900000|  0%| F|  |TAMS 0x0000000713800000, 0x0000000713800000| Untracked 
| 181|0x0000000713900000, 0x0000000713900000, 0x0000000713a00000|  0%| F|  |TAMS 0x0000000713900000, 0x0000000713900000| Untracked 
| 182|0x0000000713a00000, 0x0000000713a00000, 0x0000000713b00000|  0%| F|  |TAMS 0x0000000713a00000, 0x0000000713a00000| Untracked 
| 183|0x0000000713b00000, 0x0000000713b00000, 0x0000000713c00000|  0%| F|  |TAMS 0x0000000713b00000, 0x0000000713b00000| Untracked 
| 184|0x0000000713c00000, 0x0000000713c00000, 0x0000000713d00000|  0%| F|  |TAMS 0x0000000713c00000, 0x0000000713c00000| Untracked 
| 185|0x0000000713d00000, 0x0000000713d00000, 0x0000000713e00000|  0%| F|  |TAMS 0x0000000713d00000, 0x0000000713d00000| Untracked 
| 186|0x0000000713e00000, 0x0000000713e00000, 0x0000000713f00000|  0%| F|  |TAMS 0x0000000713e00000, 0x0000000713e00000| Untracked 
| 187|0x0000000713f00000, 0x0000000713f00000, 0x0000000714000000|  0%| F|  |TAMS 0x0000000713f00000, 0x0000000713f00000| Untracked 
| 188|0x0000000714000000, 0x0000000714000000, 0x0000000714100000|  0%| F|  |TAMS 0x0000000714000000, 0x0000000714000000| Untracked 
| 189|0x0000000714100000, 0x0000000714100000, 0x0000000714200000|  0%| F|  |TAMS 0x0000000714100000, 0x0000000714100000| Untracked 
| 190|0x0000000714200000, 0x0000000714200000, 0x0000000714300000|  0%| F|  |TAMS 0x0000000714200000, 0x0000000714200000| Untracked 
| 191|0x0000000714300000, 0x0000000714300000, 0x0000000714400000|  0%| F|  |TAMS 0x0000000714300000, 0x0000000714300000| Untracked 
| 192|0x0000000714400000, 0x0000000714400000, 0x0000000714500000|  0%| F|  |TAMS 0x0000000714400000, 0x0000000714400000| Untracked 
| 193|0x0000000714500000, 0x0000000714500000, 0x0000000714600000|  0%| F|  |TAMS 0x0000000714500000, 0x0000000714500000| Untracked 
| 194|0x0000000714600000, 0x0000000714600000, 0x0000000714700000|  0%| F|  |TAMS 0x0000000714600000, 0x0000000714600000| Untracked 
| 195|0x0000000714700000, 0x0000000714700000, 0x0000000714800000|  0%| F|  |TAMS 0x0000000714700000, 0x0000000714700000| Untracked 
| 196|0x0000000714800000, 0x0000000714800000, 0x0000000714900000|  0%| F|  |TAMS 0x0000000714800000, 0x0000000714800000| Untracked 
| 197|0x0000000714900000, 0x0000000714900000, 0x0000000714a00000|  0%| F|  |TAMS 0x0000000714900000, 0x0000000714900000| Untracked 
| 198|0x0000000714a00000, 0x0000000714a00000, 0x0000000714b00000|  0%| F|  |TAMS 0x0000000714a00000, 0x0000000714a00000| Untracked 
| 199|0x0000000714b00000, 0x0000000714b00000, 0x0000000714c00000|  0%| F|  |TAMS 0x0000000714b00000, 0x0000000714b00000| Untracked 
| 200|0x0000000714c00000, 0x0000000714c00000, 0x0000000714d00000|  0%| F|  |TAMS 0x0000000714c00000, 0x0000000714c00000| Untracked 
| 201|0x0000000714d00000, 0x0000000714d00000, 0x0000000714e00000|  0%| F|  |TAMS 0x0000000714d00000, 0x0000000714d00000| Untracked 
| 202|0x0000000714e00000, 0x0000000714e00000, 0x0000000714f00000|  0%| F|  |TAMS 0x0000000714e00000, 0x0000000714e00000| Untracked 
| 203|0x0000000714f00000, 0x0000000714f00000, 0x0000000715000000|  0%| F|  |TAMS 0x0000000714f00000, 0x0000000714f00000| Untracked 
| 204|0x0000000715000000, 0x0000000715000000, 0x0000000715100000|  0%| F|  |TAMS 0x0000000715000000, 0x0000000715000000| Untracked 
| 205|0x0000000715100000, 0x0000000715100000, 0x0000000715200000|  0%| F|  |TAMS 0x0000000715100000, 0x0000000715100000| Untracked 
| 206|0x0000000715200000, 0x0000000715200000, 0x0000000715300000|  0%| F|  |TAMS 0x0000000715200000, 0x0000000715200000| Untracked 
| 207|0x0000000715300000, 0x0000000715300000, 0x0000000715400000|  0%| F|  |TAMS 0x0000000715300000, 0x0000000715300000| Untracked 
| 208|0x0000000715400000, 0x0000000715400000, 0x0000000715500000|  0%| F|  |TAMS 0x0000000715400000, 0x0000000715400000| Untracked 
| 209|0x0000000715500000, 0x0000000715500000, 0x0000000715600000|  0%| F|  |TAMS 0x0000000715500000, 0x0000000715500000| Untracked 
| 210|0x0000000715600000, 0x0000000715600000, 0x0000000715700000|  0%| F|  |TAMS 0x0000000715600000, 0x0000000715600000| Untracked 
| 211|0x0000000715700000, 0x0000000715700000, 0x0000000715800000|  0%| F|  |TAMS 0x0000000715700000, 0x0000000715700000| Untracked 
| 212|0x0000000715800000, 0x0000000715800000, 0x0000000715900000|  0%| F|  |TAMS 0x0000000715800000, 0x0000000715800000| Untracked 
| 213|0x0000000715900000, 0x0000000715900000, 0x0000000715a00000|  0%| F|  |TAMS 0x0000000715900000, 0x0000000715900000| Untracked 
| 214|0x0000000715a00000, 0x0000000715a00000, 0x0000000715b00000|  0%| F|  |TAMS 0x0000000715a00000, 0x0000000715a00000| Untracked 
| 215|0x0000000715b00000, 0x0000000715b00000, 0x0000000715c00000|  0%| F|  |TAMS 0x0000000715b00000, 0x0000000715b00000| Untracked 
| 216|0x0000000715c00000, 0x0000000715c00000, 0x0000000715d00000|  0%| F|  |TAMS 0x0000000715c00000, 0x0000000715c00000| Untracked 
| 217|0x0000000715d00000, 0x0000000715d00000, 0x0000000715e00000|  0%| F|  |TAMS 0x0000000715d00000, 0x0000000715d00000| Untracked 
| 218|0x0000000715e00000, 0x0000000715e00000, 0x0000000715f00000|  0%| F|  |TAMS 0x0000000715e00000, 0x0000000715e00000| Untracked 
| 219|0x0000000715f00000, 0x0000000715f00000, 0x0000000716000000|  0%| F|  |TAMS 0x0000000715f00000, 0x0000000715f00000| Untracked 
| 220|0x0000000716000000, 0x0000000716000000, 0x0000000716100000|  0%| F|  |TAMS 0x0000000716000000, 0x0000000716000000| Untracked 
| 221|0x0000000716100000, 0x0000000716100000, 0x0000000716200000|  0%| F|  |TAMS 0x0000000716100000, 0x0000000716100000| Untracked 
| 222|0x0000000716200000, 0x0000000716200000, 0x0000000716300000|  0%| F|  |TAMS 0x0000000716200000, 0x0000000716200000| Untracked 
| 223|0x0000000716300000, 0x0000000716300000, 0x0000000716400000|  0%| F|  |TAMS 0x0000000716300000, 0x0000000716300000| Untracked 
| 224|0x0000000716400000, 0x0000000716400000, 0x0000000716500000|  0%| F|  |TAMS 0x0000000716400000, 0x0000000716400000| Untracked 
| 225|0x0000000716500000, 0x0000000716500000, 0x0000000716600000|  0%| F|  |TAMS 0x0000000716500000, 0x0000000716500000| Untracked 
| 226|0x0000000716600000, 0x0000000716600000, 0x0000000716700000|  0%| F|  |TAMS 0x0000000716600000, 0x0000000716600000| Untracked 
| 227|0x0000000716700000, 0x0000000716700000, 0x0000000716800000|  0%| F|  |TAMS 0x0000000716700000, 0x0000000716700000| Untracked 
| 228|0x0000000716800000, 0x0000000716800000, 0x0000000716900000|  0%| F|  |TAMS 0x0000000716800000, 0x0000000716800000| Untracked 
| 229|0x0000000716900000, 0x0000000716900000, 0x0000000716a00000|  0%| F|  |TAMS 0x0000000716900000, 0x0000000716900000| Untracked 
| 230|0x0000000716a00000, 0x0000000716a00000, 0x0000000716b00000|  0%| F|  |TAMS 0x0000000716a00000, 0x0000000716a00000| Untracked 
| 231|0x0000000716b00000, 0x0000000716b00000, 0x0000000716c00000|  0%| F|  |TAMS 0x0000000716b00000, 0x0000000716b00000| Untracked 
| 232|0x0000000716c00000, 0x0000000716c00000, 0x0000000716d00000|  0%| F|  |TAMS 0x0000000716c00000, 0x0000000716c00000| Untracked 
| 233|0x0000000716d00000, 0x0000000716d00000, 0x0000000716e00000|  0%| F|  |TAMS 0x0000000716d00000, 0x0000000716d00000| Untracked 
| 234|0x0000000716e00000, 0x0000000716e00000, 0x0000000716f00000|  0%| F|  |TAMS 0x0000000716e00000, 0x0000000716e00000| Untracked 
| 235|0x0000000716f00000, 0x0000000716f00000, 0x0000000717000000|  0%| F|  |TAMS 0x0000000716f00000, 0x0000000716f00000| Untracked 
| 236|0x0000000717000000, 0x0000000717000000, 0x0000000717100000|  0%| F|  |TAMS 0x0000000717000000, 0x0000000717000000| Untracked 
| 237|0x0000000717100000, 0x0000000717100000, 0x0000000717200000|  0%| F|  |TAMS 0x0000000717100000, 0x0000000717100000| Untracked 
| 238|0x0000000717200000, 0x0000000717200000, 0x0000000717300000|  0%| F|  |TAMS 0x0000000717200000, 0x0000000717200000| Untracked 
| 239|0x0000000717300000, 0x0000000717300000, 0x0000000717400000|  0%| F|  |TAMS 0x0000000717300000, 0x0000000717300000| Untracked 
| 240|0x0000000717400000, 0x0000000717400000, 0x0000000717500000|  0%| F|  |TAMS 0x0000000717400000, 0x0000000717400000| Untracked 
| 241|0x0000000717500000, 0x0000000717500000, 0x0000000717600000|  0%| F|  |TAMS 0x0000000717500000, 0x0000000717500000| Untracked 
| 242|0x0000000717600000, 0x0000000717600000, 0x0000000717700000|  0%| F|  |TAMS 0x0000000717600000, 0x0000000717600000| Untracked 
| 243|0x0000000717700000, 0x00000007177f6490, 0x0000000717800000| 96%| E|  |TAMS 0x0000000717700000, 0x0000000717700000| Complete 
| 244|0x0000000717800000, 0x0000000717900000, 0x0000000717900000|100%| E|CS|TAMS 0x0000000717800000, 0x0000000717800000| Complete 
| 245|0x0000000717900000, 0x0000000717a00000, 0x0000000717a00000|100%| E|CS|TAMS 0x0000000717900000, 0x0000000717900000| Complete 
| 246|0x0000000717a00000, 0x0000000717b00000, 0x0000000717b00000|100%| E|CS|TAMS 0x0000000717a00000, 0x0000000717a00000| Complete 
| 247|0x0000000717b00000, 0x0000000717c00000, 0x0000000717c00000|100%| E|CS|TAMS 0x0000000717b00000, 0x0000000717b00000| Complete 

Card table byte_map: [0x00007ffbcf108000,0x00007ffbcf8c6000] _byte_map_base: 0x00007ffbcb8c6000

Marking Bits (Prev, Next): (CMBitMap*) 0x00007ffbe8083328, (CMBitMap*) 0x00007ffbe8083368
 Prev Bits: [0x00007ffbcab5a000, 0x00007ffbce94a000)
 Next Bits: [0x00007ffbc6d6a000, 0x00007ffbcab5a000)

Polling page: 0x00007ffbee0fd000

Metaspace:

Usage:
  Non-class:      8,06 MB capacity,     8,00 MB (>99%) used,    62,75 KB ( <1%) free+waste,     6,62 KB ( <1%) overhead. 
      Class:    802,00 KB capacity,   777,33 KB ( 97%) used,    22,23 KB (  3%) free+waste,     2,44 KB ( <1%) overhead. 
       Both:      8,85 MB capacity,     8,75 MB ( 99%) used,    84,98 KB ( <1%) free+waste,     9,06 KB ( <1%) overhead. 

Virtual space:
  Non-class space:       10,00 MB reserved,       8,25 MB ( 82%) committed 
      Class space:        1,00 GB reserved,     896,00 KB ( <1%) committed 
             Both:        1,01 GB reserved,       9,12 MB ( <1%) committed 

Chunk freelists:
   Non-Class:  79,00 KB
       Class:  30,00 KB
        Both:  109,00 KB

MaxMetaspaceSize: unlimited
CompressedClassSpaceSize: 1,00 GB

CodeHeap 'non-profiled nmethods': size=120028Kb used=107Kb max_used=107Kb free=119920Kb
 bounds [0x00007ffbd8254000, 0x00007ffbd84c4000, 0x00007ffbdf78b000]
CodeHeap 'profiled nmethods': size=120028Kb used=502Kb max_used=502Kb free=119525Kb
 bounds [0x00007ffbd0d1d000, 0x00007ffbd0f8d000, 0x00007ffbd8254000]
CodeHeap 'non-nmethods': size=5704Kb used=1190Kb max_used=1207Kb free=4513Kb
 bounds [0x00007ffbd078b000, 0x00007ffbd09fb000, 0x00007ffbd0d1d000]
 total_blobs=745 nmethods=379 adapters=288
 compilation: enabled
              stopped_count=0, restarted_count=0
 full_count=0

Compilation events (20 events):
Event: 0,264 Thread 0x00007ffbe829a000  369       3       org.eclipse.jdt.launching.internal.org.objectweb.asm.SymbolTable::add (39 bytes)
Event: 0,264 Thread 0x00007ffbe829a000 nmethod 369 0x00007ffbd0d97690 code [0x00007ffbd0d97840, 0x00007ffbd0d97b90]
Event: 0,264 Thread 0x00007ffbe829a000  372       3       org.eclipse.jdt.launching.internal.org.objectweb.asm.SymbolTable::addConstantUtf8 (20 bytes)
Event: 0,265 Thread 0x00007ffbe829a000 nmethod 372 0x00007ffbd0d97d10 code [0x00007ffbd0d97ee0, 0x00007ffbd0d98240]
Event: 89,326 Thread 0x00007ffbe829a000  373       3       java.lang.StringUTF16::compress (20 bytes)
Event: 89,326 Thread 0x00007ffbe829a000 nmethod 373 0x00007ffbd0d98410 code [0x00007ffbd0d985c0, 0x00007ffbd0d987e0]
Event: 89,326 Thread 0x00007ffbe829a000  374       3       org.eclipse.jdt.launching.internal.org.objectweb.asm.ByteVector::putShort (52 bytes)
Event: 89,327 Thread 0x00007ffbe829a000 nmethod 374 0x00007ffbd0d98890 code [0x00007ffbd0d98a40, 0x00007ffbd0d98c40]
Event: 132,135 Thread 0x00007ffbe829a000  375       3       java.lang.String::<init> (74 bytes)
Event: 132,137 Thread 0x00007ffbe829a000 nmethod 375 0x00007ffbd0d98d90 code [0x00007ffbd0d98f80, 0x00007ffbd0d99630]
Event: 205,075 Thread 0x00007ffbe8298000  376       4       org.eclipse.jdt.launching.internal.org.objectweb.asm.ClassReader::readUnsignedShort (26 bytes)
Event: 205,077 Thread 0x00007ffbe8298000 nmethod 376 0x00007ffbd826e310 code [0x00007ffbd826e4a0, 0x00007ffbd826e598]
Event: 247,147 Thread 0x00007ffbe829a000  377       3       org.eclipse.jdt.launching.internal.org.objectweb.asm.SymbolTable::get (13 bytes)
Event: 247,149 Thread 0x00007ffbe829a000 nmethod 377 0x00007ffbd0d99910 code [0x00007ffbd0d99aa0, 0x00007ffbd0d99bf0]
Event: 300,058 Thread 0x00007ffbe829a000  378       1       org.eclipse.jdt.launching.internal.org.objectweb.asm.SymbolTable::getMajorVersion (5 bytes)
Event: 300,058 Thread 0x00007ffbe829a000 nmethod 378 0x00007ffbd826e690 code [0x00007ffbd826e820, 0x00007ffbd826e8d0]
Event: 300,058 Thread 0x00007ffbe829a000  379       3       org.eclipse.jdt.launching.internal.org.objectweb.asm.SymbolTable::addConstantUtf8 (98 bytes)
Event: 300,060 Thread 0x00007ffbe829a000 nmethod 379 0x00007ffbd0d99d10 code [0x00007ffbd0d99f40, 0x00007ffbd0d9a5f0]
Event: 351,668 Thread 0x00007ffbe829a000  380       1       java.net.URL::getRef (5 bytes)
Event: 351,668 Thread 0x00007ffbe829a000 nmethod 380 0x00007ffbd826e990 code [0x00007ffbd826eb20, 0x00007ffbd826ebd0]

GC Heap History (0 events):
No events

Deoptimization events (10 events):
Event: 0,169 Thread 0x00007ffbe801a800 Uncommon trap: trap_request=0xffffff45 fr.pc=0x00007ffbd8260fdc relative=0x0000000000000b5c
Event: 0,169 Thread 0x00007ffbe801a800 Uncommon trap: reason=unstable_if action=reinterpret pc=0x00007ffbd8260fdc method=java.util.HashMap.putVal(ILjava/lang/Object;Ljava/lang/Object;ZZ)Ljava/lang/Object; @ 181 c2
Event: 0,169 Thread 0x00007ffbe801a800 DEOPT PACKING pc=0x00007ffbd8260fdc sp=0x00007ffbec7788f0
Event: 0,169 Thread 0x00007ffbe801a800 DEOPT UNPACKING pc=0x00007ffbd07d3e25 sp=0x00007ffbec7788a0 mode 2
Event: 0,247 Thread 0x00007ffbe801a800 DEOPT PACKING pc=0x00007ffbd0d7c636 sp=0x00007ffbec775240
Event: 0,247 Thread 0x00007ffbe801a800 DEOPT UNPACKING pc=0x00007ffbd07d433a sp=0x00007ffbec774728 mode 0
Event: 0,247 Thread 0x00007ffbe801a800 DEOPT PACKING pc=0x00007ffbd0d7c636 sp=0x00007ffbec775240
Event: 0,247 Thread 0x00007ffbe801a800 DEOPT UNPACKING pc=0x00007ffbd07d433a sp=0x00007ffbec774728 mode 0
Event: 0,247 Thread 0x00007ffbe801a800 DEOPT PACKING pc=0x00007ffbd0d7c636 sp=0x00007ffbec775240
Event: 0,247 Thread 0x00007ffbe801a800 DEOPT UNPACKING pc=0x00007ffbd07d433a sp=0x00007ffbec774728 mode 0

Classes unloaded (0 events):
No events

Classes redefined (9 events):
Event: 89,327 Thread 0x00007ffbe8261800 redefined class name=empresa.Departamento, count=1
Event: 132,136 Thread 0x00007ffbe8261800 redefined class name=empresa.Departamento, count=2
Event: 186,456 Thread 0x00007ffbe8261800 redefined class name=empresa.MainPrueba, count=1
Event: 205,076 Thread 0x00007ffbe8261800 redefined class name=empresa.MainPrueba, count=2
Event: 242,940 Thread 0x00007ffbe8261800 redefined class name=empresa.MainPrueba, count=3
Event: 247,148 Thread 0x00007ffbe8261800 redefined class name=empresa.MainPrueba, count=4
Event: 254,958 Thread 0x00007ffbe8261800 redefined class name=empresa.MainPrueba, count=5
Event: 300,059 Thread 0x00007ffbe8261800 redefined class name=empresa.Departamento, count=3
Event: 351,669 Thread 0x00007ffbe8261800 redefined class name=empresa.Departamento, count=4

Internal exceptions (0 events):
No events

Events (20 events):
Event: 351,682 Executing VM operation: ChangeBreakpoints
Event: 351,682 Executing VM operation: ChangeBreakpoints done
Event: 351,684 Executing VM operation: ChangeBreakpoints
Event: 351,685 Executing VM operation: ChangeBreakpoints done
Event: 351,687 Executing VM operation: ChangeBreakpoints
Event: 351,687 Executing VM operation: ChangeBreakpoints done
Event: 351,689 Executing VM operation: ChangeBreakpoints
Event: 351,689 Executing VM operation: ChangeBreakpoints done
Event: 351,690 Executing VM operation: GetFrameCount
Event: 351,690 Executing VM operation: GetFrameCount done
Event: 351,690 Executing VM operation: GetStackTrace
Event: 351,690 Executing VM operation: GetStackTrace done
Event: 351,704 Executing VM operation: GetFrameCount
Event: 351,704 Executing VM operation: GetFrameCount done
Event: 351,704 Executing VM operation: GetOwnedMonitorInfo
Event: 351,704 Executing VM operation: GetOwnedMonitorInfo done
Event: 351,704 Executing VM operation: GetCurrentContendedMonitor
Event: 351,704 Executing VM operation: GetCurrentContendedMonitor done
Event: 354,707 Executing VM operation: GetFrameLocation
Event: 354,707 Executing VM operation: GetFrameLocation done


Dynamic libraries:
708400000-717c00000 rw-p 00000000 00:00 0 
717c00000-800000000 ---p 00000000 00:00 0 
800000000-8000e0000 rw-p 00000000 00:00 0 
8000e0000-840000000 ---p 00000000 00:00 0 
55977f713000-55977f714000 r--p 00000000 103:07 1581277                   /usr/lib/jvm/java-13-openjdk-amd64/bin/java
55977f714000-55977f715000 r-xp 00001000 103:07 1581277                   /usr/lib/jvm/java-13-openjdk-amd64/bin/java
55977f715000-55977f716000 r--p 00002000 103:07 1581277                   /usr/lib/jvm/java-13-openjdk-amd64/bin/java
55977f716000-55977f717000 r--p 00002000 103:07 1581277                   /usr/lib/jvm/java-13-openjdk-amd64/bin/java
55977f717000-55977f718000 rw-p 00003000 103:07 1581277                   /usr/lib/jvm/java-13-openjdk-amd64/bin/java
55977fe45000-55977fe66000 rw-p 00000000 00:00 0                          [heap]
7ffb70000000-7ffb70021000 rw-p 00000000 00:00 0 
7ffb70021000-7ffb74000000 ---p 00000000 00:00 0 
7ffb78000000-7ffb780aa000 rw-p 00000000 00:00 0 
7ffb780aa000-7ffb7c000000 ---p 00000000 00:00 0 
7ffb7c000000-7ffb7c021000 rw-p 00000000 00:00 0 
7ffb7c021000-7ffb80000000 ---p 00000000 00:00 0 
7ffb80000000-7ffb80021000 rw-p 00000000 00:00 0 
7ffb80021000-7ffb84000000 ---p 00000000 00:00 0 
7ffb84000000-7ffb84021000 rw-p 00000000 00:00 0 
7ffb84021000-7ffb88000000 ---p 00000000 00:00 0 
7ffb88000000-7ffb88021000 rw-p 00000000 00:00 0 
7ffb88021000-7ffb8c000000 ---p 00000000 00:00 0 
7ffb8c000000-7ffb8c064000 rw-p 00000000 00:00 0 
7ffb8c064000-7ffb90000000 ---p 00000000 00:00 0 
7ffb90000000-7ffb900b4000 rw-p 00000000 00:00 0 
7ffb900b4000-7ffb94000000 ---p 00000000 00:00 0 
7ffb94000000-7ffb94021000 rw-p 00000000 00:00 0 
7ffb94021000-7ffb98000000 ---p 00000000 00:00 0 
7ffb98000000-7ffb98021000 rw-p 00000000 00:00 0 
7ffb98021000-7ffb9c000000 ---p 00000000 00:00 0 
7ffb9c000000-7ffb9c2bb000 rw-p 00000000 00:00 0 
7ffb9c2bb000-7ffba0000000 ---p 00000000 00:00 0 
7ffba0000000-7ffba0021000 rw-p 00000000 00:00 0 
7ffba0021000-7ffba4000000 ---p 00000000 00:00 0 
7ffba4000000-7ffba4021000 rw-p 00000000 00:00 0 
7ffba4021000-7ffba8000000 ---p 00000000 00:00 0 
7ffba8000000-7ffba8021000 rw-p 00000000 00:00 0 
7ffba8021000-7ffbac000000 ---p 00000000 00:00 0 
7ffbac000000-7ffbac021000 rw-p 00000000 00:00 0 
7ffbac021000-7ffbb0000000 ---p 00000000 00:00 0 
7ffbb0000000-7ffbb0021000 rw-p 00000000 00:00 0 
7ffbb0021000-7ffbb4000000 ---p 00000000 00:00 0 
7ffbb5c6c000-7ffbb5cac000 rw-p 00000000 00:00 0 
7ffbb5cac000-7ffbb5e6c000 ---p 00000000 00:00 0 
7ffbb5e6c000-7ffbb5e6d000 ---p 00000000 00:00 0 
7ffbb5e6d000-7ffbb5f6e000 rw-p 00000000 00:00 0 
7ffbb5f6e000-7ffbb5f72000 ---p 00000000 00:00 0 
7ffbb5f72000-7ffbb606f000 rw-p 00000000 00:00 0 
7ffbb606f000-7ffbb6073000 ---p 00000000 00:00 0 
7ffbb6073000-7ffbb6170000 rw-p 00000000 00:00 0 
7ffbb6170000-7ffbb6174000 ---p 00000000 00:00 0 
7ffbb6174000-7ffbb6271000 rw-p 00000000 00:00 0 
7ffbb6271000-7ffbb6275000 ---p 00000000 00:00 0 
7ffbb6275000-7ffbb6372000 rw-p 00000000 00:00 0 
7ffbb6372000-7ffbb6376000 ---p 00000000 00:00 0 
7ffbb6376000-7ffbb6473000 rw-p 00000000 00:00 0 
7ffbb6473000-7ffbb6477000 ---p 00000000 00:00 0 
7ffbb6477000-7ffbb6574000 rw-p 00000000 00:00 0 
7ffbb6574000-7ffbb6578000 ---p 00000000 00:00 0 
7ffbb6578000-7ffbb6675000 rw-p 00000000 00:00 0 
7ffbb6675000-7ffbb6679000 ---p 00000000 00:00 0 
7ffbb6679000-7ffbb6776000 rw-p 00000000 00:00 0 
7ffbb6776000-7ffbb677a000 ---p 00000000 00:00 0 
7ffbb677a000-7ffbb6877000 rw-p 00000000 00:00 0 
7ffbb6877000-7ffbb687b000 ---p 00000000 00:00 0 
7ffbb687b000-7ffbb6978000 rw-p 00000000 00:00 0 
7ffbb6978000-7ffbb7176000 r--p 00000000 103:07 1444560                   /usr/lib/locale/locale-archive
7ffbb7176000-7ffbb717a000 ---p 00000000 00:00 0 
7ffbb717a000-7ffbb7277000 rw-p 00000000 00:00 0 
7ffbb7277000-7ffbb727b000 ---p 00000000 00:00 0 
7ffbb727b000-7ffbb7378000 rw-p 00000000 00:00 0 
7ffbb7378000-7ffbb7379000 ---p 00000000 00:00 0 
7ffbb7379000-7ffbb7cfb000 rw-p 00000000 00:00 0 
7ffbb7cfb000-7ffbb7cfc000 ---p 00000000 00:00 0 
7ffbb7cfc000-7ffbb7dfd000 rw-p 00000000 00:00 0 
7ffbb7dfd000-7ffbb7dfe000 ---p 00000000 00:00 0 
7ffbb7dfe000-7ffbb8000000 rw-p 00000000 00:00 0 
7ffbb8000000-7ffbb8021000 rw-p 00000000 00:00 0 
7ffbb8021000-7ffbbc000000 ---p 00000000 00:00 0 
7ffbbc000000-7ffbbc021000 rw-p 00000000 00:00 0 
7ffbbc021000-7ffbc0000000 ---p 00000000 00:00 0 
7ffbc0000000-7ffbc0021000 rw-p 00000000 00:00 0 
7ffbc0021000-7ffbc4000000 ---p 00000000 00:00 0 
7ffbc405b000-7ffbc6964000 rw-p 00000000 00:00 0 
7ffbc6964000-7ffbc6965000 ---p 00000000 00:00 0 
7ffbc6965000-7ffbc6a66000 rw-p 00000000 00:00 0 
7ffbc6a66000-7ffbc6a67000 ---p 00000000 00:00 0 
7ffbc6a67000-7ffbc6b68000 rw-p 00000000 00:00 0 
7ffbc6b68000-7ffbc6b69000 ---p 00000000 00:00 0 
7ffbc6b69000-7ffbc714a000 rw-p 00000000 00:00 0 
7ffbc714a000-7ffbcab5a000 ---p 00000000 00:00 0 
7ffbcab5a000-7ffbcaf3a000 rw-p 00000000 00:00 0 
7ffbcaf3a000-7ffbce94a000 ---p 00000000 00:00 0 
7ffbce94a000-7ffbce9c6000 rw-p 00000000 00:00 0 
7ffbce9c6000-7ffbcf108000 ---p 00000000 00:00 0 
7ffbcf108000-7ffbcf184000 rw-p 00000000 00:00 0 
7ffbcf184000-7ffbcf8c6000 ---p 00000000 00:00 0 
7ffbcf8c6000-7ffbcf942000 rw-p 00000000 00:00 0 
7ffbcf942000-7ffbd0084000 ---p 00000000 00:00 0 
7ffbd0084000-7ffbd078b000 rw-p 00000000 00:00 0 
7ffbd078b000-7ffbd09fb000 rwxp 00000000 00:00 0 
7ffbd09fb000-7ffbd0d1d000 ---p 00000000 00:00 0 
7ffbd0d1d000-7ffbd0f8d000 rwxp 00000000 00:00 0 
7ffbd0f8d000-7ffbd8254000 ---p 00000000 00:00 0 
7ffbd8254000-7ffbd84c4000 rwxp 00000000 00:00 0 
7ffbd84c4000-7ffbdf78b000 ---p 00000000 00:00 0 
7ffbdf78b000-7ffbe8000000 r--s 00000000 103:07 1707147                   /usr/lib/jvm/java-13-openjdk-amd64/lib/modules
7ffbe8000000-7ffbe8597000 rw-p 00000000 00:00 0 
7ffbe8597000-7ffbec000000 ---p 00000000 00:00 0 
7ffbec012000-7ffbec016000 r--p 00000000 103:07 1707137                   /usr/lib/jvm/java-13-openjdk-amd64/lib/libnet.so
7ffbec016000-7ffbec024000 r-xp 00004000 103:07 1707137                   /usr/lib/jvm/java-13-openjdk-amd64/lib/libnet.so
7ffbec024000-7ffbec028000 r--p 00012000 103:07 1707137                   /usr/lib/jvm/java-13-openjdk-amd64/lib/libnet.so
7ffbec028000-7ffbec029000 r--p 00015000 103:07 1707137                   /usr/lib/jvm/java-13-openjdk-amd64/lib/libnet.so
7ffbec029000-7ffbec02a000 rw-p 00016000 103:07 1707137                   /usr/lib/jvm/java-13-openjdk-amd64/lib/libnet.so
7ffbec02a000-7ffbec031000 r--p 00000000 103:07 1707138                   /usr/lib/jvm/java-13-openjdk-amd64/lib/libnio.so
7ffbec031000-7ffbec03a000 r-xp 00007000 103:07 1707138                   /usr/lib/jvm/java-13-openjdk-amd64/lib/libnio.so
7ffbec03a000-7ffbec03e000 r--p 00010000 103:07 1707138                   /usr/lib/jvm/java-13-openjdk-amd64/lib/libnio.so
7ffbec03e000-7ffbec03f000 r--p 00013000 103:07 1707138                   /usr/lib/jvm/java-13-openjdk-amd64/lib/libnio.so
7ffbec03f000-7ffbec040000 rw-p 00014000 103:07 1707138                   /usr/lib/jvm/java-13-openjdk-amd64/lib/libnio.so
7ffbec040000-7ffbec042000 r--p 00000000 103:07 1707116                   /usr/lib/jvm/java-13-openjdk-amd64/lib/libdt_socket.so
7ffbec042000-7ffbec045000 r-xp 00002000 103:07 1707116                   /usr/lib/jvm/java-13-openjdk-amd64/lib/libdt_socket.so
7ffbec045000-7ffbec046000 r--p 00005000 103:07 1707116                   /usr/lib/jvm/java-13-openjdk-amd64/lib/libdt_socket.so
7ffbec046000-7ffbec047000 ---p 00006000 103:07 1707116                   /usr/lib/jvm/java-13-openjdk-amd64/lib/libdt_socket.so
7ffbec047000-7ffbec048000 r--p 00006000 103:07 1707116                   /usr/lib/jvm/java-13-openjdk-amd64/lib/libdt_socket.so
7ffbec048000-7ffbec049000 rw-p 00007000 103:07 1707116                   /usr/lib/jvm/java-13-openjdk-amd64/lib/libdt_socket.so
7ffbec049000-7ffbec050000 r--s 00000000 103:07 2100873                   /usr/lib/x86_64-linux-gnu/gconv/gconv-modules.cache
7ffbec050000-7ffbec3f4000 rw-p 00000000 00:00 0 
7ffbec3f4000-7ffbec4da000 ---p 00000000 00:00 0 
7ffbec4da000-7ffbec4df000 rw-p 00000000 00:00 0 
7ffbec4df000-7ffbec5c5000 ---p 00000000 00:00 0 
7ffbec5c5000-7ffbec5ca000 rw-p 00000000 00:00 0 
7ffbec5ca000-7ffbec5d1000 ---p 00000000 00:00 0 
7ffbec5d1000-7ffbec5d4000 r--p 00000000 103:07 1447763                   /usr/lib/x86_64-linux-gnu/libnss_files-2.31.so
7ffbec5d4000-7ffbec5db000 r-xp 00003000 103:07 1447763                   /usr/lib/x86_64-linux-gnu/libnss_files-2.31.so
7ffbec5db000-7ffbec5dd000 r--p 0000a000 103:07 1447763                   /usr/lib/x86_64-linux-gnu/libnss_files-2.31.so
7ffbec5dd000-7ffbec5de000 r--p 0000b000 103:07 1447763                   /usr/lib/x86_64-linux-gnu/libnss_files-2.31.so
7ffbec5de000-7ffbec5df000 rw-p 0000c000 103:07 1447763                   /usr/lib/x86_64-linux-gnu/libnss_files-2.31.so
7ffbec5df000-7ffbec5e5000 rw-p 00000000 00:00 0 
7ffbec5e6000-7ffbec5e8000 r--s 0000c000 103:07 2236304                   /usr/share/java/java-atk-wrapper.jar
7ffbec5e8000-7ffbec5ea000 r--p 00000000 103:07 1707146                   /usr/lib/jvm/java-13-openjdk-amd64/lib/libzip.so
7ffbec5ea000-7ffbec5ee000 r-xp 00002000 103:07 1707146                   /usr/lib/jvm/java-13-openjdk-amd64/lib/libzip.so
7ffbec5ee000-7ffbec5f0000 r--p 00006000 103:07 1707146                   /usr/lib/jvm/java-13-openjdk-amd64/lib/libzip.so
7ffbec5f0000-7ffbec5f1000 r--p 00007000 103:07 1707146                   /usr/lib/jvm/java-13-openjdk-amd64/lib/libzip.so
7ffbec5f1000-7ffbec5f2000 rw-p 00008000 103:07 1707146                   /usr/lib/jvm/java-13-openjdk-amd64/lib/libzip.so
7ffbec5f2000-7ffbec5fa000 rw-s 00000000 103:07 3277595                   /tmp/hsperfdata_javier/7417
7ffbec5fa000-7ffbec5fc000 r--p 00000000 103:07 1707119                   /usr/lib/jvm/java-13-openjdk-amd64/lib/libinstrument.so
7ffbec5fc000-7ffbec602000 r-xp 00002000 103:07 1707119                   /usr/lib/jvm/java-13-openjdk-amd64/lib/libinstrument.so
7ffbec602000-7ffbec605000 r--p 00008000 103:07 1707119                   /usr/lib/jvm/java-13-openjdk-amd64/lib/libinstrument.so
7ffbec605000-7ffbec606000 r--p 0000a000 103:07 1707119                   /usr/lib/jvm/java-13-openjdk-amd64/lib/libinstrument.so
7ffbec606000-7ffbec607000 rw-p 0000b000 103:07 1707119                   /usr/lib/jvm/java-13-openjdk-amd64/lib/libinstrument.so
7ffbec607000-7ffbec609000 r--p 00000000 103:07 1707127                   /usr/lib/jvm/java-13-openjdk-amd64/lib/libjdwp.so
7ffbec609000-7ffbec635000 r-xp 00002000 103:07 1707127                   /usr/lib/jvm/java-13-openjdk-amd64/lib/libjdwp.so
7ffbec635000-7ffbec643000 r--p 0002e000 103:07 1707127                   /usr/lib/jvm/java-13-openjdk-amd64/lib/libjdwp.so
7ffbec643000-7ffbec644000 r--p 0003b000 103:07 1707127                   /usr/lib/jvm/java-13-openjdk-amd64/lib/libjdwp.so
7ffbec644000-7ffbec645000 rw-p 0003c000 103:07 1707127                   /usr/lib/jvm/java-13-openjdk-amd64/lib/libjdwp.so
7ffbec645000-7ffbec647000 r--p 00000000 103:07 1707128                   /usr/lib/jvm/java-13-openjdk-amd64/lib/libjimage.so
7ffbec647000-7ffbec64a000 r-xp 00002000 103:07 1707128                   /usr/lib/jvm/java-13-openjdk-amd64/lib/libjimage.so
7ffbec64a000-7ffbec64b000 r--p 00005000 103:07 1707128                   /usr/lib/jvm/java-13-openjdk-amd64/lib/libjimage.so
7ffbec64b000-7ffbec64c000 ---p 00006000 103:07 1707128                   /usr/lib/jvm/java-13-openjdk-amd64/lib/libjimage.so
7ffbec64c000-7ffbec64d000 r--p 00006000 103:07 1707128                   /usr/lib/jvm/java-13-openjdk-amd64/lib/libjimage.so
7ffbec64d000-7ffbec64e000 rw-p 00007000 103:07 1707128                   /usr/lib/jvm/java-13-openjdk-amd64/lib/libjimage.so
7ffbec64e000-7ffbec65b000 r--p 00000000 103:07 1707124                   /usr/lib/jvm/java-13-openjdk-amd64/lib/libjava.so
7ffbec65b000-7ffbec670000 r-xp 0000d000 103:07 1707124                   /usr/lib/jvm/java-13-openjdk-amd64/lib/libjava.so
7ffbec670000-7ffbec676000 r--p 00022000 103:07 1707124                   /usr/lib/jvm/java-13-openjdk-amd64/lib/libjava.so
7ffbec676000-7ffbec677000 ---p 00028000 103:07 1707124                   /usr/lib/jvm/java-13-openjdk-amd64/lib/libjava.so
7ffbec677000-7ffbec678000 r--p 00028000 103:07 1707124                   /usr/lib/jvm/java-13-openjdk-amd64/lib/libjava.so
7ffbec678000-7ffbec67a000 rw-p 00029000 103:07 1707124                   /usr/lib/jvm/java-13-openjdk-amd64/lib/libjava.so
7ffbec67a000-7ffbec67e000 ---p 00000000 00:00 0 
7ffbec67e000-7ffbec77b000 rw-p 00000000 00:00 0 
7ffbec77b000-7ffbec77e000 r--p 00000000 103:07 1447744                   /usr/lib/x86_64-linux-gnu/libgcc_s.so.1
7ffbec77e000-7ffbec790000 r-xp 00003000 103:07 1447744                   /usr/lib/x86_64-linux-gnu/libgcc_s.so.1
7ffbec790000-7ffbec794000 r--p 00015000 103:07 1447744                   /usr/lib/x86_64-linux-gnu/libgcc_s.so.1
7ffbec794000-7ffbec795000 r--p 00018000 103:07 1447744                   /usr/lib/x86_64-linux-gnu/libgcc_s.so.1
7ffbec795000-7ffbec796000 rw-p 00019000 103:07 1447744                   /usr/lib/x86_64-linux-gnu/libgcc_s.so.1
7ffbec796000-7ffbec7a5000 r--p 00000000 103:07 1447757                   /usr/lib/x86_64-linux-gnu/libm-2.31.so
7ffbec7a5000-7ffbec84c000 r-xp 0000f000 103:07 1447757                   /usr/lib/x86_64-linux-gnu/libm-2.31.so
7ffbec84c000-7ffbec8e3000 r--p 000b6000 103:07 1447757                   /usr/lib/x86_64-linux-gnu/libm-2.31.so
7ffbec8e3000-7ffbec8e4000 r--p 0014c000 103:07 1447757                   /usr/lib/x86_64-linux-gnu/libm-2.31.so
7ffbec8e4000-7ffbec8e5000 rw-p 0014d000 103:07 1447757                   /usr/lib/x86_64-linux-gnu/libm-2.31.so
7ffbec8e5000-7ffbec97b000 r--p 00000000 103:07 1447749                   /usr/lib/x86_64-linux-gnu/libstdc++.so.6.0.28
7ffbec97b000-7ffbeca6b000 r-xp 00096000 103:07 1447749                   /usr/lib/x86_64-linux-gnu/libstdc++.so.6.0.28
7ffbeca6b000-7ffbecab4000 r--p 00186000 103:07 1447749                   /usr/lib/x86_64-linux-gnu/libstdc++.so.6.0.28
7ffbecab4000-7ffbecab5000 ---p 001cf000 103:07 1447749                   /usr/lib/x86_64-linux-gnu/libstdc++.so.6.0.28
7ffbecab5000-7ffbecac0000 r--p 001cf000 103:07 1447749                   /usr/lib/x86_64-linux-gnu/libstdc++.so.6.0.28
7ffbecac0000-7ffbecac3000 rw-p 001da000 103:07 1447749                   /usr/lib/x86_64-linux-gnu/libstdc++.so.6.0.28
7ffbecac3000-7ffbecac6000 rw-p 00000000 00:00 0 
7ffbecac6000-7ffbecd4b000 r--p 00000000 103:07 1707152                   /usr/lib/jvm/java-13-openjdk-amd64/lib/server/libjvm.so
7ffbecd4b000-7ffbedac4000 r-xp 00285000 103:07 1707152                   /usr/lib/jvm/java-13-openjdk-amd64/lib/server/libjvm.so
7ffbedac4000-7ffbedd3e000 r--p 00ffe000 103:07 1707152                   /usr/lib/jvm/java-13-openjdk-amd64/lib/server/libjvm.so
7ffbedd3e000-7ffbedd3f000 ---p 01278000 103:07 1707152                   /usr/lib/jvm/java-13-openjdk-amd64/lib/server/libjvm.so
7ffbedd3f000-7ffbede04000 r--p 01278000 103:07 1707152                   /usr/lib/jvm/java-13-openjdk-amd64/lib/server/libjvm.so
7ffbede04000-7ffbede3f000 rw-p 0133d000 103:07 1707152                   /usr/lib/jvm/java-13-openjdk-amd64/lib/server/libjvm.so
7ffbede3f000-7ffbedec5000 rw-p 00000000 00:00 0 
7ffbedec5000-7ffbedecc000 r--p 00000000 103:07 1447768                   /usr/lib/x86_64-linux-gnu/libpthread-2.31.so
7ffbedecc000-7ffbededd000 r-xp 00007000 103:07 1447768                   /usr/lib/x86_64-linux-gnu/libpthread-2.31.so
7ffbededd000-7ffbedee2000 r--p 00018000 103:07 1447768                   /usr/lib/x86_64-linux-gnu/libpthread-2.31.so
7ffbedee2000-7ffbedee3000 r--p 0001c000 103:07 1447768                   /usr/lib/x86_64-linux-gnu/libpthread-2.31.so
7ffbedee3000-7ffbedee4000 rw-p 0001d000 103:07 1447768                   /usr/lib/x86_64-linux-gnu/libpthread-2.31.so
7ffbedee4000-7ffbedee8000 rw-p 00000000 00:00 0 
7ffbedee8000-7ffbedee9000 r--p 00000000 103:07 1447756                   /usr/lib/x86_64-linux-gnu/libdl-2.31.so
7ffbedee9000-7ffbedeeb000 r-xp 00001000 103:07 1447756                   /usr/lib/x86_64-linux-gnu/libdl-2.31.so
7ffbedeeb000-7ffbedeec000 r--p 00003000 103:07 1447756                   /usr/lib/x86_64-linux-gnu/libdl-2.31.so
7ffbedeec000-7ffbedeed000 r--p 00003000 103:07 1447756                   /usr/lib/x86_64-linux-gnu/libdl-2.31.so
7ffbedeed000-7ffbedeee000 rw-p 00004000 103:07 1447756                   /usr/lib/x86_64-linux-gnu/libdl-2.31.so
7ffbedeee000-7ffbedef0000 r--p 00000000 103:07 1441986                   /usr/lib/x86_64-linux-gnu/libz.so.1.2.11
7ffbedef0000-7ffbedf01000 r-xp 00002000 103:07 1441986                   /usr/lib/x86_64-linux-gnu/libz.so.1.2.11
7ffbedf01000-7ffbedf07000 r--p 00013000 103:07 1441986                   /usr/lib/x86_64-linux-gnu/libz.so.1.2.11
7ffbedf07000-7ffbedf08000 ---p 00019000 103:07 1441986                   /usr/lib/x86_64-linux-gnu/libz.so.1.2.11
7ffbedf08000-7ffbedf09000 r--p 00019000 103:07 1441986                   /usr/lib/x86_64-linux-gnu/libz.so.1.2.11
7ffbedf09000-7ffbedf0a000 rw-p 0001a000 103:07 1441986                   /usr/lib/x86_64-linux-gnu/libz.so.1.2.11
7ffbedf0a000-7ffbedf2f000 r--p 00000000 103:07 1447755                   /usr/lib/x86_64-linux-gnu/libc-2.31.so
7ffbedf2f000-7ffbee0a7000 r-xp 00025000 103:07 1447755                   /usr/lib/x86_64-linux-gnu/libc-2.31.so
7ffbee0a7000-7ffbee0f1000 r--p 0019d000 103:07 1447755                   /usr/lib/x86_64-linux-gnu/libc-2.31.so
7ffbee0f1000-7ffbee0f2000 ---p 001e7000 103:07 1447755                   /usr/lib/x86_64-linux-gnu/libc-2.31.so
7ffbee0f2000-7ffbee0f5000 r--p 001e7000 103:07 1447755                   /usr/lib/x86_64-linux-gnu/libc-2.31.so
7ffbee0f5000-7ffbee0f8000 rw-p 001ea000 103:07 1447755                   /usr/lib/x86_64-linux-gnu/libc-2.31.so
7ffbee0f8000-7ffbee0fc000 rw-p 00000000 00:00 0 
7ffbee0fd000-7ffbee0fe000 ---p 00000000 00:00 0 
7ffbee0fe000-7ffbee0ff000 r--p 00000000 00:00 0 
7ffbee0ff000-7ffbee104000 r--p 00000000 103:07 1707145                   /usr/lib/jvm/java-13-openjdk-amd64/lib/libverify.so
7ffbee104000-7ffbee10b000 r-xp 00005000 103:07 1707145                   /usr/lib/jvm/java-13-openjdk-amd64/lib/libverify.so
7ffbee10b000-7ffbee10d000 r--p 0000c000 103:07 1707145                   /usr/lib/jvm/java-13-openjdk-amd64/lib/libverify.so
7ffbee10d000-7ffbee10e000 ---p 0000e000 103:07 1707145                   /usr/lib/jvm/java-13-openjdk-amd64/lib/libverify.so
7ffbee10e000-7ffbee110000 r--p 0000e000 103:07 1707145                   /usr/lib/jvm/java-13-openjdk-amd64/lib/libverify.so
7ffbee110000-7ffbee111000 rw-p 00010000 103:07 1707145                   /usr/lib/jvm/java-13-openjdk-amd64/lib/libverify.so
7ffbee111000-7ffbee114000 r--p 00000000 103:07 1707129                   /usr/lib/jvm/java-13-openjdk-amd64/lib/libjli.so
7ffbee114000-7ffbee11e000 r-xp 00003000 103:07 1707129                   /usr/lib/jvm/java-13-openjdk-amd64/lib/libjli.so
7ffbee11e000-7ffbee121000 r--p 0000d000 103:07 1707129                   /usr/lib/jvm/java-13-openjdk-amd64/lib/libjli.so
7ffbee121000-7ffbee122000 r--p 0000f000 103:07 1707129                   /usr/lib/jvm/java-13-openjdk-amd64/lib/libjli.so
7ffbee122000-7ffbee123000 rw-p 00010000 103:07 1707129                   /usr/lib/jvm/java-13-openjdk-amd64/lib/libjli.so
7ffbee123000-7ffbee125000 rw-p 00000000 00:00 0 
7ffbee125000-7ffbee126000 r--p 00000000 103:07 1447751                   /usr/lib/x86_64-linux-gnu/ld-2.31.so
7ffbee126000-7ffbee149000 r-xp 00001000 103:07 1447751                   /usr/lib/x86_64-linux-gnu/ld-2.31.so
7ffbee149000-7ffbee151000 r--p 00024000 103:07 1447751                   /usr/lib/x86_64-linux-gnu/ld-2.31.so
7ffbee151000-7ffbee152000 ---p 00000000 00:00 0 
7ffbee152000-7ffbee153000 r--p 0002c000 103:07 1447751                   /usr/lib/x86_64-linux-gnu/ld-2.31.so
7ffbee153000-7ffbee154000 rw-p 0002d000 103:07 1447751                   /usr/lib/x86_64-linux-gnu/ld-2.31.so
7ffbee154000-7ffbee155000 rw-p 00000000 00:00 0 
7ffe00a73000-7ffe00a94000 rw-p 00000000 00:00 0                          [stack]
7ffe00b89000-7ffe00b8d000 r--p 00000000 00:00 0                          [vvar]
7ffe00b8d000-7ffe00b8f000 r-xp 00000000 00:00 0                          [vdso]
ffffffffff600000-ffffffffff601000 --xp 00000000 00:00 0                  [vsyscall]


VM Arguments:
jvm_args: -agentlib:jdwp=transport=dt_socket,suspend=y,address=localhost:35639 -javaagent:/home/javier/Escritorio/eclipse/java-2020-12/eclipse/configuration/org.eclipse.osgi/671/0/.cp/lib/javaagent-shaded.jar -Dfile.encoding=UTF-8 
java_command: empresa.MainPrueba
java_class_path (initial): /home/javier/Escritorio/repoJavierCampos/programacionJava/SimulacroColecciones/bin
Launcher Type: SUN_STANDARD

[Global flags]
     intx CICompilerCount                          = 4                                         {product} {ergonomic}
     uint ConcGCThreads                            = 3                                         {product} {ergonomic}
     uint G1ConcRefinementThreads                  = 10                                        {product} {ergonomic}
   size_t G1HeapRegionSize                         = 1048576                                   {product} {ergonomic}
    uintx GCDrainStackTargetSize                   = 64                                        {product} {ergonomic}
   size_t InitialHeapSize                          = 260046848                                 {product} {ergonomic}
   size_t MarkStackSize                            = 4194304                                   {product} {ergonomic}
   size_t MaxHeapSize                              = 4156555264                                {product} {ergonomic}
   size_t MaxNewSize                               = 2493513728                                {product} {ergonomic}
   size_t MinHeapDeltaBytes                        = 1048576                                   {product} {ergonomic}
   size_t MinHeapSize                              = 8388608                                   {product} {ergonomic}
    uintx NonNMethodCodeHeapSize                   = 5839372                                {pd product} {ergonomic}
    uintx NonProfiledCodeHeapSize                  = 122909434                              {pd product} {ergonomic}
    uintx ProfiledCodeHeapSize                     = 122909434                              {pd product} {ergonomic}
    uintx ReservedCodeCacheSize                    = 251658240                              {pd product} {ergonomic}
     bool SegmentedCodeCache                       = true                                      {product} {ergonomic}
   size_t SoftMaxHeapSize                          = 4156555264                             {manageable} {ergonomic}
     bool UseCompressedClassPointers               = true                                 {lp64_product} {ergonomic}
     bool UseCompressedOops                        = true                                 {lp64_product} {ergonomic}
     bool UseG1GC                                  = true                                      {product} {ergonomic}

Logging:
Log output configuration:
 #0: stdout all=warning uptime,level,tags
 #1: stderr all=off uptime,level,tags

Environment Variables:
PATH=/usr/local/sbin:/usr/local/bin:/usr/sbin:/usr/bin:/sbin:/bin:/usr/games:/usr/local/games:/snap/bin
USERNAME=javier
SHELL=/bin/bash
DISPLAY=:1

Signal Handlers:
SIGSEGV: [libjvm.so+0xf89f40], sa_mask[0]=11111111011111111101111111111110, sa_flags=SA_RESTART|SA_SIGINFO
SIGBUS: [libjvm.so+0xf89f40], sa_mask[0]=11111111011111111101111111111110, sa_flags=SA_RESTART|SA_SIGINFO
SIGFPE: [libjvm.so+0xf89f40], sa_mask[0]=11111111011111111101111111111110, sa_flags=SA_RESTART|SA_SIGINFO
SIGPIPE: [libjvm.so+0xc3ac60], sa_mask[0]=11111111011111111101111111111110, sa_flags=SA_RESTART|SA_SIGINFO
SIGXFSZ: [libjvm.so+0xc3ac60], sa_mask[0]=11111111011111111101111111111110, sa_flags=SA_RESTART|SA_SIGINFO
SIGILL: [libjvm.so+0xf89f40], sa_mask[0]=11111111011111111101111111111110, sa_flags=SA_RESTART|SA_SIGINFO
SIGUSR2: [libjvm.so+0xc3ab00], sa_mask[0]=00100000000000000000000000000000, sa_flags=SA_RESTART|SA_SIGINFO
SIGHUP: [libjvm.so+0xc3b240], sa_mask[0]=11111111011111111101111111111110, sa_flags=SA_RESTART|SA_SIGINFO
SIGINT: [libjvm.so+0xc3b240], sa_mask[0]=11111111011111111101111111111110, sa_flags=SA_RESTART|SA_SIGINFO
SIGTERM: [libjvm.so+0xc3b240], sa_mask[0]=11111111011111111101111111111110, sa_flags=SA_RESTART|SA_SIGINFO
SIGQUIT: [libjvm.so+0xc3b240], sa_mask[0]=11111111011111111101111111111110, sa_flags=SA_RESTART|SA_SIGINFO


---------------  S Y S T E M  ---------------

OS:DISTRIB_ID=Ubuntu
DISTRIB_RELEASE=20.04
DISTRIB_CODENAME=focal
DISTRIB_DESCRIPTION="Ubuntu 20.04.2 LTS"
uname:Linux 5.8.0-48-generic #54~20.04.1-Ubuntu SMP Sat Mar 20 13:40:25 UTC 2021 x86_64
OS uptime: 0 days 0:56 hours
libc:glibc 2.31 NPTL 2.31 
rlimit (soft/hard): STACK 8192k/infinity , CORE 0k/infinity , NPROC 63182/63182 , NOFILE 1048576/1048576 , AS infinity/infinity , CPU infinity/infinity , DATA infinity/infinity , FSIZE infinity/infinity , MEMLOCK 65536k/65536k
load average:2,46 1,33 1,07

/proc/meminfo:
MemTotal:       16233848 kB
MemFree:         9856868 kB
MemAvailable:   11704024 kB
Buffers:          104240 kB
Cached:          2084676 kB
SwapCached:            0 kB
Active:          4378300 kB
Inactive:        1364052 kB
Active(anon):    3563612 kB
Inactive(anon):   147244 kB
Active(file):     814688 kB
Inactive(file):  1216808 kB
Unevictable:        9084 kB
Mlocked:             112 kB
SwapTotal:       2097148 kB
SwapFree:        2097148 kB
Dirty:             15744 kB
Writeback:             0 kB
AnonPages:       3562640 kB
Mapped:           895556 kB
Shmem:            159108 kB
KReclaimable:     146504 kB
Slab:             374832 kB
SReclaimable:     146504 kB
SUnreclaim:       228328 kB
KernelStack:       24608 kB
PageTables:        36584 kB
NFS_Unstable:          0 kB
Bounce:                0 kB
WritebackTmp:          0 kB
CommitLimit:    10214072 kB
Committed_AS:   13316344 kB
VmallocTotal:   34359738367 kB
VmallocUsed:       88900 kB
VmallocChunk:          0 kB
Percpu:            14272 kB
HardwareCorrupted:     0 kB
AnonHugePages:         0 kB
ShmemHugePages:        0 kB
ShmemPmdMapped:        0 kB
FileHugePages:         0 kB
FilePmdMapped:         0 kB
HugePages_Total:       0
HugePages_Free:        0
HugePages_Rsvd:        0
HugePages_Surp:        0
Hugepagesize:       2048 kB
Hugetlb:               0 kB
DirectMap4k:      531460 kB
DirectMap2M:     8744960 kB
DirectMap1G:     7340032 kB

/sys/kernel/mm/transparent_hugepage/enabled:
always [madvise] never

/sys/kernel/mm/transparent_hugepage/defrag (defrag/compaction efforts parameter):
always defer defer+madvise [madvise] never


/proc/sys/kernel/threads-max (system-wide limit on the number of threads):
126364


/proc/sys/vm/max_map_count (maximum number of memory map areas a process may have):
65530


/proc/sys/kernel/pid_max (system-wide limit on number of process identifiers):
4194304



container (cgroup) information:
container_type: cgroupv1
cpu_cpuset_cpus: 0-11
cpu_memory_nodes: 0
active_processor_count: 12
cpu_quota: no quota
cpu_period: 100000
cpu_shares: no shares
memory_limit_in_bytes: unlimited
memory_and_swap_limit_in_bytes: unlimited
memory_soft_limit_in_bytes: unlimited
memory_usage_in_bytes: 4259364864
memory_max_usage_in_bytes: 4325965824

Steal ticks since vm start: 0
Steal ticks percentage since vm start:  0,000

CPU:total 12 (initial active 12) (6 cores per cpu, 2 threads per core) family 6 model 158 stepping 13, cmov, cx8, fxsr, mmx, sse, sse2, sse3, ssse3, sse4.1, sse4.2, popcnt, avx, avx2, aes, clmul, erms, 3dnowpref, lzcnt, ht, tsc, tscinvbit, bmi1, bmi2, adx, fma
CPU Model and flags from /proc/cpuinfo:
model name	: Intel(R) Core(TM) i7-9750H CPU @ 2.60GHz
flags		: fpu vme de pse tsc msr pae mce cx8 apic sep mtrr pge mca cmov pat pse36 clflush dts acpi mmx fxsr sse sse2 ss ht tm pbe syscall nx pdpe1gb rdtscp lm constant_tsc art arch_perfmon pebs bts rep_good nopl xtopology nonstop_tsc cpuid aperfmperf pni pclmulqdq dtes64 monitor ds_cpl vmx est tm2 ssse3 sdbg fma cx16 xtpr pdcm pcid sse4_1 sse4_2 x2apic movbe popcnt tsc_deadline_timer aes xsave avx f16c rdrand lahf_lm abm 3dnowprefetch cpuid_fault epb invpcid_single ssbd ibrs ibpb stibp ibrs_enhanced tpr_shadow vnmi flexpriority ept vpid ept_ad fsgsbase tsc_adjust bmi1 avx2 smep bmi2 erms invpcid mpx rdseed adx smap clflushopt intel_pt xsaveopt xsavec xgetbv1 xsaves dtherm ida arat pln pts hwp hwp_notify hwp_act_window hwp_epp md_clear flush_l1d arch_capabilities

Memory: 4k page, physical 16233848k(9856876k free), swap 2097148k(2097148k free)

vm_info: OpenJDK 64-Bit Server VM (13.0.4+8-Ubuntu-120.04) for linux-amd64 JRE (13.0.4+8-Ubuntu-120.04), built on Jul 21 2020 11:36:52 by "unknown" with gcc 9.3.0

END.
