#
# A fatal error has been detected by the Java Runtime Environment:
#
#  SIGSEGV (0xb) at pc=0x00007f2ecbcd29f7, pid=6902, tid=6926
#
# JRE version: OpenJDK Runtime Environment (13.0.4+8) (build 13.0.4+8-Ubuntu-120.04)
# Java VM: OpenJDK 64-Bit Server VM (13.0.4+8-Ubuntu-120.04, mixed mode, tiered, compressed oops, g1 gc, linux-amd64)
# Problematic frame:
# V  [libjvm.so+0x6609f7]
#
# Core dump will be written. Default location: Core dumps may be processed with "/usr/share/apport/apport %p %s %c %d %P %E" (or dumping to /home/javier/Escritorio/repoJavierCampos/programacionJava/SimulacroColecciones/core.6902)
#
# If you would like to submit a bug report, please visit:
#   Unknown
#

---------------  S U M M A R Y ------------

Command Line: -agentlib:jdwp=transport=dt_socket,suspend=y,address=localhost:34189 -javaagent:/home/javier/Escritorio/eclipse/java-2020-12/eclipse/configuration/org.eclipse.osgi/671/0/.cp/lib/javaagent-shaded.jar -Dfile.encoding=UTF-8 empresa.MainPrueba

Host: Intel(R) Core(TM) i7-9750H CPU @ 2.60GHz, 12 cores, 15G, Ubuntu 20.04.2 LTS
Time: Tue Apr 27 18:21:31 2021 CEST elapsed time: 673 seconds (0d 0h 11m 13s)

---------------  T H R E A D  ---------------

Current thread (0x00007f2ec43d0800):  JavaThread "JDWP Transport Listener: dt_socket" daemon [_thread_in_vm, id=6926, stack(0x00007f2e94df7000,0x00007f2e94ef8000)] _threads_hazard_ptr=0x00007f2e6c019e60

Stack: [0x00007f2e94df7000,0x00007f2e94ef8000],  sp=0x00007f2e94ef6248,  free space=1020k
Native frames: (J=compiled Java code, A=aot compiled Java code, j=interpreted, Vv=VM code, C=native code)
V  [libjvm.so+0x6609f7]
V  [libjvm.so+0x7ed3f3]
V  [libjvm.so+0x7eee84]
V  [libjvm.so+0x7ef153]
V  [libjvm.so+0xc2c814]
V  [libjvm.so+0xc2d4fb]
V  [libjvm.so+0xc2da0b]
V  [libjvm.so+0xbce00e]
V  [libjvm.so+0xf78516]
V  [libjvm.so+0xa67ae8]
V  [libjvm.so+0xa67c0c]
V  [libjvm.so+0xf8ff73]
V  [libjvm.so+0xa45045]
V  [libjvm.so+0x9f7b99]
C  [libjdwp.so+0x8e5d]
C  [libjdwp.so+0x125a8]
C  [libjdwp.so+0x24e3b]
V  [libjvm.so+0xa65fc3]
V  [libjvm.so+0xf16d1e]
V  [libjvm.so+0xf1c16f]
V  [libjvm.so+0xc4371f]


siginfo: si_signo: 11 (SIGSEGV), si_code: 2 (SEGV_ACCERR), si_addr: 0x00007f2e94865572

Register to memory mapping:

RAX=0x000000000000a415 is an unknown value
RBX=0x0000000000000001 is an unknown value
RCX=0x00000000000000ca is an unknown value
RDX=0x0 is NULL
RSP=0x00007f2e94ef6248 is pointing into the stack for thread: 0x00007f2ec43d0800
RBP=0x00007f2e94ef62a0 is pointing into the stack for thread: 0x00007f2ec43d0800
RSI=0x000000000000a415 is an unknown value
RDI=0x00007f2e94813488 is pointing into metadata
R8 =0x0000000000000059 is an unknown value
R9 =0x0 is NULL
R10=0x0 is NULL
R11=0x0000000000000009 is an unknown value
R12=0x00007f2e94ef6510 is pointing into the stack for thread: 0x00007f2ec43d0800
R13=0x0 is NULL
R14=0x0000000000000059 is an unknown value
R15=0x00007f2e94813488 is pointing into metadata


Registers:
RAX=0x000000000000a415, RBX=0x0000000000000001, RCX=0x00000000000000ca, RDX=0x0000000000000000
RSP=0x00007f2e94ef6248, RBP=0x00007f2e94ef62a0, RSI=0x000000000000a415, RDI=0x00007f2e94813488
R8 =0x0000000000000059, R9 =0x0000000000000000, R10=0x0000000000000000, R11=0x0000000000000009
R12=0x00007f2e94ef6510, R13=0x0000000000000000, R14=0x0000000000000059, R15=0x00007f2e94813488
RIP=0x00007f2ecbcd29f7, EFLAGS=0x0000000000010a03, CSGSFS=0x002b000000000033, ERR=0x0000000000000004
  TRAPNO=0x000000000000000e

Top of Stack: (sp=0x00007f2e94ef6248)
0x00007f2e94ef6248:   00007f2ecbe5af02 0000000046000026
0x00007f2e94ef6258:   0000000a00000064 8fffffff2fffffff
0x00007f2e94ef6268:   00007f2ecca1ae30 00007f2e94ef62f0
0x00007f2e94ef6278:   0000000000000063 00000000000000b4 

Instructions: (pc=0x00007f2ecbcd29f7)
0x00007f2ecbcd28f7:   e5 41 55 41 89 d5 41 54 49 89 fc 53 48 63 de 48
0x00007f2ecbcd2907:   83 ec 08 85 db 78 32 45 84 ed 75 19 49 8b 44 24
0x00007f2ecbcd2917:   10 48 85 c0 74 0f 48 c1 e3 05 48 8d 44 18 28 48
0x00007f2ecbcd2927:   8b 18 0f b7 db 41 0f b7 44 dc 40 48 83 c4 08 5b
0x00007f2ecbcd2937:   41 5c 41 5d 5d c3 0f 1f 00 48 8d 05 b1 28 ce 00
0x00007f2ecbcd2947:   48 8d 0d 52 35 9d 00 48 8d 15 83 35 9d 00 be 96
0x00007f2ecbcd2957:   02 00 00 48 8d 3d b7 35 9d 00 48 8b 00 c6 00 58
0x00007f2ecbcd2967:   31 c0 e8 82 c3 00 00 e8 bd b5 5d 00 eb 99 90 66
0x00007f2ecbcd2977:   2e 0f 1f 84 00 00 00 00 00 f3 0f 1e fa 48 8b 47
0x00007f2ecbcd2987:   10 48 63 f6 48 c1 e6 05 48 8d 44 30 28 48 8b 00
0x00007f2ecbcd2997:   0f b7 c0 c3 90 0f 1f 40 00 f3 0f 1e fa 8b 46 08
0x00007f2ecbcd29a7:   48 89 d1 05 00 00 00 40 3d 00 00 00 40 76 1a 48
0x00007f2ecbcd29b7:   8b 07 ba 01 00 00 00 48 8b 78 18 e9 49 b6 45 00
0x00007f2ecbcd29c7:   66 0f 1f 84 00 00 00 00 00 c3 90 66 66 2e 0f 1f
0x00007f2ecbcd29d7:   84 00 00 00 00 00 0f 1f 00 f3 0f 1e fa 48 63 f6
0x00007f2ecbcd29e7:   0f b7 44 f7 40 c3 90 66 90 f3 0f 1e fa 48 63 f6
0x00007f2ecbcd29f7:   0f b7 44 f7 42 c3 90 66 90 f3 0f 1e fa 48 63 f6
0x00007f2ecbcd2a07:   0f b7 44 f7 42 48 8b 44 c7 40 c3 66 66 2e 0f 1f
0x00007f2ecbcd2a17:   84 00 00 00 00 00 0f 1f 00 f3 0f 1e fa 55 48 89
0x00007f2ecbcd2a27:   e5 41 54 49 89 fc 53 89 f3 85 f6 78 3c 49 8b 44
0x00007f2ecbcd2a37:   24 10 48 63 f3 48 85 c0 74 0f 48 c1 e6 05 48 8d
0x00007f2ecbcd2a47:   44 30 28 48 8b 30 0f b7 f6 41 0f b7 44 f4 40 5b
0x00007f2ecbcd2a57:   41 0f b7 44 c4 42 49 8b 44 c4 40 41 5c 5d c3 66
0x00007f2ecbcd2a67:   2e 0f 1f 84 00 00 00 00 00 48 8d 05 81 27 ce 00
0x00007f2ecbcd2a77:   48 8d 0d 22 34 9d 00 48 8d 15 53 34 9d 00 be 96
0x00007f2ecbcd2a87:   02 00 00 48 8d 3d 87 34 9d 00 48 8b 00 c6 00 58
0x00007f2ecbcd2a97:   31 c0 e8 52 c2 00 00 e8 8d b4 5d 00 eb 8f 90 66
0x00007f2ecbcd2aa7:   2e 0f 1f 84 00 00 00 00 00 f3 0f 1e fa 55 48 89
0x00007f2ecbcd2ab7:   e5 41 54 49 89 fc 53 48 63 de 85 db 78 1b 41 0f
0x00007f2ecbcd2ac7:   b7 44 dc 40 5b 41 0f b7 44 c4 42 49 8b 44 c4 40
0x00007f2ecbcd2ad7:   41 5c 5d c3 0f 1f 44 00 00 48 8d 05 11 27 ce 00
0x00007f2ecbcd2ae7:   48 8d 0d b2 33 9d 00 48 8d 15 e3 33 9d 00 be 96 


Stack slot to memory mapping:
stack at sp + 0 slots: 0x00007f2ecbe5af02: <offset 0x00000000007e8f02> in /usr/lib/jvm/java-13-openjdk-amd64/lib/server/libjvm.so at 0x00007f2ecb672000
stack at sp + 1 slots: 0x0000000046000026 is an unknown value
stack at sp + 2 slots: 0x0000000a00000064 is an unknown value
stack at sp + 3 slots: 0x8fffffff2fffffff is an unknown value
stack at sp + 4 slots: 0x00007f2ecca1ae30: <offset 0x00000000013a8e30> in /usr/lib/jvm/java-13-openjdk-amd64/lib/server/libjvm.so at 0x00007f2ecb672000
stack at sp + 5 slots: 0x00007f2e94ef62f0 is pointing into the stack for thread: 0x00007f2ec43d0800
stack at sp + 6 slots: 0x0000000000000063 is an unknown value
stack at sp + 7 slots: 0x00000000000000b4 is an unknown value


---------------  P R O C E S S  ---------------

Threads class SMR info:
_java_thread_list=0x00007f2e6c019e60, length=12, elements={
0x00007f2ec401a800, 0x00007f2ec426e000, 0x00007f2ec4271000, 0x00007f2ec4296000,
0x00007f2ec4298000, 0x00007f2ec429a000, 0x00007f2ec429c000, 0x00007f2ec436d800,
0x00007f2ec43d0800, 0x00007f2ec43d4800, 0x00007f2e60001800, 0x00007f2ec44a2800
}

Java Threads: ( => current thread )
  0x00007f2ec401a800 JavaThread "main" [_thread_blocked, id=6909, stack(0x00007f2ecb226000,0x00007f2ecb327000)]
  0x00007f2ec426e000 JavaThread "Reference Handler" daemon [_thread_blocked, id=6917, stack(0x00007f2e95dfd000,0x00007f2e95efe000)]
  0x00007f2ec4271000 JavaThread "Finalizer" daemon [_thread_blocked, id=6918, stack(0x00007f2e95cfc000,0x00007f2e95dfd000)]
  0x00007f2ec4296000 JavaThread "Signal Dispatcher" daemon [_thread_blocked, id=6919, stack(0x00007f2e953fd000,0x00007f2e954fe000)]
  0x00007f2ec4298000 JavaThread "C2 CompilerThread0" daemon [_thread_blocked, id=6920, stack(0x00007f2e952fc000,0x00007f2e953fd000)]
  0x00007f2ec429a000 JavaThread "C1 CompilerThread0" daemon [_thread_blocked, id=6921, stack(0x00007f2e951fb000,0x00007f2e952fc000)]
  0x00007f2ec429c000 JavaThread "Sweeper thread" daemon [_thread_blocked, id=6922, stack(0x00007f2e950fa000,0x00007f2e951fb000)]
  0x00007f2ec436d800 JavaThread "Common-Cleaner" daemon [_thread_blocked, id=6923, stack(0x00007f2e94ff9000,0x00007f2e950fa000)]
=>0x00007f2ec43d0800 JavaThread "JDWP Transport Listener: dt_socket" daemon [_thread_in_vm, id=6926, stack(0x00007f2e94df7000,0x00007f2e94ef8000)]
  0x00007f2ec43d4800 JavaThread "JDWP Event Helper Thread" daemon [_thread_blocked, id=6928, stack(0x00007f2e94cf6000,0x00007f2e94df7000)]
  0x00007f2e60001800 JavaThread "JDWP Command Reader" daemon [_thread_in_native, id=6930, stack(0x00007f2e94bf5000,0x00007f2e94cf6000)]
  0x00007f2ec44a2800 JavaThread "Service Thread" daemon [_thread_blocked, id=6934, stack(0x00007f2e94af4000,0x00007f2e94bf5000)]

Other Threads:
  0x00007f2ec4261800 VMThread "VM Thread" [stack: 0x00007f2e95f00000,0x00007f2e96000000] [id=6916]
  0x00007f2ec44a4800 WatcherThread [stack: 0x00007f2e949f4000,0x00007f2e94af4000] [id=6935]
  0x00007f2ec4082000 GCTaskThread "GC Thread#0" [stack: 0x00007f2ec8c57000,0x00007f2ec8d57000] [id=6910]
  0x00007f2ec40a3000 ConcurrentGCThread "G1 Main Marker" [stack: 0x00007f2ec8b55000,0x00007f2ec8c55000] [id=6911]
  0x00007f2ec40a5000 ConcurrentGCThread "G1 Conc#0" [stack: 0x00007f2ec8a53000,0x00007f2ec8b53000] [id=6912]
  0x00007f2ec41ad000 ConcurrentGCThread "G1 Refine#0" [stack: 0x00007f2ea4aab000,0x00007f2ea4bab000] [id=6913]
  0x00007f2ec41ae800 ConcurrentGCThread "G1 Young RemSet Sampling" [stack: 0x00007f2ea49a9000,0x00007f2ea4aa9000] [id=6914]

Threads with active compile tasks:

VM state:not at safepoint (normal execution)

VM Mutex/Monitor currently owned by a thread: None

Heap address: 0x0000000708400000, size: 3964 MB, Compressed Oops mode: Zero based, Oop shift amount: 3
Narrow klass base: 0x0000000800000000, Narrow klass shift: 0
Compressed class space size: 1073741824 Address: 0x0000000800000000

Heap:
 garbage-first heap   total 253952K, used 4096K [0x0000000708400000, 0x0000000800000000)
  region size 1024K, 5 young (5120K), 0 survivors (0K)
 Metaspace       used 8973K, capacity 9059K, committed 9344K, reserved 1058816K
  class space    used 779K, capacity 802K, committed 896K, reserved 1048576K
Heap Regions: E=young(eden), S=young(survivor), O=old, HS=humongous(starts), HC=humongous(continues), CS=collection set, F=free, A=archive, TAMS=top-at-mark-start (previous, next)
|   0|0x0000000708400000, 0x0000000708400000, 0x0000000708500000|  0%| F|  |TAMS 0x0000000708400000, 0x0000000708400000| Untracked 
|   1|0x0000000708500000, 0x0000000708500000, 0x0000000708600000|  0%| F|  |TAMS 0x0000000708500000, 0x0000000708500000| Untracked 
|   2|0x0000000708600000, 0x0000000708600000, 0x0000000708700000|  0%| F|  |TAMS 0x0000000708600000, 0x0000000708600000| Untracked 
|   3|0x0000000708700000, 0x0000000708700000, 0x0000000708800000|  0%| F|  |TAMS 0x0000000708700000, 0x0000000708700000| Untracked 
|   4|0x0000000708800000, 0x0000000708800000, 0x0000000708900000|  0%| F|  |TAMS 0x0000000708800000, 0x0000000708800000| Untracked 
|   5|0x0000000708900000, 0x0000000708900000, 0x0000000708a00000|  0%| F|  |TAMS 0x0000000708900000, 0x0000000708900000| Untracked 
|   6|0x0000000708a00000, 0x0000000708a00000, 0x0000000708b00000|  0%| F|  |TAMS 0x0000000708a00000, 0x0000000708a00000| Untracked 
|   7|0x0000000708b00000, 0x0000000708b00000, 0x0000000708c00000|  0%| F|  |TAMS 0x0000000708b00000, 0x0000000708b00000| Untracked 
|   8|0x0000000708c00000, 0x0000000708c00000, 0x0000000708d00000|  0%| F|  |TAMS 0x0000000708c00000, 0x0000000708c00000| Untracked 
|   9|0x0000000708d00000, 0x0000000708d00000, 0x0000000708e00000|  0%| F|  |TAMS 0x0000000708d00000, 0x0000000708d00000| Untracked 
|  10|0x0000000708e00000, 0x0000000708e00000, 0x0000000708f00000|  0%| F|  |TAMS 0x0000000708e00000, 0x0000000708e00000| Untracked 
|  11|0x0000000708f00000, 0x0000000708f00000, 0x0000000709000000|  0%| F|  |TAMS 0x0000000708f00000, 0x0000000708f00000| Untracked 
|  12|0x0000000709000000, 0x0000000709000000, 0x0000000709100000|  0%| F|  |TAMS 0x0000000709000000, 0x0000000709000000| Untracked 
|  13|0x0000000709100000, 0x0000000709100000, 0x0000000709200000|  0%| F|  |TAMS 0x0000000709100000, 0x0000000709100000| Untracked 
|  14|0x0000000709200000, 0x0000000709200000, 0x0000000709300000|  0%| F|  |TAMS 0x0000000709200000, 0x0000000709200000| Untracked 
|  15|0x0000000709300000, 0x0000000709300000, 0x0000000709400000|  0%| F|  |TAMS 0x0000000709300000, 0x0000000709300000| Untracked 
|  16|0x0000000709400000, 0x0000000709400000, 0x0000000709500000|  0%| F|  |TAMS 0x0000000709400000, 0x0000000709400000| Untracked 
|  17|0x0000000709500000, 0x0000000709500000, 0x0000000709600000|  0%| F|  |TAMS 0x0000000709500000, 0x0000000709500000| Untracked 
|  18|0x0000000709600000, 0x0000000709600000, 0x0000000709700000|  0%| F|  |TAMS 0x0000000709600000, 0x0000000709600000| Untracked 
|  19|0x0000000709700000, 0x0000000709700000, 0x0000000709800000|  0%| F|  |TAMS 0x0000000709700000, 0x0000000709700000| Untracked 
|  20|0x0000000709800000, 0x0000000709800000, 0x0000000709900000|  0%| F|  |TAMS 0x0000000709800000, 0x0000000709800000| Untracked 
|  21|0x0000000709900000, 0x0000000709900000, 0x0000000709a00000|  0%| F|  |TAMS 0x0000000709900000, 0x0000000709900000| Untracked 
|  22|0x0000000709a00000, 0x0000000709a00000, 0x0000000709b00000|  0%| F|  |TAMS 0x0000000709a00000, 0x0000000709a00000| Untracked 
|  23|0x0000000709b00000, 0x0000000709b00000, 0x0000000709c00000|  0%| F|  |TAMS 0x0000000709b00000, 0x0000000709b00000| Untracked 
|  24|0x0000000709c00000, 0x0000000709c00000, 0x0000000709d00000|  0%| F|  |TAMS 0x0000000709c00000, 0x0000000709c00000| Untracked 
|  25|0x0000000709d00000, 0x0000000709d00000, 0x0000000709e00000|  0%| F|  |TAMS 0x0000000709d00000, 0x0000000709d00000| Untracked 
|  26|0x0000000709e00000, 0x0000000709e00000, 0x0000000709f00000|  0%| F|  |TAMS 0x0000000709e00000, 0x0000000709e00000| Untracked 
|  27|0x0000000709f00000, 0x0000000709f00000, 0x000000070a000000|  0%| F|  |TAMS 0x0000000709f00000, 0x0000000709f00000| Untracked 
|  28|0x000000070a000000, 0x000000070a000000, 0x000000070a100000|  0%| F|  |TAMS 0x000000070a000000, 0x000000070a000000| Untracked 
|  29|0x000000070a100000, 0x000000070a100000, 0x000000070a200000|  0%| F|  |TAMS 0x000000070a100000, 0x000000070a100000| Untracked 
|  30|0x000000070a200000, 0x000000070a200000, 0x000000070a300000|  0%| F|  |TAMS 0x000000070a200000, 0x000000070a200000| Untracked 
|  31|0x000000070a300000, 0x000000070a300000, 0x000000070a400000|  0%| F|  |TAMS 0x000000070a300000, 0x000000070a300000| Untracked 
|  32|0x000000070a400000, 0x000000070a400000, 0x000000070a500000|  0%| F|  |TAMS 0x000000070a400000, 0x000000070a400000| Untracked 
|  33|0x000000070a500000, 0x000000070a500000, 0x000000070a600000|  0%| F|  |TAMS 0x000000070a500000, 0x000000070a500000| Untracked 
|  34|0x000000070a600000, 0x000000070a600000, 0x000000070a700000|  0%| F|  |TAMS 0x000000070a600000, 0x000000070a600000| Untracked 
|  35|0x000000070a700000, 0x000000070a700000, 0x000000070a800000|  0%| F|  |TAMS 0x000000070a700000, 0x000000070a700000| Untracked 
|  36|0x000000070a800000, 0x000000070a800000, 0x000000070a900000|  0%| F|  |TAMS 0x000000070a800000, 0x000000070a800000| Untracked 
|  37|0x000000070a900000, 0x000000070a900000, 0x000000070aa00000|  0%| F|  |TAMS 0x000000070a900000, 0x000000070a900000| Untracked 
|  38|0x000000070aa00000, 0x000000070aa00000, 0x000000070ab00000|  0%| F|  |TAMS 0x000000070aa00000, 0x000000070aa00000| Untracked 
|  39|0x000000070ab00000, 0x000000070ab00000, 0x000000070ac00000|  0%| F|  |TAMS 0x000000070ab00000, 0x000000070ab00000| Untracked 
|  40|0x000000070ac00000, 0x000000070ac00000, 0x000000070ad00000|  0%| F|  |TAMS 0x000000070ac00000, 0x000000070ac00000| Untracked 
|  41|0x000000070ad00000, 0x000000070ad00000, 0x000000070ae00000|  0%| F|  |TAMS 0x000000070ad00000, 0x000000070ad00000| Untracked 
|  42|0x000000070ae00000, 0x000000070ae00000, 0x000000070af00000|  0%| F|  |TAMS 0x000000070ae00000, 0x000000070ae00000| Untracked 
|  43|0x000000070af00000, 0x000000070af00000, 0x000000070b000000|  0%| F|  |TAMS 0x000000070af00000, 0x000000070af00000| Untracked 
|  44|0x000000070b000000, 0x000000070b000000, 0x000000070b100000|  0%| F|  |TAMS 0x000000070b000000, 0x000000070b000000| Untracked 
|  45|0x000000070b100000, 0x000000070b100000, 0x000000070b200000|  0%| F|  |TAMS 0x000000070b100000, 0x000000070b100000| Untracked 
|  46|0x000000070b200000, 0x000000070b200000, 0x000000070b300000|  0%| F|  |TAMS 0x000000070b200000, 0x000000070b200000| Untracked 
|  47|0x000000070b300000, 0x000000070b300000, 0x000000070b400000|  0%| F|  |TAMS 0x000000070b300000, 0x000000070b300000| Untracked 
|  48|0x000000070b400000, 0x000000070b400000, 0x000000070b500000|  0%| F|  |TAMS 0x000000070b400000, 0x000000070b400000| Untracked 
|  49|0x000000070b500000, 0x000000070b500000, 0x000000070b600000|  0%| F|  |TAMS 0x000000070b500000, 0x000000070b500000| Untracked 
|  50|0x000000070b600000, 0x000000070b600000, 0x000000070b700000|  0%| F|  |TAMS 0x000000070b600000, 0x000000070b600000| Untracked 
|  51|0x000000070b700000, 0x000000070b700000, 0x000000070b800000|  0%| F|  |TAMS 0x000000070b700000, 0x000000070b700000| Untracked 
|  52|0x000000070b800000, 0x000000070b800000, 0x000000070b900000|  0%| F|  |TAMS 0x000000070b800000, 0x000000070b800000| Untracked 
|  53|0x000000070b900000, 0x000000070b900000, 0x000000070ba00000|  0%| F|  |TAMS 0x000000070b900000, 0x000000070b900000| Untracked 
|  54|0x000000070ba00000, 0x000000070ba00000, 0x000000070bb00000|  0%| F|  |TAMS 0x000000070ba00000, 0x000000070ba00000| Untracked 
|  55|0x000000070bb00000, 0x000000070bb00000, 0x000000070bc00000|  0%| F|  |TAMS 0x000000070bb00000, 0x000000070bb00000| Untracked 
|  56|0x000000070bc00000, 0x000000070bc00000, 0x000000070bd00000|  0%| F|  |TAMS 0x000000070bc00000, 0x000000070bc00000| Untracked 
|  57|0x000000070bd00000, 0x000000070bd00000, 0x000000070be00000|  0%| F|  |TAMS 0x000000070bd00000, 0x000000070bd00000| Untracked 
|  58|0x000000070be00000, 0x000000070be00000, 0x000000070bf00000|  0%| F|  |TAMS 0x000000070be00000, 0x000000070be00000| Untracked 
|  59|0x000000070bf00000, 0x000000070bf00000, 0x000000070c000000|  0%| F|  |TAMS 0x000000070bf00000, 0x000000070bf00000| Untracked 
|  60|0x000000070c000000, 0x000000070c000000, 0x000000070c100000|  0%| F|  |TAMS 0x000000070c000000, 0x000000070c000000| Untracked 
|  61|0x000000070c100000, 0x000000070c100000, 0x000000070c200000|  0%| F|  |TAMS 0x000000070c100000, 0x000000070c100000| Untracked 
|  62|0x000000070c200000, 0x000000070c200000, 0x000000070c300000|  0%| F|  |TAMS 0x000000070c200000, 0x000000070c200000| Untracked 
|  63|0x000000070c300000, 0x000000070c300000, 0x000000070c400000|  0%| F|  |TAMS 0x000000070c300000, 0x000000070c300000| Untracked 
|  64|0x000000070c400000, 0x000000070c400000, 0x000000070c500000|  0%| F|  |TAMS 0x000000070c400000, 0x000000070c400000| Untracked 
|  65|0x000000070c500000, 0x000000070c500000, 0x000000070c600000|  0%| F|  |TAMS 0x000000070c500000, 0x000000070c500000| Untracked 
|  66|0x000000070c600000, 0x000000070c600000, 0x000000070c700000|  0%| F|  |TAMS 0x000000070c600000, 0x000000070c600000| Untracked 
|  67|0x000000070c700000, 0x000000070c700000, 0x000000070c800000|  0%| F|  |TAMS 0x000000070c700000, 0x000000070c700000| Untracked 
|  68|0x000000070c800000, 0x000000070c800000, 0x000000070c900000|  0%| F|  |TAMS 0x000000070c800000, 0x000000070c800000| Untracked 
|  69|0x000000070c900000, 0x000000070c900000, 0x000000070ca00000|  0%| F|  |TAMS 0x000000070c900000, 0x000000070c900000| Untracked 
|  70|0x000000070ca00000, 0x000000070ca00000, 0x000000070cb00000|  0%| F|  |TAMS 0x000000070ca00000, 0x000000070ca00000| Untracked 
|  71|0x000000070cb00000, 0x000000070cb00000, 0x000000070cc00000|  0%| F|  |TAMS 0x000000070cb00000, 0x000000070cb00000| Untracked 
|  72|0x000000070cc00000, 0x000000070cc00000, 0x000000070cd00000|  0%| F|  |TAMS 0x000000070cc00000, 0x000000070cc00000| Untracked 
|  73|0x000000070cd00000, 0x000000070cd00000, 0x000000070ce00000|  0%| F|  |TAMS 0x000000070cd00000, 0x000000070cd00000| Untracked 
|  74|0x000000070ce00000, 0x000000070ce00000, 0x000000070cf00000|  0%| F|  |TAMS 0x000000070ce00000, 0x000000070ce00000| Untracked 
|  75|0x000000070cf00000, 0x000000070cf00000, 0x000000070d000000|  0%| F|  |TAMS 0x000000070cf00000, 0x000000070cf00000| Untracked 
|  76|0x000000070d000000, 0x000000070d000000, 0x000000070d100000|  0%| F|  |TAMS 0x000000070d000000, 0x000000070d000000| Untracked 
|  77|0x000000070d100000, 0x000000070d100000, 0x000000070d200000|  0%| F|  |TAMS 0x000000070d100000, 0x000000070d100000| Untracked 
|  78|0x000000070d200000, 0x000000070d200000, 0x000000070d300000|  0%| F|  |TAMS 0x000000070d200000, 0x000000070d200000| Untracked 
|  79|0x000000070d300000, 0x000000070d300000, 0x000000070d400000|  0%| F|  |TAMS 0x000000070d300000, 0x000000070d300000| Untracked 
|  80|0x000000070d400000, 0x000000070d400000, 0x000000070d500000|  0%| F|  |TAMS 0x000000070d400000, 0x000000070d400000| Untracked 
|  81|0x000000070d500000, 0x000000070d500000, 0x000000070d600000|  0%| F|  |TAMS 0x000000070d500000, 0x000000070d500000| Untracked 
|  82|0x000000070d600000, 0x000000070d600000, 0x000000070d700000|  0%| F|  |TAMS 0x000000070d600000, 0x000000070d600000| Untracked 
|  83|0x000000070d700000, 0x000000070d700000, 0x000000070d800000|  0%| F|  |TAMS 0x000000070d700000, 0x000000070d700000| Untracked 
|  84|0x000000070d800000, 0x000000070d800000, 0x000000070d900000|  0%| F|  |TAMS 0x000000070d800000, 0x000000070d800000| Untracked 
|  85|0x000000070d900000, 0x000000070d900000, 0x000000070da00000|  0%| F|  |TAMS 0x000000070d900000, 0x000000070d900000| Untracked 
|  86|0x000000070da00000, 0x000000070da00000, 0x000000070db00000|  0%| F|  |TAMS 0x000000070da00000, 0x000000070da00000| Untracked 
|  87|0x000000070db00000, 0x000000070db00000, 0x000000070dc00000|  0%| F|  |TAMS 0x000000070db00000, 0x000000070db00000| Untracked 
|  88|0x000000070dc00000, 0x000000070dc00000, 0x000000070dd00000|  0%| F|  |TAMS 0x000000070dc00000, 0x000000070dc00000| Untracked 
|  89|0x000000070dd00000, 0x000000070dd00000, 0x000000070de00000|  0%| F|  |TAMS 0x000000070dd00000, 0x000000070dd00000| Untracked 
|  90|0x000000070de00000, 0x000000070de00000, 0x000000070df00000|  0%| F|  |TAMS 0x000000070de00000, 0x000000070de00000| Untracked 
|  91|0x000000070df00000, 0x000000070df00000, 0x000000070e000000|  0%| F|  |TAMS 0x000000070df00000, 0x000000070df00000| Untracked 
|  92|0x000000070e000000, 0x000000070e000000, 0x000000070e100000|  0%| F|  |TAMS 0x000000070e000000, 0x000000070e000000| Untracked 
|  93|0x000000070e100000, 0x000000070e100000, 0x000000070e200000|  0%| F|  |TAMS 0x000000070e100000, 0x000000070e100000| Untracked 
|  94|0x000000070e200000, 0x000000070e200000, 0x000000070e300000|  0%| F|  |TAMS 0x000000070e200000, 0x000000070e200000| Untracked 
|  95|0x000000070e300000, 0x000000070e300000, 0x000000070e400000|  0%| F|  |TAMS 0x000000070e300000, 0x000000070e300000| Untracked 
|  96|0x000000070e400000, 0x000000070e400000, 0x000000070e500000|  0%| F|  |TAMS 0x000000070e400000, 0x000000070e400000| Untracked 
|  97|0x000000070e500000, 0x000000070e500000, 0x000000070e600000|  0%| F|  |TAMS 0x000000070e500000, 0x000000070e500000| Untracked 
|  98|0x000000070e600000, 0x000000070e600000, 0x000000070e700000|  0%| F|  |TAMS 0x000000070e600000, 0x000000070e600000| Untracked 
|  99|0x000000070e700000, 0x000000070e700000, 0x000000070e800000|  0%| F|  |TAMS 0x000000070e700000, 0x000000070e700000| Untracked 
| 100|0x000000070e800000, 0x000000070e800000, 0x000000070e900000|  0%| F|  |TAMS 0x000000070e800000, 0x000000070e800000| Untracked 
| 101|0x000000070e900000, 0x000000070e900000, 0x000000070ea00000|  0%| F|  |TAMS 0x000000070e900000, 0x000000070e900000| Untracked 
| 102|0x000000070ea00000, 0x000000070ea00000, 0x000000070eb00000|  0%| F|  |TAMS 0x000000070ea00000, 0x000000070ea00000| Untracked 
| 103|0x000000070eb00000, 0x000000070eb00000, 0x000000070ec00000|  0%| F|  |TAMS 0x000000070eb00000, 0x000000070eb00000| Untracked 
| 104|0x000000070ec00000, 0x000000070ec00000, 0x000000070ed00000|  0%| F|  |TAMS 0x000000070ec00000, 0x000000070ec00000| Untracked 
| 105|0x000000070ed00000, 0x000000070ed00000, 0x000000070ee00000|  0%| F|  |TAMS 0x000000070ed00000, 0x000000070ed00000| Untracked 
| 106|0x000000070ee00000, 0x000000070ee00000, 0x000000070ef00000|  0%| F|  |TAMS 0x000000070ee00000, 0x000000070ee00000| Untracked 
| 107|0x000000070ef00000, 0x000000070ef00000, 0x000000070f000000|  0%| F|  |TAMS 0x000000070ef00000, 0x000000070ef00000| Untracked 
| 108|0x000000070f000000, 0x000000070f000000, 0x000000070f100000|  0%| F|  |TAMS 0x000000070f000000, 0x000000070f000000| Untracked 
| 109|0x000000070f100000, 0x000000070f100000, 0x000000070f200000|  0%| F|  |TAMS 0x000000070f100000, 0x000000070f100000| Untracked 
| 110|0x000000070f200000, 0x000000070f200000, 0x000000070f300000|  0%| F|  |TAMS 0x000000070f200000, 0x000000070f200000| Untracked 
| 111|0x000000070f300000, 0x000000070f300000, 0x000000070f400000|  0%| F|  |TAMS 0x000000070f300000, 0x000000070f300000| Untracked 
| 112|0x000000070f400000, 0x000000070f400000, 0x000000070f500000|  0%| F|  |TAMS 0x000000070f400000, 0x000000070f400000| Untracked 
| 113|0x000000070f500000, 0x000000070f500000, 0x000000070f600000|  0%| F|  |TAMS 0x000000070f500000, 0x000000070f500000| Untracked 
| 114|0x000000070f600000, 0x000000070f600000, 0x000000070f700000|  0%| F|  |TAMS 0x000000070f600000, 0x000000070f600000| Untracked 
| 115|0x000000070f700000, 0x000000070f700000, 0x000000070f800000|  0%| F|  |TAMS 0x000000070f700000, 0x000000070f700000| Untracked 
| 116|0x000000070f800000, 0x000000070f800000, 0x000000070f900000|  0%| F|  |TAMS 0x000000070f800000, 0x000000070f800000| Untracked 
| 117|0x000000070f900000, 0x000000070f900000, 0x000000070fa00000|  0%| F|  |TAMS 0x000000070f900000, 0x000000070f900000| Untracked 
| 118|0x000000070fa00000, 0x000000070fa00000, 0x000000070fb00000|  0%| F|  |TAMS 0x000000070fa00000, 0x000000070fa00000| Untracked 
| 119|0x000000070fb00000, 0x000000070fb00000, 0x000000070fc00000|  0%| F|  |TAMS 0x000000070fb00000, 0x000000070fb00000| Untracked 
| 120|0x000000070fc00000, 0x000000070fc00000, 0x000000070fd00000|  0%| F|  |TAMS 0x000000070fc00000, 0x000000070fc00000| Untracked 
| 121|0x000000070fd00000, 0x000000070fd00000, 0x000000070fe00000|  0%| F|  |TAMS 0x000000070fd00000, 0x000000070fd00000| Untracked 
| 122|0x000000070fe00000, 0x000000070fe00000, 0x000000070ff00000|  0%| F|  |TAMS 0x000000070fe00000, 0x000000070fe00000| Untracked 
| 123|0x000000070ff00000, 0x000000070ff00000, 0x0000000710000000|  0%| F|  |TAMS 0x000000070ff00000, 0x000000070ff00000| Untracked 
| 124|0x0000000710000000, 0x0000000710000000, 0x0000000710100000|  0%| F|  |TAMS 0x0000000710000000, 0x0000000710000000| Untracked 
| 125|0x0000000710100000, 0x0000000710100000, 0x0000000710200000|  0%| F|  |TAMS 0x0000000710100000, 0x0000000710100000| Untracked 
| 126|0x0000000710200000, 0x0000000710200000, 0x0000000710300000|  0%| F|  |TAMS 0x0000000710200000, 0x0000000710200000| Untracked 
| 127|0x0000000710300000, 0x0000000710300000, 0x0000000710400000|  0%| F|  |TAMS 0x0000000710300000, 0x0000000710300000| Untracked 
| 128|0x0000000710400000, 0x0000000710400000, 0x0000000710500000|  0%| F|  |TAMS 0x0000000710400000, 0x0000000710400000| Untracked 
| 129|0x0000000710500000, 0x0000000710500000, 0x0000000710600000|  0%| F|  |TAMS 0x0000000710500000, 0x0000000710500000| Untracked 
| 130|0x0000000710600000, 0x0000000710600000, 0x0000000710700000|  0%| F|  |TAMS 0x0000000710600000, 0x0000000710600000| Untracked 
| 131|0x0000000710700000, 0x0000000710700000, 0x0000000710800000|  0%| F|  |TAMS 0x0000000710700000, 0x0000000710700000| Untracked 
| 132|0x0000000710800000, 0x0000000710800000, 0x0000000710900000|  0%| F|  |TAMS 0x0000000710800000, 0x0000000710800000| Untracked 
| 133|0x0000000710900000, 0x0000000710900000, 0x0000000710a00000|  0%| F|  |TAMS 0x0000000710900000, 0x0000000710900000| Untracked 
| 134|0x0000000710a00000, 0x0000000710a00000, 0x0000000710b00000|  0%| F|  |TAMS 0x0000000710a00000, 0x0000000710a00000| Untracked 
| 135|0x0000000710b00000, 0x0000000710b00000, 0x0000000710c00000|  0%| F|  |TAMS 0x0000000710b00000, 0x0000000710b00000| Untracked 
| 136|0x0000000710c00000, 0x0000000710c00000, 0x0000000710d00000|  0%| F|  |TAMS 0x0000000710c00000, 0x0000000710c00000| Untracked 
| 137|0x0000000710d00000, 0x0000000710d00000, 0x0000000710e00000|  0%| F|  |TAMS 0x0000000710d00000, 0x0000000710d00000| Untracked 
| 138|0x0000000710e00000, 0x0000000710e00000, 0x0000000710f00000|  0%| F|  |TAMS 0x0000000710e00000, 0x0000000710e00000| Untracked 
| 139|0x0000000710f00000, 0x0000000710f00000, 0x0000000711000000|  0%| F|  |TAMS 0x0000000710f00000, 0x0000000710f00000| Untracked 
| 140|0x0000000711000000, 0x0000000711000000, 0x0000000711100000|  0%| F|  |TAMS 0x0000000711000000, 0x0000000711000000| Untracked 
| 141|0x0000000711100000, 0x0000000711100000, 0x0000000711200000|  0%| F|  |TAMS 0x0000000711100000, 0x0000000711100000| Untracked 
| 142|0x0000000711200000, 0x0000000711200000, 0x0000000711300000|  0%| F|  |TAMS 0x0000000711200000, 0x0000000711200000| Untracked 
| 143|0x0000000711300000, 0x0000000711300000, 0x0000000711400000|  0%| F|  |TAMS 0x0000000711300000, 0x0000000711300000| Untracked 
| 144|0x0000000711400000, 0x0000000711400000, 0x0000000711500000|  0%| F|  |TAMS 0x0000000711400000, 0x0000000711400000| Untracked 
| 145|0x0000000711500000, 0x0000000711500000, 0x0000000711600000|  0%| F|  |TAMS 0x0000000711500000, 0x0000000711500000| Untracked 
| 146|0x0000000711600000, 0x0000000711600000, 0x0000000711700000|  0%| F|  |TAMS 0x0000000711600000, 0x0000000711600000| Untracked 
| 147|0x0000000711700000, 0x0000000711700000, 0x0000000711800000|  0%| F|  |TAMS 0x0000000711700000, 0x0000000711700000| Untracked 
| 148|0x0000000711800000, 0x0000000711800000, 0x0000000711900000|  0%| F|  |TAMS 0x0000000711800000, 0x0000000711800000| Untracked 
| 149|0x0000000711900000, 0x0000000711900000, 0x0000000711a00000|  0%| F|  |TAMS 0x0000000711900000, 0x0000000711900000| Untracked 
| 150|0x0000000711a00000, 0x0000000711a00000, 0x0000000711b00000|  0%| F|  |TAMS 0x0000000711a00000, 0x0000000711a00000| Untracked 
| 151|0x0000000711b00000, 0x0000000711b00000, 0x0000000711c00000|  0%| F|  |TAMS 0x0000000711b00000, 0x0000000711b00000| Untracked 
| 152|0x0000000711c00000, 0x0000000711c00000, 0x0000000711d00000|  0%| F|  |TAMS 0x0000000711c00000, 0x0000000711c00000| Untracked 
| 153|0x0000000711d00000, 0x0000000711d00000, 0x0000000711e00000|  0%| F|  |TAMS 0x0000000711d00000, 0x0000000711d00000| Untracked 
| 154|0x0000000711e00000, 0x0000000711e00000, 0x0000000711f00000|  0%| F|  |TAMS 0x0000000711e00000, 0x0000000711e00000| Untracked 
| 155|0x0000000711f00000, 0x0000000711f00000, 0x0000000712000000|  0%| F|  |TAMS 0x0000000711f00000, 0x0000000711f00000| Untracked 
| 156|0x0000000712000000, 0x0000000712000000, 0x0000000712100000|  0%| F|  |TAMS 0x0000000712000000, 0x0000000712000000| Untracked 
| 157|0x0000000712100000, 0x0000000712100000, 0x0000000712200000|  0%| F|  |TAMS 0x0000000712100000, 0x0000000712100000| Untracked 
| 158|0x0000000712200000, 0x0000000712200000, 0x0000000712300000|  0%| F|  |TAMS 0x0000000712200000, 0x0000000712200000| Untracked 
| 159|0x0000000712300000, 0x0000000712300000, 0x0000000712400000|  0%| F|  |TAMS 0x0000000712300000, 0x0000000712300000| Untracked 
| 160|0x0000000712400000, 0x0000000712400000, 0x0000000712500000|  0%| F|  |TAMS 0x0000000712400000, 0x0000000712400000| Untracked 
| 161|0x0000000712500000, 0x0000000712500000, 0x0000000712600000|  0%| F|  |TAMS 0x0000000712500000, 0x0000000712500000| Untracked 
| 162|0x0000000712600000, 0x0000000712600000, 0x0000000712700000|  0%| F|  |TAMS 0x0000000712600000, 0x0000000712600000| Untracked 
| 163|0x0000000712700000, 0x0000000712700000, 0x0000000712800000|  0%| F|  |TAMS 0x0000000712700000, 0x0000000712700000| Untracked 
| 164|0x0000000712800000, 0x0000000712800000, 0x0000000712900000|  0%| F|  |TAMS 0x0000000712800000, 0x0000000712800000| Untracked 
| 165|0x0000000712900000, 0x0000000712900000, 0x0000000712a00000|  0%| F|  |TAMS 0x0000000712900000, 0x0000000712900000| Untracked 
| 166|0x0000000712a00000, 0x0000000712a00000, 0x0000000712b00000|  0%| F|  |TAMS 0x0000000712a00000, 0x0000000712a00000| Untracked 
| 167|0x0000000712b00000, 0x0000000712b00000, 0x0000000712c00000|  0%| F|  |TAMS 0x0000000712b00000, 0x0000000712b00000| Untracked 
| 168|0x0000000712c00000, 0x0000000712c00000, 0x0000000712d00000|  0%| F|  |TAMS 0x0000000712c00000, 0x0000000712c00000| Untracked 
| 169|0x0000000712d00000, 0x0000000712d00000, 0x0000000712e00000|  0%| F|  |TAMS 0x0000000712d00000, 0x0000000712d00000| Untracked 
| 170|0x0000000712e00000, 0x0000000712e00000, 0x0000000712f00000|  0%| F|  |TAMS 0x0000000712e00000, 0x0000000712e00000| Untracked 
| 171|0x0000000712f00000, 0x0000000712f00000, 0x0000000713000000|  0%| F|  |TAMS 0x0000000712f00000, 0x0000000712f00000| Untracked 
| 172|0x0000000713000000, 0x0000000713000000, 0x0000000713100000|  0%| F|  |TAMS 0x0000000713000000, 0x0000000713000000| Untracked 
| 173|0x0000000713100000, 0x0000000713100000, 0x0000000713200000|  0%| F|  |TAMS 0x0000000713100000, 0x0000000713100000| Untracked 
| 174|0x0000000713200000, 0x0000000713200000, 0x0000000713300000|  0%| F|  |TAMS 0x0000000713200000, 0x0000000713200000| Untracked 
| 175|0x0000000713300000, 0x0000000713300000, 0x0000000713400000|  0%| F|  |TAMS 0x0000000713300000, 0x0000000713300000| Untracked 
| 176|0x0000000713400000, 0x0000000713400000, 0x0000000713500000|  0%| F|  |TAMS 0x0000000713400000, 0x0000000713400000| Untracked 
| 177|0x0000000713500000, 0x0000000713500000, 0x0000000713600000|  0%| F|  |TAMS 0x0000000713500000, 0x0000000713500000| Untracked 
| 178|0x0000000713600000, 0x0000000713600000, 0x0000000713700000|  0%| F|  |TAMS 0x0000000713600000, 0x0000000713600000| Untracked 
| 179|0x0000000713700000, 0x0000000713700000, 0x0000000713800000|  0%| F|  |TAMS 0x0000000713700000, 0x0000000713700000| Untracked 
| 180|0x0000000713800000, 0x0000000713800000, 0x0000000713900000|  0%| F|  |TAMS 0x0000000713800000, 0x0000000713800000| Untracked 
| 181|0x0000000713900000, 0x0000000713900000, 0x0000000713a00000|  0%| F|  |TAMS 0x0000000713900000, 0x0000000713900000| Untracked 
| 182|0x0000000713a00000, 0x0000000713a00000, 0x0000000713b00000|  0%| F|  |TAMS 0x0000000713a00000, 0x0000000713a00000| Untracked 
| 183|0x0000000713b00000, 0x0000000713b00000, 0x0000000713c00000|  0%| F|  |TAMS 0x0000000713b00000, 0x0000000713b00000| Untracked 
| 184|0x0000000713c00000, 0x0000000713c00000, 0x0000000713d00000|  0%| F|  |TAMS 0x0000000713c00000, 0x0000000713c00000| Untracked 
| 185|0x0000000713d00000, 0x0000000713d00000, 0x0000000713e00000|  0%| F|  |TAMS 0x0000000713d00000, 0x0000000713d00000| Untracked 
| 186|0x0000000713e00000, 0x0000000713e00000, 0x0000000713f00000|  0%| F|  |TAMS 0x0000000713e00000, 0x0000000713e00000| Untracked 
| 187|0x0000000713f00000, 0x0000000713f00000, 0x0000000714000000|  0%| F|  |TAMS 0x0000000713f00000, 0x0000000713f00000| Untracked 
| 188|0x0000000714000000, 0x0000000714000000, 0x0000000714100000|  0%| F|  |TAMS 0x0000000714000000, 0x0000000714000000| Untracked 
| 189|0x0000000714100000, 0x0000000714100000, 0x0000000714200000|  0%| F|  |TAMS 0x0000000714100000, 0x0000000714100000| Untracked 
| 190|0x0000000714200000, 0x0000000714200000, 0x0000000714300000|  0%| F|  |TAMS 0x0000000714200000, 0x0000000714200000| Untracked 
| 191|0x0000000714300000, 0x0000000714300000, 0x0000000714400000|  0%| F|  |TAMS 0x0000000714300000, 0x0000000714300000| Untracked 
| 192|0x0000000714400000, 0x0000000714400000, 0x0000000714500000|  0%| F|  |TAMS 0x0000000714400000, 0x0000000714400000| Untracked 
| 193|0x0000000714500000, 0x0000000714500000, 0x0000000714600000|  0%| F|  |TAMS 0x0000000714500000, 0x0000000714500000| Untracked 
| 194|0x0000000714600000, 0x0000000714600000, 0x0000000714700000|  0%| F|  |TAMS 0x0000000714600000, 0x0000000714600000| Untracked 
| 195|0x0000000714700000, 0x0000000714700000, 0x0000000714800000|  0%| F|  |TAMS 0x0000000714700000, 0x0000000714700000| Untracked 
| 196|0x0000000714800000, 0x0000000714800000, 0x0000000714900000|  0%| F|  |TAMS 0x0000000714800000, 0x0000000714800000| Untracked 
| 197|0x0000000714900000, 0x0000000714900000, 0x0000000714a00000|  0%| F|  |TAMS 0x0000000714900000, 0x0000000714900000| Untracked 
| 198|0x0000000714a00000, 0x0000000714a00000, 0x0000000714b00000|  0%| F|  |TAMS 0x0000000714a00000, 0x0000000714a00000| Untracked 
| 199|0x0000000714b00000, 0x0000000714b00000, 0x0000000714c00000|  0%| F|  |TAMS 0x0000000714b00000, 0x0000000714b00000| Untracked 
| 200|0x0000000714c00000, 0x0000000714c00000, 0x0000000714d00000|  0%| F|  |TAMS 0x0000000714c00000, 0x0000000714c00000| Untracked 
| 201|0x0000000714d00000, 0x0000000714d00000, 0x0000000714e00000|  0%| F|  |TAMS 0x0000000714d00000, 0x0000000714d00000| Untracked 
| 202|0x0000000714e00000, 0x0000000714e00000, 0x0000000714f00000|  0%| F|  |TAMS 0x0000000714e00000, 0x0000000714e00000| Untracked 
| 203|0x0000000714f00000, 0x0000000714f00000, 0x0000000715000000|  0%| F|  |TAMS 0x0000000714f00000, 0x0000000714f00000| Untracked 
| 204|0x0000000715000000, 0x0000000715000000, 0x0000000715100000|  0%| F|  |TAMS 0x0000000715000000, 0x0000000715000000| Untracked 
| 205|0x0000000715100000, 0x0000000715100000, 0x0000000715200000|  0%| F|  |TAMS 0x0000000715100000, 0x0000000715100000| Untracked 
| 206|0x0000000715200000, 0x0000000715200000, 0x0000000715300000|  0%| F|  |TAMS 0x0000000715200000, 0x0000000715200000| Untracked 
| 207|0x0000000715300000, 0x0000000715300000, 0x0000000715400000|  0%| F|  |TAMS 0x0000000715300000, 0x0000000715300000| Untracked 
| 208|0x0000000715400000, 0x0000000715400000, 0x0000000715500000|  0%| F|  |TAMS 0x0000000715400000, 0x0000000715400000| Untracked 
| 209|0x0000000715500000, 0x0000000715500000, 0x0000000715600000|  0%| F|  |TAMS 0x0000000715500000, 0x0000000715500000| Untracked 
| 210|0x0000000715600000, 0x0000000715600000, 0x0000000715700000|  0%| F|  |TAMS 0x0000000715600000, 0x0000000715600000| Untracked 
| 211|0x0000000715700000, 0x0000000715700000, 0x0000000715800000|  0%| F|  |TAMS 0x0000000715700000, 0x0000000715700000| Untracked 
| 212|0x0000000715800000, 0x0000000715800000, 0x0000000715900000|  0%| F|  |TAMS 0x0000000715800000, 0x0000000715800000| Untracked 
| 213|0x0000000715900000, 0x0000000715900000, 0x0000000715a00000|  0%| F|  |TAMS 0x0000000715900000, 0x0000000715900000| Untracked 
| 214|0x0000000715a00000, 0x0000000715a00000, 0x0000000715b00000|  0%| F|  |TAMS 0x0000000715a00000, 0x0000000715a00000| Untracked 
| 215|0x0000000715b00000, 0x0000000715b00000, 0x0000000715c00000|  0%| F|  |TAMS 0x0000000715b00000, 0x0000000715b00000| Untracked 
| 216|0x0000000715c00000, 0x0000000715c00000, 0x0000000715d00000|  0%| F|  |TAMS 0x0000000715c00000, 0x0000000715c00000| Untracked 
| 217|0x0000000715d00000, 0x0000000715d00000, 0x0000000715e00000|  0%| F|  |TAMS 0x0000000715d00000, 0x0000000715d00000| Untracked 
| 218|0x0000000715e00000, 0x0000000715e00000, 0x0000000715f00000|  0%| F|  |TAMS 0x0000000715e00000, 0x0000000715e00000| Untracked 
| 219|0x0000000715f00000, 0x0000000715f00000, 0x0000000716000000|  0%| F|  |TAMS 0x0000000715f00000, 0x0000000715f00000| Untracked 
| 220|0x0000000716000000, 0x0000000716000000, 0x0000000716100000|  0%| F|  |TAMS 0x0000000716000000, 0x0000000716000000| Untracked 
| 221|0x0000000716100000, 0x0000000716100000, 0x0000000716200000|  0%| F|  |TAMS 0x0000000716100000, 0x0000000716100000| Untracked 
| 222|0x0000000716200000, 0x0000000716200000, 0x0000000716300000|  0%| F|  |TAMS 0x0000000716200000, 0x0000000716200000| Untracked 
| 223|0x0000000716300000, 0x0000000716300000, 0x0000000716400000|  0%| F|  |TAMS 0x0000000716300000, 0x0000000716300000| Untracked 
| 224|0x0000000716400000, 0x0000000716400000, 0x0000000716500000|  0%| F|  |TAMS 0x0000000716400000, 0x0000000716400000| Untracked 
| 225|0x0000000716500000, 0x0000000716500000, 0x0000000716600000|  0%| F|  |TAMS 0x0000000716500000, 0x0000000716500000| Untracked 
| 226|0x0000000716600000, 0x0000000716600000, 0x0000000716700000|  0%| F|  |TAMS 0x0000000716600000, 0x0000000716600000| Untracked 
| 227|0x0000000716700000, 0x0000000716700000, 0x0000000716800000|  0%| F|  |TAMS 0x0000000716700000, 0x0000000716700000| Untracked 
| 228|0x0000000716800000, 0x0000000716800000, 0x0000000716900000|  0%| F|  |TAMS 0x0000000716800000, 0x0000000716800000| Untracked 
| 229|0x0000000716900000, 0x0000000716900000, 0x0000000716a00000|  0%| F|  |TAMS 0x0000000716900000, 0x0000000716900000| Untracked 
| 230|0x0000000716a00000, 0x0000000716a00000, 0x0000000716b00000|  0%| F|  |TAMS 0x0000000716a00000, 0x0000000716a00000| Untracked 
| 231|0x0000000716b00000, 0x0000000716b00000, 0x0000000716c00000|  0%| F|  |TAMS 0x0000000716b00000, 0x0000000716b00000| Untracked 
| 232|0x0000000716c00000, 0x0000000716c00000, 0x0000000716d00000|  0%| F|  |TAMS 0x0000000716c00000, 0x0000000716c00000| Untracked 
| 233|0x0000000716d00000, 0x0000000716d00000, 0x0000000716e00000|  0%| F|  |TAMS 0x0000000716d00000, 0x0000000716d00000| Untracked 
| 234|0x0000000716e00000, 0x0000000716e00000, 0x0000000716f00000|  0%| F|  |TAMS 0x0000000716e00000, 0x0000000716e00000| Untracked 
| 235|0x0000000716f00000, 0x0000000716f00000, 0x0000000717000000|  0%| F|  |TAMS 0x0000000716f00000, 0x0000000716f00000| Untracked 
| 236|0x0000000717000000, 0x0000000717000000, 0x0000000717100000|  0%| F|  |TAMS 0x0000000717000000, 0x0000000717000000| Untracked 
| 237|0x0000000717100000, 0x0000000717100000, 0x0000000717200000|  0%| F|  |TAMS 0x0000000717100000, 0x0000000717100000| Untracked 
| 238|0x0000000717200000, 0x0000000717200000, 0x0000000717300000|  0%| F|  |TAMS 0x0000000717200000, 0x0000000717200000| Untracked 
| 239|0x0000000717300000, 0x0000000717300000, 0x0000000717400000|  0%| F|  |TAMS 0x0000000717300000, 0x0000000717300000| Untracked 
| 240|0x0000000717400000, 0x0000000717400000, 0x0000000717500000|  0%| F|  |TAMS 0x0000000717400000, 0x0000000717400000| Untracked 
| 241|0x0000000717500000, 0x0000000717500000, 0x0000000717600000|  0%| F|  |TAMS 0x0000000717500000, 0x0000000717500000| Untracked 
| 242|0x0000000717600000, 0x0000000717600000, 0x0000000717700000|  0%| F|  |TAMS 0x0000000717600000, 0x0000000717600000| Untracked 
| 243|0x0000000717700000, 0x00000007177f64f0, 0x0000000717800000| 96%| E|  |TAMS 0x0000000717700000, 0x0000000717700000| Complete 
| 244|0x0000000717800000, 0x0000000717900000, 0x0000000717900000|100%| E|CS|TAMS 0x0000000717800000, 0x0000000717800000| Complete 
| 245|0x0000000717900000, 0x0000000717a00000, 0x0000000717a00000|100%| E|CS|TAMS 0x0000000717900000, 0x0000000717900000| Complete 
| 246|0x0000000717a00000, 0x0000000717b00000, 0x0000000717b00000|100%| E|CS|TAMS 0x0000000717a00000, 0x0000000717a00000| Complete 
| 247|0x0000000717b00000, 0x0000000717c00000, 0x0000000717c00000|100%| E|CS|TAMS 0x0000000717b00000, 0x0000000717b00000| Complete 

Card table byte_map: [0x00007f2ec9615000,0x00007f2ec9dd3000] _byte_map_base: 0x00007f2ec5dd3000

Marking Bits (Prev, Next): (CMBitMap*) 0x00007f2ec4083328, (CMBitMap*) 0x00007f2ec4083368
 Prev Bits: [0x00007f2ea899b000, 0x00007f2eac78b000)
 Next Bits: [0x00007f2ea4bab000, 0x00007f2ea899b000)

Polling page: 0x00007f2eccca9000

Metaspace:

Usage:
  Non-class:      8,06 MB capacity,     8,00 MB (>99%) used,    56,38 KB ( <1%) free+waste,     6,62 KB ( <1%) overhead. 
      Class:    802,00 KB capacity,   779,01 KB ( 97%) used,    20,55 KB (  3%) free+waste,     2,44 KB ( <1%) overhead. 
       Both:      8,85 MB capacity,     8,76 MB (>99%) used,    76,94 KB ( <1%) free+waste,     9,06 KB ( <1%) overhead. 

Virtual space:
  Non-class space:       10,00 MB reserved,       8,25 MB ( 82%) committed 
      Class space:        1,00 GB reserved,     896,00 KB ( <1%) committed 
             Both:        1,01 GB reserved,       9,12 MB ( <1%) committed 

Chunk freelists:
   Non-Class:  119,00 KB
       Class:  30,00 KB
        Both:  149,00 KB

MaxMetaspaceSize: unlimited
CompressedClassSpaceSize: 1,00 GB

CodeHeap 'non-profiled nmethods': size=120028Kb used=110Kb max_used=110Kb free=119917Kb
 bounds [0x00007f2eb4254000, 0x00007f2eb44c4000, 0x00007f2ebb78b000]
CodeHeap 'profiled nmethods': size=120028Kb used=505Kb max_used=505Kb free=119522Kb
 bounds [0x00007f2eacd1d000, 0x00007f2eacf8d000, 0x00007f2eb4254000]
CodeHeap 'non-nmethods': size=5704Kb used=1191Kb max_used=1211Kb free=4513Kb
 bounds [0x00007f2eac78b000, 0x00007f2eac9fb000, 0x00007f2eacd1d000]
 total_blobs=754 nmethods=386 adapters=290
 compilation: enabled
              stopped_count=0, restarted_count=0
 full_count=0

Compilation events (20 events):
Event: 304,288 Thread 0x00007f2ec429a000  378       3       java.lang.StringUTF16::compress (20 bytes)
Event: 304,288 Thread 0x00007f2ec429a000 nmethod 378 0x00007f2eacd99210 code [0x00007f2eacd993c0, 0x00007f2eacd995e0]
Event: 304,288 Thread 0x00007f2ec429a000  379       3       org.eclipse.jdt.launching.internal.org.objectweb.asm.ByteVector::putShort (52 bytes)
Event: 304,290 Thread 0x00007f2ec429a000 nmethod 379 0x00007f2eacd99690 code [0x00007f2eacd99840, 0x00007f2eacd99a40]
Event: 411,319 Thread 0x00007f2ec429a000  380       3       java.lang.String::<init> (74 bytes)
Event: 411,319 Thread 0x00007f2ec429a000 nmethod 380 0x00007f2eacd99b90 code [0x00007f2eacd99d80, 0x00007f2eacd9a430]
Event: 527,091 Thread 0x00007f2ec429a000  381       3       org.eclipse.jdt.launching.internal.org.objectweb.asm.SymbolTable::get (13 bytes)
Event: 527,091 Thread 0x00007f2ec429a000 nmethod 381 0x00007f2eacd9a710 code [0x00007f2eacd9a8a0, 0x00007f2eacd9a9f0]
Event: 564,940 Thread 0x00007f2ec429a000  382       1       org.eclipse.jdt.launching.internal.org.objectweb.asm.SymbolTable::getMajorVersion (5 bytes)
Event: 564,940 Thread 0x00007f2ec429a000 nmethod 382 0x00007f2eb426ec90 code [0x00007f2eb426ee20, 0x00007f2eb426eed0]
Event: 576,958 Thread 0x00007f2ec429a000  383       3       org.eclipse.jdt.launching.internal.org.objectweb.asm.SymbolTable::addConstantUtf8 (98 bytes)
Event: 576,963 Thread 0x00007f2ec429a000 nmethod 383 0x00007f2eacd9ab10 code [0x00007f2eacd9ad40, 0x00007f2eacd9b3f0]
Event: 622,053 Thread 0x00007f2ec429a000  384       1       java.net.URL::getRef (5 bytes)
Event: 622,053 Thread 0x00007f2ec429a000 nmethod 384 0x00007f2eb426ef90 code [0x00007f2eb426f120, 0x00007f2eb426f1d0]
Event: 673,665 Thread 0x00007f2ec429a000  385       1       java.net.URL::getPath (5 bytes)
Event: 673,665 Thread 0x00007f2ec4298000  386       4       org.eclipse.jdt.launching.internal.org.objectweb.asm.ClassReader::getItem (7 bytes)
Event: 673,665 Thread 0x00007f2ec429a000 nmethod 385 0x00007f2eb426f290 code [0x00007f2eb426f420, 0x00007f2eb426f4d0]
Event: 673,665 Thread 0x00007f2ec429a000  387       1       org.eclipse.jdt.launching.internal.org.objectweb.asm.SymbolTable::getSource (5 bytes)
Event: 673,665 Thread 0x00007f2ec429a000 nmethod 387 0x00007f2eb426f590 code [0x00007f2eb426f720, 0x00007f2eb426f7d0]
Event: 673,667 Thread 0x00007f2ec4298000 nmethod 386 0x00007f2eb426f890 code [0x00007f2eb426fa00, 0x00007f2eb426fad8]

GC Heap History (0 events):
No events

Deoptimization events (20 events):
Event: 0,271 Thread 0x00007f2ec401a800 DEOPT PACKING pc=0x00007f2eacd7caeb sp=0x00007f2ecb321640
Event: 0,271 Thread 0x00007f2ec401a800 DEOPT UNPACKING pc=0x00007f2eac7d433a sp=0x00007f2ecb320b28 mode 0
Event: 0,272 Thread 0x00007f2ec401a800 DEOPT PACKING pc=0x00007f2eacd7caeb sp=0x00007f2ecb321640
Event: 0,272 Thread 0x00007f2ec401a800 DEOPT UNPACKING pc=0x00007f2eac7d433a sp=0x00007f2ecb320b28 mode 0
Event: 0,273 Thread 0x00007f2ec401a800 DEOPT PACKING pc=0x00007f2eacd7caeb sp=0x00007f2ecb3227f0
Event: 0,273 Thread 0x00007f2ec401a800 DEOPT UNPACKING pc=0x00007f2eac7d433a sp=0x00007f2ecb321cd8 mode 0
Event: 0,274 Thread 0x00007f2ec401a800 DEOPT PACKING pc=0x00007f2eacd7caeb sp=0x00007f2ecb3227f0
Event: 0,274 Thread 0x00007f2ec401a800 DEOPT UNPACKING pc=0x00007f2eac7d433a sp=0x00007f2ecb321cd8 mode 0
Event: 0,274 Thread 0x00007f2ec401a800 DEOPT PACKING pc=0x00007f2eacd7caeb sp=0x00007f2ecb3227f0
Event: 0,274 Thread 0x00007f2ec401a800 DEOPT UNPACKING pc=0x00007f2eac7d433a sp=0x00007f2ecb321cd8 mode 0
Event: 0,274 Thread 0x00007f2ec401a800 DEOPT PACKING pc=0x00007f2eacd7caeb sp=0x00007f2ecb3227f0
Event: 0,274 Thread 0x00007f2ec401a800 DEOPT UNPACKING pc=0x00007f2eac7d433a sp=0x00007f2ecb321cd8 mode 0
Event: 0,279 Thread 0x00007f2ec401a800 DEOPT PACKING pc=0x00007f2eacd7caeb sp=0x00007f2ecb321240
Event: 0,279 Thread 0x00007f2ec401a800 DEOPT UNPACKING pc=0x00007f2eac7d433a sp=0x00007f2ecb320728 mode 0
Event: 0,279 Thread 0x00007f2ec401a800 DEOPT PACKING pc=0x00007f2eacd7caeb sp=0x00007f2ecb321240
Event: 0,279 Thread 0x00007f2ec401a800 DEOPT UNPACKING pc=0x00007f2eac7d433a sp=0x00007f2ecb320728 mode 0
Event: 0,280 Thread 0x00007f2ec401a800 DEOPT PACKING pc=0x00007f2eacd7caeb sp=0x00007f2ecb321240
Event: 0,280 Thread 0x00007f2ec401a800 DEOPT UNPACKING pc=0x00007f2eac7d433a sp=0x00007f2ecb320728 mode 0
Event: 0,280 Thread 0x00007f2ec401a800 DEOPT PACKING pc=0x00007f2eacd7caeb sp=0x00007f2ecb321240
Event: 0,280 Thread 0x00007f2ec401a800 DEOPT UNPACKING pc=0x00007f2eac7d433a sp=0x00007f2ecb320728 mode 0

Classes unloaded (0 events):
No events

Classes redefined (10 events):
Event: 304,289 Thread 0x00007f2ec4261800 redefined class name=empresa.Departamento, count=1
Event: 411,320 Thread 0x00007f2ec4261800 redefined class name=empresa.Departamento, count=2
Event: 454,130 Thread 0x00007f2ec4261800 redefined class name=empresa.Departamento, count=3
Event: 508,455 Thread 0x00007f2ec4261800 redefined class name=empresa.MainPrueba, count=1
Event: 527,091 Thread 0x00007f2ec4261800 redefined class name=empresa.MainPrueba, count=2
Event: 564,941 Thread 0x00007f2ec4261800 redefined class name=empresa.MainPrueba, count=3
Event: 569,155 Thread 0x00007f2ec4261800 redefined class name=empresa.MainPrueba, count=4
Event: 576,960 Thread 0x00007f2ec4261800 redefined class name=empresa.MainPrueba, count=5
Event: 622,054 Thread 0x00007f2ec4261800 redefined class name=empresa.Departamento, count=4
Event: 673,666 Thread 0x00007f2ec4261800 redefined class name=empresa.Departamento, count=5

Internal exceptions (0 events):
No events

Events (20 events):
Event: 673,681 Executing VM operation: ChangeBreakpoints
Event: 673,681 Executing VM operation: ChangeBreakpoints done
Event: 673,683 Executing VM operation: ChangeBreakpoints
Event: 673,684 Executing VM operation: ChangeBreakpoints done
Event: 673,686 Executing VM operation: ChangeBreakpoints
Event: 673,686 Executing VM operation: ChangeBreakpoints done
Event: 673,688 Executing VM operation: ChangeBreakpoints
Event: 673,688 Executing VM operation: ChangeBreakpoints done
Event: 673,688 Executing VM operation: GetFrameCount
Event: 673,688 Executing VM operation: GetFrameCount done
Event: 673,688 Executing VM operation: GetStackTrace
Event: 673,688 Executing VM operation: GetStackTrace done
Event: 673,726 Executing VM operation: GetFrameCount
Event: 673,726 Executing VM operation: GetFrameCount done
Event: 673,726 Executing VM operation: GetOwnedMonitorInfo
Event: 673,726 Executing VM operation: GetOwnedMonitorInfo done
Event: 673,726 Executing VM operation: GetCurrentContendedMonitor
Event: 673,726 Executing VM operation: GetCurrentContendedMonitor done
Event: 673,728 Executing VM operation: GetFrameLocation
Event: 673,728 Executing VM operation: GetFrameLocation done


Dynamic libraries:
708400000-717c00000 rw-p 00000000 00:00 0 
717c00000-800000000 ---p 00000000 00:00 0 
800000000-8000e0000 rw-p 00000000 00:00 0 
8000e0000-840000000 ---p 00000000 00:00 0 
55e68357d000-55e68357e000 r--p 00000000 103:07 1581277                   /usr/lib/jvm/java-13-openjdk-amd64/bin/java
55e68357e000-55e68357f000 r-xp 00001000 103:07 1581277                   /usr/lib/jvm/java-13-openjdk-amd64/bin/java
55e68357f000-55e683580000 r--p 00002000 103:07 1581277                   /usr/lib/jvm/java-13-openjdk-amd64/bin/java
55e683580000-55e683581000 r--p 00002000 103:07 1581277                   /usr/lib/jvm/java-13-openjdk-amd64/bin/java
55e683581000-55e683582000 rw-p 00003000 103:07 1581277                   /usr/lib/jvm/java-13-openjdk-amd64/bin/java
55e683a53000-55e683a74000 rw-p 00000000 00:00 0                          [heap]
7f2e50000000-7f2e50021000 rw-p 00000000 00:00 0 
7f2e50021000-7f2e54000000 ---p 00000000 00:00 0 
7f2e58000000-7f2e58021000 rw-p 00000000 00:00 0 
7f2e58021000-7f2e5c000000 ---p 00000000 00:00 0 
7f2e5c000000-7f2e5c021000 rw-p 00000000 00:00 0 
7f2e5c021000-7f2e60000000 ---p 00000000 00:00 0 
7f2e60000000-7f2e60069000 rw-p 00000000 00:00 0 
7f2e60069000-7f2e64000000 ---p 00000000 00:00 0 
7f2e64000000-7f2e64021000 rw-p 00000000 00:00 0 
7f2e64021000-7f2e68000000 ---p 00000000 00:00 0 
7f2e68000000-7f2e68021000 rw-p 00000000 00:00 0 
7f2e68021000-7f2e6c000000 ---p 00000000 00:00 0 
7f2e6c000000-7f2e6c0c1000 rw-p 00000000 00:00 0 
7f2e6c0c1000-7f2e70000000 ---p 00000000 00:00 0 
7f2e70000000-7f2e700d3000 rw-p 00000000 00:00 0 
7f2e700d3000-7f2e74000000 ---p 00000000 00:00 0 
7f2e74000000-7f2e74021000 rw-p 00000000 00:00 0 
7f2e74021000-7f2e78000000 ---p 00000000 00:00 0 
7f2e78000000-7f2e78021000 rw-p 00000000 00:00 0 
7f2e78021000-7f2e7c000000 ---p 00000000 00:00 0 
7f2e7c000000-7f2e7c26a000 rw-p 00000000 00:00 0 
7f2e7c26a000-7f2e80000000 ---p 00000000 00:00 0 
7f2e80000000-7f2e80021000 rw-p 00000000 00:00 0 
7f2e80021000-7f2e84000000 ---p 00000000 00:00 0 
7f2e84000000-7f2e84021000 rw-p 00000000 00:00 0 
7f2e84021000-7f2e88000000 ---p 00000000 00:00 0 
7f2e88000000-7f2e88021000 rw-p 00000000 00:00 0 
7f2e88021000-7f2e8c000000 ---p 00000000 00:00 0 
7f2e8c000000-7f2e8c021000 rw-p 00000000 00:00 0 
7f2e8c021000-7f2e90000000 ---p 00000000 00:00 0 
7f2e90000000-7f2e90021000 rw-p 00000000 00:00 0 
7f2e90021000-7f2e94000000 ---p 00000000 00:00 0 
7f2e947f2000-7f2e94832000 rw-p 00000000 00:00 0 
7f2e94832000-7f2e949f2000 ---p 00000000 00:00 0 
7f2e949f2000-7f2e949f3000 ---p 00000000 00:00 0 
7f2e949f3000-7f2e94af4000 rw-p 00000000 00:00 0 
7f2e94af4000-7f2e94af8000 ---p 00000000 00:00 0 
7f2e94af8000-7f2e94bf5000 rw-p 00000000 00:00 0 
7f2e94bf5000-7f2e94bf9000 ---p 00000000 00:00 0 
7f2e94bf9000-7f2e94cf6000 rw-p 00000000 00:00 0 
7f2e94cf6000-7f2e94cfa000 ---p 00000000 00:00 0 
7f2e94cfa000-7f2e94df7000 rw-p 00000000 00:00 0 
7f2e94df7000-7f2e94dfb000 ---p 00000000 00:00 0 
7f2e94dfb000-7f2e94ef8000 rw-p 00000000 00:00 0 
7f2e94ef8000-7f2e94efc000 ---p 00000000 00:00 0 
7f2e94efc000-7f2e94ff9000 rw-p 00000000 00:00 0 
7f2e94ff9000-7f2e94ffd000 ---p 00000000 00:00 0 
7f2e94ffd000-7f2e950fa000 rw-p 00000000 00:00 0 
7f2e950fa000-7f2e950fe000 ---p 00000000 00:00 0 
7f2e950fe000-7f2e951fb000 rw-p 00000000 00:00 0 
7f2e951fb000-7f2e951ff000 ---p 00000000 00:00 0 
7f2e951ff000-7f2e952fc000 rw-p 00000000 00:00 0 
7f2e952fc000-7f2e95300000 ---p 00000000 00:00 0 
7f2e95300000-7f2e953fd000 rw-p 00000000 00:00 0 
7f2e953fd000-7f2e95401000 ---p 00000000 00:00 0 
7f2e95401000-7f2e954fe000 rw-p 00000000 00:00 0 
7f2e954fe000-7f2e95cfc000 r--p 00000000 103:07 1444560                   /usr/lib/locale/locale-archive
7f2e95cfc000-7f2e95d00000 ---p 00000000 00:00 0 
7f2e95d00000-7f2e95dfd000 rw-p 00000000 00:00 0 
7f2e95dfd000-7f2e95e01000 ---p 00000000 00:00 0 
7f2e95e01000-7f2e95efe000 rw-p 00000000 00:00 0 
7f2e95efe000-7f2e95eff000 ---p 00000000 00:00 0 
7f2e95eff000-7f2e98000000 rw-p 00000000 00:00 0 
7f2e98000000-7f2e98021000 rw-p 00000000 00:00 0 
7f2e98021000-7f2e9c000000 ---p 00000000 00:00 0 
7f2e9c000000-7f2e9c021000 rw-p 00000000 00:00 0 
7f2e9c021000-7f2ea0000000 ---p 00000000 00:00 0 
7f2ea0000000-7f2ea0021000 rw-p 00000000 00:00 0 
7f2ea0021000-7f2ea4000000 ---p 00000000 00:00 0 
7f2ea408d000-7f2ea4091000 r--p 00000000 103:07 1707137                   /usr/lib/jvm/java-13-openjdk-amd64/lib/libnet.so
7f2ea4091000-7f2ea409f000 r-xp 00004000 103:07 1707137                   /usr/lib/jvm/java-13-openjdk-amd64/lib/libnet.so
7f2ea409f000-7f2ea40a3000 r--p 00012000 103:07 1707137                   /usr/lib/jvm/java-13-openjdk-amd64/lib/libnet.so
7f2ea40a3000-7f2ea40a4000 r--p 00015000 103:07 1707137                   /usr/lib/jvm/java-13-openjdk-amd64/lib/libnet.so
7f2ea40a4000-7f2ea40a5000 rw-p 00016000 103:07 1707137                   /usr/lib/jvm/java-13-openjdk-amd64/lib/libnet.so
7f2ea40a5000-7f2ea40ac000 r--p 00000000 103:07 1707138                   /usr/lib/jvm/java-13-openjdk-amd64/lib/libnio.so
7f2ea40ac000-7f2ea40b5000 r-xp 00007000 103:07 1707138                   /usr/lib/jvm/java-13-openjdk-amd64/lib/libnio.so
7f2ea40b5000-7f2ea40b9000 r--p 00010000 103:07 1707138                   /usr/lib/jvm/java-13-openjdk-amd64/lib/libnio.so
7f2ea40b9000-7f2ea40ba000 r--p 00013000 103:07 1707138                   /usr/lib/jvm/java-13-openjdk-amd64/lib/libnio.so
7f2ea40ba000-7f2ea40bb000 rw-p 00014000 103:07 1707138                   /usr/lib/jvm/java-13-openjdk-amd64/lib/libnio.so
7f2ea40bb000-7f2ea40bd000 r--p 00000000 103:07 1707116                   /usr/lib/jvm/java-13-openjdk-amd64/lib/libdt_socket.so
7f2ea40bd000-7f2ea40c0000 r-xp 00002000 103:07 1707116                   /usr/lib/jvm/java-13-openjdk-amd64/lib/libdt_socket.so
7f2ea40c0000-7f2ea40c1000 r--p 00005000 103:07 1707116                   /usr/lib/jvm/java-13-openjdk-amd64/lib/libdt_socket.so
7f2ea40c1000-7f2ea40c2000 ---p 00006000 103:07 1707116                   /usr/lib/jvm/java-13-openjdk-amd64/lib/libdt_socket.so
7f2ea40c2000-7f2ea40c3000 r--p 00006000 103:07 1707116                   /usr/lib/jvm/java-13-openjdk-amd64/lib/libdt_socket.so
7f2ea40c3000-7f2ea40c4000 rw-p 00007000 103:07 1707116                   /usr/lib/jvm/java-13-openjdk-amd64/lib/libdt_socket.so
7f2ea40c4000-7f2ea40cb000 r--s 00000000 103:07 2100873                   /usr/lib/x86_64-linux-gnu/gconv/gconv-modules.cache
7f2ea40cb000-7f2ea49a7000 rw-p 00000000 00:00 0 
7f2ea49a7000-7f2ea49a8000 ---p 00000000 00:00 0 
7f2ea49a8000-7f2ea4aa9000 rw-p 00000000 00:00 0 
7f2ea4aa9000-7f2ea4aaa000 ---p 00000000 00:00 0 
7f2ea4aaa000-7f2ea4f8b000 rw-p 00000000 00:00 0 
7f2ea4f8b000-7f2ea899b000 ---p 00000000 00:00 0 
7f2ea899b000-7f2ea8d7b000 rw-p 00000000 00:00 0 
7f2ea8d7b000-7f2eac78b000 ---p 00000000 00:00 0 
7f2eac78b000-7f2eac9fb000 rwxp 00000000 00:00 0 
7f2eac9fb000-7f2eacd1d000 ---p 00000000 00:00 0 
7f2eacd1d000-7f2eacf8d000 rwxp 00000000 00:00 0 
7f2eacf8d000-7f2eb4254000 ---p 00000000 00:00 0 
7f2eb4254000-7f2eb44c4000 rwxp 00000000 00:00 0 
7f2eb44c4000-7f2ebb78b000 ---p 00000000 00:00 0 
7f2ebb78b000-7f2ec4000000 r--s 00000000 103:07 1707147                   /usr/lib/jvm/java-13-openjdk-amd64/lib/modules
7f2ec4000000-7f2ec4574000 rw-p 00000000 00:00 0 
7f2ec4574000-7f2ec8000000 ---p 00000000 00:00 0 
7f2ec8006000-7f2ec8a51000 rw-p 00000000 00:00 0 
7f2ec8a51000-7f2ec8a52000 ---p 00000000 00:00 0 
7f2ec8a52000-7f2ec8b53000 rw-p 00000000 00:00 0 
7f2ec8b53000-7f2ec8b54000 ---p 00000000 00:00 0 
7f2ec8b54000-7f2ec8c55000 rw-p 00000000 00:00 0 
7f2ec8c55000-7f2ec8c56000 ---p 00000000 00:00 0 
7f2ec8c56000-7f2ec8ed3000 rw-p 00000000 00:00 0 
7f2ec8ed3000-7f2ec9615000 ---p 00000000 00:00 0 
7f2ec9615000-7f2ec9691000 rw-p 00000000 00:00 0 
7f2ec9691000-7f2ec9dd3000 ---p 00000000 00:00 0 
7f2ec9dd3000-7f2ec9e4f000 rw-p 00000000 00:00 0 
7f2ec9e4f000-7f2eca591000 ---p 00000000 00:00 0 
7f2eca591000-7f2ecafa0000 rw-p 00000000 00:00 0 
7f2ecafa0000-7f2ecb086000 ---p 00000000 00:00 0 
7f2ecb086000-7f2ecb08b000 rw-p 00000000 00:00 0 
7f2ecb08b000-7f2ecb171000 ---p 00000000 00:00 0 
7f2ecb171000-7f2ecb176000 rw-p 00000000 00:00 0 
7f2ecb176000-7f2ecb17d000 ---p 00000000 00:00 0 
7f2ecb17d000-7f2ecb180000 r--p 00000000 103:07 1447763                   /usr/lib/x86_64-linux-gnu/libnss_files-2.31.so
7f2ecb180000-7f2ecb187000 r-xp 00003000 103:07 1447763                   /usr/lib/x86_64-linux-gnu/libnss_files-2.31.so
7f2ecb187000-7f2ecb189000 r--p 0000a000 103:07 1447763                   /usr/lib/x86_64-linux-gnu/libnss_files-2.31.so
7f2ecb189000-7f2ecb18a000 r--p 0000b000 103:07 1447763                   /usr/lib/x86_64-linux-gnu/libnss_files-2.31.so
7f2ecb18a000-7f2ecb18b000 rw-p 0000c000 103:07 1447763                   /usr/lib/x86_64-linux-gnu/libnss_files-2.31.so
7f2ecb18b000-7f2ecb191000 rw-p 00000000 00:00 0 
7f2ecb192000-7f2ecb194000 r--s 0000c000 103:07 2236304                   /usr/share/java/java-atk-wrapper.jar
7f2ecb194000-7f2ecb196000 r--p 00000000 103:07 1707146                   /usr/lib/jvm/java-13-openjdk-amd64/lib/libzip.so
7f2ecb196000-7f2ecb19a000 r-xp 00002000 103:07 1707146                   /usr/lib/jvm/java-13-openjdk-amd64/lib/libzip.so
7f2ecb19a000-7f2ecb19c000 r--p 00006000 103:07 1707146                   /usr/lib/jvm/java-13-openjdk-amd64/lib/libzip.so
7f2ecb19c000-7f2ecb19d000 r--p 00007000 103:07 1707146                   /usr/lib/jvm/java-13-openjdk-amd64/lib/libzip.so
7f2ecb19d000-7f2ecb19e000 rw-p 00008000 103:07 1707146                   /usr/lib/jvm/java-13-openjdk-amd64/lib/libzip.so
7f2ecb19e000-7f2ecb1a6000 rw-s 00000000 103:07 3277596                   /tmp/hsperfdata_javier/6902
7f2ecb1a6000-7f2ecb1a8000 r--p 00000000 103:07 1707119                   /usr/lib/jvm/java-13-openjdk-amd64/lib/libinstrument.so
7f2ecb1a8000-7f2ecb1ae000 r-xp 00002000 103:07 1707119                   /usr/lib/jvm/java-13-openjdk-amd64/lib/libinstrument.so
7f2ecb1ae000-7f2ecb1b1000 r--p 00008000 103:07 1707119                   /usr/lib/jvm/java-13-openjdk-amd64/lib/libinstrument.so
7f2ecb1b1000-7f2ecb1b2000 r--p 0000a000 103:07 1707119                   /usr/lib/jvm/java-13-openjdk-amd64/lib/libinstrument.so
7f2ecb1b2000-7f2ecb1b3000 rw-p 0000b000 103:07 1707119                   /usr/lib/jvm/java-13-openjdk-amd64/lib/libinstrument.so
7f2ecb1b3000-7f2ecb1b5000 r--p 00000000 103:07 1707127                   /usr/lib/jvm/java-13-openjdk-amd64/lib/libjdwp.so
7f2ecb1b5000-7f2ecb1e1000 r-xp 00002000 103:07 1707127                   /usr/lib/jvm/java-13-openjdk-amd64/lib/libjdwp.so
7f2ecb1e1000-7f2ecb1ef000 r--p 0002e000 103:07 1707127                   /usr/lib/jvm/java-13-openjdk-amd64/lib/libjdwp.so
7f2ecb1ef000-7f2ecb1f0000 r--p 0003b000 103:07 1707127                   /usr/lib/jvm/java-13-openjdk-amd64/lib/libjdwp.so
7f2ecb1f0000-7f2ecb1f1000 rw-p 0003c000 103:07 1707127                   /usr/lib/jvm/java-13-openjdk-amd64/lib/libjdwp.so
7f2ecb1f1000-7f2ecb1f3000 r--p 00000000 103:07 1707128                   /usr/lib/jvm/java-13-openjdk-amd64/lib/libjimage.so
7f2ecb1f3000-7f2ecb1f6000 r-xp 00002000 103:07 1707128                   /usr/lib/jvm/java-13-openjdk-amd64/lib/libjimage.so
7f2ecb1f6000-7f2ecb1f7000 r--p 00005000 103:07 1707128                   /usr/lib/jvm/java-13-openjdk-amd64/lib/libjimage.so
7f2ecb1f7000-7f2ecb1f8000 ---p 00006000 103:07 1707128                   /usr/lib/jvm/java-13-openjdk-amd64/lib/libjimage.so
7f2ecb1f8000-7f2ecb1f9000 r--p 00006000 103:07 1707128                   /usr/lib/jvm/java-13-openjdk-amd64/lib/libjimage.so
7f2ecb1f9000-7f2ecb1fa000 rw-p 00007000 103:07 1707128                   /usr/lib/jvm/java-13-openjdk-amd64/lib/libjimage.so
7f2ecb1fa000-7f2ecb207000 r--p 00000000 103:07 1707124                   /usr/lib/jvm/java-13-openjdk-amd64/lib/libjava.so
7f2ecb207000-7f2ecb21c000 r-xp 0000d000 103:07 1707124                   /usr/lib/jvm/java-13-openjdk-amd64/lib/libjava.so
7f2ecb21c000-7f2ecb222000 r--p 00022000 103:07 1707124                   /usr/lib/jvm/java-13-openjdk-amd64/lib/libjava.so
7f2ecb222000-7f2ecb223000 ---p 00028000 103:07 1707124                   /usr/lib/jvm/java-13-openjdk-amd64/lib/libjava.so
7f2ecb223000-7f2ecb224000 r--p 00028000 103:07 1707124                   /usr/lib/jvm/java-13-openjdk-amd64/lib/libjava.so
7f2ecb224000-7f2ecb226000 rw-p 00029000 103:07 1707124                   /usr/lib/jvm/java-13-openjdk-amd64/lib/libjava.so
7f2ecb226000-7f2ecb22a000 ---p 00000000 00:00 0 
7f2ecb22a000-7f2ecb327000 rw-p 00000000 00:00 0 
7f2ecb327000-7f2ecb32a000 r--p 00000000 103:07 1447744                   /usr/lib/x86_64-linux-gnu/libgcc_s.so.1
7f2ecb32a000-7f2ecb33c000 r-xp 00003000 103:07 1447744                   /usr/lib/x86_64-linux-gnu/libgcc_s.so.1
7f2ecb33c000-7f2ecb340000 r--p 00015000 103:07 1447744                   /usr/lib/x86_64-linux-gnu/libgcc_s.so.1
7f2ecb340000-7f2ecb341000 r--p 00018000 103:07 1447744                   /usr/lib/x86_64-linux-gnu/libgcc_s.so.1
7f2ecb341000-7f2ecb342000 rw-p 00019000 103:07 1447744                   /usr/lib/x86_64-linux-gnu/libgcc_s.so.1
7f2ecb342000-7f2ecb351000 r--p 00000000 103:07 1447757                   /usr/lib/x86_64-linux-gnu/libm-2.31.so
7f2ecb351000-7f2ecb3f8000 r-xp 0000f000 103:07 1447757                   /usr/lib/x86_64-linux-gnu/libm-2.31.so
7f2ecb3f8000-7f2ecb48f000 r--p 000b6000 103:07 1447757                   /usr/lib/x86_64-linux-gnu/libm-2.31.so
7f2ecb48f000-7f2ecb490000 r--p 0014c000 103:07 1447757                   /usr/lib/x86_64-linux-gnu/libm-2.31.so
7f2ecb490000-7f2ecb491000 rw-p 0014d000 103:07 1447757                   /usr/lib/x86_64-linux-gnu/libm-2.31.so
7f2ecb491000-7f2ecb527000 r--p 00000000 103:07 1447749                   /usr/lib/x86_64-linux-gnu/libstdc++.so.6.0.28
7f2ecb527000-7f2ecb617000 r-xp 00096000 103:07 1447749                   /usr/lib/x86_64-linux-gnu/libstdc++.so.6.0.28
7f2ecb617000-7f2ecb660000 r--p 00186000 103:07 1447749                   /usr/lib/x86_64-linux-gnu/libstdc++.so.6.0.28
7f2ecb660000-7f2ecb661000 ---p 001cf000 103:07 1447749                   /usr/lib/x86_64-linux-gnu/libstdc++.so.6.0.28
7f2ecb661000-7f2ecb66c000 r--p 001cf000 103:07 1447749                   /usr/lib/x86_64-linux-gnu/libstdc++.so.6.0.28
7f2ecb66c000-7f2ecb66f000 rw-p 001da000 103:07 1447749                   /usr/lib/x86_64-linux-gnu/libstdc++.so.6.0.28
7f2ecb66f000-7f2ecb672000 rw-p 00000000 00:00 0 
7f2ecb672000-7f2ecb8f7000 r--p 00000000 103:07 1707152                   /usr/lib/jvm/java-13-openjdk-amd64/lib/server/libjvm.so
7f2ecb8f7000-7f2ecc670000 r-xp 00285000 103:07 1707152                   /usr/lib/jvm/java-13-openjdk-amd64/lib/server/libjvm.so
7f2ecc670000-7f2ecc8ea000 r--p 00ffe000 103:07 1707152                   /usr/lib/jvm/java-13-openjdk-amd64/lib/server/libjvm.so
7f2ecc8ea000-7f2ecc8eb000 ---p 01278000 103:07 1707152                   /usr/lib/jvm/java-13-openjdk-amd64/lib/server/libjvm.so
7f2ecc8eb000-7f2ecc9b0000 r--p 01278000 103:07 1707152                   /usr/lib/jvm/java-13-openjdk-amd64/lib/server/libjvm.so
7f2ecc9b0000-7f2ecc9eb000 rw-p 0133d000 103:07 1707152                   /usr/lib/jvm/java-13-openjdk-amd64/lib/server/libjvm.so
7f2ecc9eb000-7f2ecca71000 rw-p 00000000 00:00 0 
7f2ecca71000-7f2ecca78000 r--p 00000000 103:07 1447768                   /usr/lib/x86_64-linux-gnu/libpthread-2.31.so
7f2ecca78000-7f2ecca89000 r-xp 00007000 103:07 1447768                   /usr/lib/x86_64-linux-gnu/libpthread-2.31.so
7f2ecca89000-7f2ecca8e000 r--p 00018000 103:07 1447768                   /usr/lib/x86_64-linux-gnu/libpthread-2.31.so
7f2ecca8e000-7f2ecca8f000 r--p 0001c000 103:07 1447768                   /usr/lib/x86_64-linux-gnu/libpthread-2.31.so
7f2ecca8f000-7f2ecca90000 rw-p 0001d000 103:07 1447768                   /usr/lib/x86_64-linux-gnu/libpthread-2.31.so
7f2ecca90000-7f2ecca94000 rw-p 00000000 00:00 0 
7f2ecca94000-7f2ecca95000 r--p 00000000 103:07 1447756                   /usr/lib/x86_64-linux-gnu/libdl-2.31.so
7f2ecca95000-7f2ecca97000 r-xp 00001000 103:07 1447756                   /usr/lib/x86_64-linux-gnu/libdl-2.31.so
7f2ecca97000-7f2ecca98000 r--p 00003000 103:07 1447756                   /usr/lib/x86_64-linux-gnu/libdl-2.31.so
7f2ecca98000-7f2ecca99000 r--p 00003000 103:07 1447756                   /usr/lib/x86_64-linux-gnu/libdl-2.31.so
7f2ecca99000-7f2ecca9a000 rw-p 00004000 103:07 1447756                   /usr/lib/x86_64-linux-gnu/libdl-2.31.so
7f2ecca9a000-7f2ecca9c000 r--p 00000000 103:07 1441986                   /usr/lib/x86_64-linux-gnu/libz.so.1.2.11
7f2ecca9c000-7f2eccaad000 r-xp 00002000 103:07 1441986                   /usr/lib/x86_64-linux-gnu/libz.so.1.2.11
7f2eccaad000-7f2eccab3000 r--p 00013000 103:07 1441986                   /usr/lib/x86_64-linux-gnu/libz.so.1.2.11
7f2eccab3000-7f2eccab4000 ---p 00019000 103:07 1441986                   /usr/lib/x86_64-linux-gnu/libz.so.1.2.11
7f2eccab4000-7f2eccab5000 r--p 00019000 103:07 1441986                   /usr/lib/x86_64-linux-gnu/libz.so.1.2.11
7f2eccab5000-7f2eccab6000 rw-p 0001a000 103:07 1441986                   /usr/lib/x86_64-linux-gnu/libz.so.1.2.11
7f2eccab6000-7f2eccadb000 r--p 00000000 103:07 1447755                   /usr/lib/x86_64-linux-gnu/libc-2.31.so
7f2eccadb000-7f2eccc53000 r-xp 00025000 103:07 1447755                   /usr/lib/x86_64-linux-gnu/libc-2.31.so
7f2eccc53000-7f2eccc9d000 r--p 0019d000 103:07 1447755                   /usr/lib/x86_64-linux-gnu/libc-2.31.so
7f2eccc9d000-7f2eccc9e000 ---p 001e7000 103:07 1447755                   /usr/lib/x86_64-linux-gnu/libc-2.31.so
7f2eccc9e000-7f2eccca1000 r--p 001e7000 103:07 1447755                   /usr/lib/x86_64-linux-gnu/libc-2.31.so
7f2eccca1000-7f2eccca4000 rw-p 001ea000 103:07 1447755                   /usr/lib/x86_64-linux-gnu/libc-2.31.so
7f2eccca4000-7f2eccca8000 rw-p 00000000 00:00 0 
7f2eccca9000-7f2ecccaa000 ---p 00000000 00:00 0 
7f2ecccaa000-7f2ecccab000 r--p 00000000 00:00 0 
7f2ecccab000-7f2ecccb0000 r--p 00000000 103:07 1707145                   /usr/lib/jvm/java-13-openjdk-amd64/lib/libverify.so
7f2ecccb0000-7f2ecccb7000 r-xp 00005000 103:07 1707145                   /usr/lib/jvm/java-13-openjdk-amd64/lib/libverify.so
7f2ecccb7000-7f2ecccb9000 r--p 0000c000 103:07 1707145                   /usr/lib/jvm/java-13-openjdk-amd64/lib/libverify.so
7f2ecccb9000-7f2ecccba000 ---p 0000e000 103:07 1707145                   /usr/lib/jvm/java-13-openjdk-amd64/lib/libverify.so
7f2ecccba000-7f2ecccbc000 r--p 0000e000 103:07 1707145                   /usr/lib/jvm/java-13-openjdk-amd64/lib/libverify.so
7f2ecccbc000-7f2ecccbd000 rw-p 00010000 103:07 1707145                   /usr/lib/jvm/java-13-openjdk-amd64/lib/libverify.so
7f2ecccbd000-7f2ecccc0000 r--p 00000000 103:07 1707129                   /usr/lib/jvm/java-13-openjdk-amd64/lib/libjli.so
7f2ecccc0000-7f2ecccca000 r-xp 00003000 103:07 1707129                   /usr/lib/jvm/java-13-openjdk-amd64/lib/libjli.so
7f2ecccca000-7f2eccccd000 r--p 0000d000 103:07 1707129                   /usr/lib/jvm/java-13-openjdk-amd64/lib/libjli.so
7f2eccccd000-7f2ecccce000 r--p 0000f000 103:07 1707129                   /usr/lib/jvm/java-13-openjdk-amd64/lib/libjli.so
7f2ecccce000-7f2eccccf000 rw-p 00010000 103:07 1707129                   /usr/lib/jvm/java-13-openjdk-amd64/lib/libjli.so
7f2eccccf000-7f2ecccd1000 rw-p 00000000 00:00 0 
7f2ecccd1000-7f2ecccd2000 r--p 00000000 103:07 1447751                   /usr/lib/x86_64-linux-gnu/ld-2.31.so
7f2ecccd2000-7f2ecccf5000 r-xp 00001000 103:07 1447751                   /usr/lib/x86_64-linux-gnu/ld-2.31.so
7f2ecccf5000-7f2ecccfd000 r--p 00024000 103:07 1447751                   /usr/lib/x86_64-linux-gnu/ld-2.31.so
7f2ecccfd000-7f2ecccfe000 ---p 00000000 00:00 0 
7f2ecccfe000-7f2ecccff000 r--p 0002c000 103:07 1447751                   /usr/lib/x86_64-linux-gnu/ld-2.31.so
7f2ecccff000-7f2eccd00000 rw-p 0002d000 103:07 1447751                   /usr/lib/x86_64-linux-gnu/ld-2.31.so
7f2eccd00000-7f2eccd01000 rw-p 00000000 00:00 0 
7ffee321a000-7ffee323b000 rw-p 00000000 00:00 0                          [stack]
7ffee32af000-7ffee32b3000 r--p 00000000 00:00 0                          [vvar]
7ffee32b3000-7ffee32b5000 r-xp 00000000 00:00 0                          [vdso]
ffffffffff600000-ffffffffff601000 --xp 00000000 00:00 0                  [vsyscall]


VM Arguments:
jvm_args: -agentlib:jdwp=transport=dt_socket,suspend=y,address=localhost:34189 -javaagent:/home/javier/Escritorio/eclipse/java-2020-12/eclipse/configuration/org.eclipse.osgi/671/0/.cp/lib/javaagent-shaded.jar -Dfile.encoding=UTF-8 
java_command: empresa.MainPrueba
java_class_path (initial): /home/javier/Escritorio/repoJavierCampos/programacionJava/SimulacroColecciones/bin
Launcher Type: SUN_STANDARD

[Global flags]
     intx CICompilerCount                          = 4                                         {product} {ergonomic}
     uint ConcGCThreads                            = 3                                         {product} {ergonomic}
     uint G1ConcRefinementThreads                  = 10                                        {product} {ergonomic}
   size_t G1HeapRegionSize                         = 1048576                                   {product} {ergonomic}
    uintx GCDrainStackTargetSize                   = 64                                        {product} {ergonomic}
   size_t InitialHeapSize                          = 260046848                                 {product} {ergonomic}
   size_t MarkStackSize                            = 4194304                                   {product} {ergonomic}
   size_t MaxHeapSize                              = 4156555264                                {product} {ergonomic}
   size_t MaxNewSize                               = 2493513728                                {product} {ergonomic}
   size_t MinHeapDeltaBytes                        = 1048576                                   {product} {ergonomic}
   size_t MinHeapSize                              = 8388608                                   {product} {ergonomic}
    uintx NonNMethodCodeHeapSize                   = 5839372                                {pd product} {ergonomic}
    uintx NonProfiledCodeHeapSize                  = 122909434                              {pd product} {ergonomic}
    uintx ProfiledCodeHeapSize                     = 122909434                              {pd product} {ergonomic}
    uintx ReservedCodeCacheSize                    = 251658240                              {pd product} {ergonomic}
     bool SegmentedCodeCache                       = true                                      {product} {ergonomic}
   size_t SoftMaxHeapSize                          = 4156555264                             {manageable} {ergonomic}
     bool UseCompressedClassPointers               = true                                 {lp64_product} {ergonomic}
     bool UseCompressedOops                        = true                                 {lp64_product} {ergonomic}
     bool UseG1GC                                  = true                                      {product} {ergonomic}

Logging:
Log output configuration:
 #0: stdout all=warning uptime,level,tags
 #1: stderr all=off uptime,level,tags

Environment Variables:
PATH=/usr/local/sbin:/usr/local/bin:/usr/sbin:/usr/bin:/sbin:/bin:/usr/games:/usr/local/games:/snap/bin
USERNAME=javier
SHELL=/bin/bash
DISPLAY=:1

Signal Handlers:
SIGSEGV: [libjvm.so+0xf89f40], sa_mask[0]=11111111011111111101111111111110, sa_flags=SA_RESTART|SA_SIGINFO
SIGBUS: [libjvm.so+0xf89f40], sa_mask[0]=11111111011111111101111111111110, sa_flags=SA_RESTART|SA_SIGINFO
SIGFPE: [libjvm.so+0xf89f40], sa_mask[0]=11111111011111111101111111111110, sa_flags=SA_RESTART|SA_SIGINFO
SIGPIPE: [libjvm.so+0xc3ac60], sa_mask[0]=11111111011111111101111111111110, sa_flags=SA_RESTART|SA_SIGINFO
SIGXFSZ: [libjvm.so+0xc3ac60], sa_mask[0]=11111111011111111101111111111110, sa_flags=SA_RESTART|SA_SIGINFO
SIGILL: [libjvm.so+0xf89f40], sa_mask[0]=11111111011111111101111111111110, sa_flags=SA_RESTART|SA_SIGINFO
SIGUSR2: [libjvm.so+0xc3ab00], sa_mask[0]=00100000000000000000000000000000, sa_flags=SA_RESTART|SA_SIGINFO
SIGHUP: [libjvm.so+0xc3b240], sa_mask[0]=11111111011111111101111111111110, sa_flags=SA_RESTART|SA_SIGINFO
SIGINT: [libjvm.so+0xc3b240], sa_mask[0]=11111111011111111101111111111110, sa_flags=SA_RESTART|SA_SIGINFO
SIGTERM: [libjvm.so+0xc3b240], sa_mask[0]=11111111011111111101111111111110, sa_flags=SA_RESTART|SA_SIGINFO
SIGQUIT: [libjvm.so+0xc3b240], sa_mask[0]=11111111011111111101111111111110, sa_flags=SA_RESTART|SA_SIGINFO


---------------  S Y S T E M  ---------------

OS:DISTRIB_ID=Ubuntu
DISTRIB_RELEASE=20.04
DISTRIB_CODENAME=focal
DISTRIB_DESCRIPTION="Ubuntu 20.04.2 LTS"
uname:Linux 5.8.0-48-generic #54~20.04.1-Ubuntu SMP Sat Mar 20 13:40:25 UTC 2021 x86_64
OS uptime: 0 days 0:56 hours
libc:glibc 2.31 NPTL 2.31 
rlimit (soft/hard): STACK 8192k/infinity , CORE 0k/infinity , NPROC 63182/63182 , NOFILE 1048576/1048576 , AS infinity/infinity , CPU infinity/infinity , DATA infinity/infinity , FSIZE infinity/infinity , MEMLOCK 65536k/65536k
load average:0,94 1,01 0,97

/proc/meminfo:
MemTotal:       16233848 kB
MemFree:         9908588 kB
MemAvailable:   11733088 kB
Buffers:          104224 kB
Cached:          2062204 kB
SwapCached:            0 kB
Active:          4349980 kB
Inactive:        1341704 kB
Active(anon):    3535432 kB
Inactive(anon):   147244 kB
Active(file):     814548 kB
Inactive(file):  1194460 kB
Unevictable:        9084 kB
Mlocked:             112 kB
SwapTotal:       2097148 kB
SwapFree:        2097148 kB
Dirty:               132 kB
Writeback:             0 kB
AnonPages:       3534388 kB
Mapped:           894600 kB
Shmem:            159108 kB
KReclaimable:     146168 kB
Slab:             374264 kB
SReclaimable:     146168 kB
SUnreclaim:       228096 kB
KernelStack:       24684 kB
PageTables:        36452 kB
NFS_Unstable:          0 kB
Bounce:                0 kB
WritebackTmp:          0 kB
CommitLimit:    10214072 kB
Committed_AS:   13295204 kB
VmallocTotal:   34359738367 kB
VmallocUsed:       88884 kB
VmallocChunk:          0 kB
Percpu:            14272 kB
HardwareCorrupted:     0 kB
AnonHugePages:         0 kB
ShmemHugePages:        0 kB
ShmemPmdMapped:        0 kB
FileHugePages:         0 kB
FilePmdMapped:         0 kB
HugePages_Total:       0
HugePages_Free:        0
HugePages_Rsvd:        0
HugePages_Surp:        0
Hugepagesize:       2048 kB
Hugetlb:               0 kB
DirectMap4k:      531460 kB
DirectMap2M:     8744960 kB
DirectMap1G:     7340032 kB

/sys/kernel/mm/transparent_hugepage/enabled:
always [madvise] never

/sys/kernel/mm/transparent_hugepage/defrag (defrag/compaction efforts parameter):
always defer defer+madvise [madvise] never


/proc/sys/kernel/threads-max (system-wide limit on the number of threads):
126364


/proc/sys/vm/max_map_count (maximum number of memory map areas a process may have):
65530


/proc/sys/kernel/pid_max (system-wide limit on number of process identifiers):
4194304



container (cgroup) information:
container_type: cgroupv1
cpu_cpuset_cpus: 0-11
cpu_memory_nodes: 0
active_processor_count: 12
cpu_quota: no quota
cpu_period: 100000
cpu_shares: no shares
memory_limit_in_bytes: unlimited
memory_and_swap_limit_in_bytes: unlimited
memory_soft_limit_in_bytes: unlimited
memory_usage_in_bytes: 4242051072
memory_max_usage_in_bytes: 4325965824

Steal ticks since vm start: 0
Steal ticks percentage since vm start:  0,000

CPU:total 12 (initial active 12) (6 cores per cpu, 2 threads per core) family 6 model 158 stepping 13, cmov, cx8, fxsr, mmx, sse, sse2, sse3, ssse3, sse4.1, sse4.2, popcnt, avx, avx2, aes, clmul, erms, 3dnowpref, lzcnt, ht, tsc, tscinvbit, bmi1, bmi2, adx, fma
CPU Model and flags from /proc/cpuinfo:
model name	: Intel(R) Core(TM) i7-9750H CPU @ 2.60GHz
flags		: fpu vme de pse tsc msr pae mce cx8 apic sep mtrr pge mca cmov pat pse36 clflush dts acpi mmx fxsr sse sse2 ss ht tm pbe syscall nx pdpe1gb rdtscp lm constant_tsc art arch_perfmon pebs bts rep_good nopl xtopology nonstop_tsc cpuid aperfmperf pni pclmulqdq dtes64 monitor ds_cpl vmx est tm2 ssse3 sdbg fma cx16 xtpr pdcm pcid sse4_1 sse4_2 x2apic movbe popcnt tsc_deadline_timer aes xsave avx f16c rdrand lahf_lm abm 3dnowprefetch cpuid_fault epb invpcid_single ssbd ibrs ibpb stibp ibrs_enhanced tpr_shadow vnmi flexpriority ept vpid ept_ad fsgsbase tsc_adjust bmi1 avx2 smep bmi2 erms invpcid mpx rdseed adx smap clflushopt intel_pt xsaveopt xsavec xgetbv1 xsaves dtherm ida arat pln pts hwp hwp_notify hwp_act_window hwp_epp md_clear flush_l1d arch_capabilities

Memory: 4k page, physical 16233848k(9908588k free), swap 2097148k(2097148k free)

vm_info: OpenJDK 64-Bit Server VM (13.0.4+8-Ubuntu-120.04) for linux-amd64 JRE (13.0.4+8-Ubuntu-120.04), built on Jul 21 2020 11:36:52 by "unknown" with gcc 9.3.0

END.
